Using pre-set license
Built from '2020.2/release' branch; Version is '2020.2.1f1 (270dd8c3da1c) revision 2559448'; Using compiler version '192528614'; Build Type 'Release'
OS: 'Windows 7  (6.1.0) 64bit' Language: 'ru' Physical Memory: 6143 MB
BatchMode: 1, IsHumanControllingUs: 0, StartBugReporterOnCrash: 0, Is64bit: 1, IsPro: 0

 COMMAND LINE ARGUMENTS:
D:\unity\2020.2.1f1\Editor\Unity.exe
-adb2
-batchMode
-noUpm
-name
AssetImportWorker0
-projectPath
D:/Unity/a/games/Game1/AssAdventure
-logFile
Logs/AssetImportWorker0.log
-srvPort
61987
Successfully changed project path to: D:/Unity/a/games/Game1/AssAdventure
D:/Unity/a/games/Game1/AssAdventure
Using Asset Import Pipeline V2.
Refreshing native plugins compatible for Editor in 114.62 ms, found 0 plugins.
Preloading 0 native plugins for Editor in 0.00 ms.
Initialize engine version: 2020.2.1f1 (270dd8c3da1c)
[Subsystems] Discovering subsystems at path D:/unity/2020.2.1f1/Editor/Data/Resources/UnitySubsystems
[Subsystems] Discovering subsystems at path D:/Unity/a/games/Game1/AssAdventure/Assets
GfxDevice: creating device client; threaded=0
d3d11: CreateDXGIFactory2(...) not found, fallbacking to CreateDXGIFactory1(...).
d3d11: QueryInterface(IDXGIFactory5) failed (80004002).
Direct3D:
    Version:  Direct3D 11.0 [level 11.0]
    Renderer: NVIDIA GeForce GTX 550 Ti (ID=0x1244)
    Vendor:   
    VRAM:     969 MB
    Driver:   23.21.13.9135
Initialize mono
Mono path[0] = 'D:/unity/2020.2.1f1/Editor/Data/Managed'
Mono path[1] = 'D:/unity/2020.2.1f1/Editor/Data/MonoBleedingEdge/lib/mono/unityjit'
Mono config path = 'D:/unity/2020.2.1f1/Editor/Data/MonoBleedingEdge/etc'
Using monoOptions --debugger-agent=transport=dt_socket,embedding=1,server=y,suspend=n,address=127.0.0.1:56804
Begin MonoManager ReloadAssembly
Registering precompiled unity dll's ...
Register platform support module: D:/unity/2020.2.1f1/Editor/Data/PlaybackEngines/WindowsStandaloneSupport/UnityEditor.WindowsStandalone.Extensions.dll
Registered in 0.001386 seconds.
Native extension for WindowsStandalone target not found
Refreshing native plugins compatible for Editor in 61.62 ms, found 0 plugins.
Preloading 0 native plugins for Editor in 0.00 ms.
Invoked RoslynAnalysisRunner static constructor.
RoslynAnalysisRunner will not be running.
RoslynAnalysisRunner has terminated.
Mono: successfully reloaded assembly
- Completed reload, in  4.802 seconds
Platform modules already initialized, skipping
Registering precompiled user dll's ...
Registered in 0.001300 seconds.
Begin MonoManager ReloadAssembly
Native extension for WindowsStandalone target not found
Refreshing native plugins compatible for Editor in 0.52 ms, found 0 plugins.
Preloading 0 native plugins for Editor in 0.00 ms.
Invoked RoslynAnalysisRunner static constructor.
RoslynAnalysisRunner will not be running.
RoslynAnalysisRunner has terminated.
Mono: successfully reloaded assembly
- Completed reload, in  3.084 seconds
Platform modules already initialized, skipping
========================================================================
Worker process is ready to serve import requests
Launched and connected shader compiler UnityShaderCompiler.exe after 0.06 seconds
Refreshing native plugins compatible for Editor in 0.52 ms, found 0 plugins.
Preloading 0 native plugins for Editor in 0.00 ms.
Unloading 1104 Unused Serialized files (Serialized files now loaded: 0)
System memory in use before: 57.7 MB.
System memory in use after: 57.7 MB.

Unloading 10 unused Assets to reduce memory usage. Loaded Objects now: 1547.
Total: 6.167334 ms (FindLiveObjects: 0.434133 ms CreateObjectMapping: 0.138356 ms MarkObjects: 5.137245 ms  DeleteObjects: 0.446845 ms)

========================================================================
Received Import Request.
  path: Assets/Characters/ybot.fbx
  artifactKey: Guid(1ab3322cc2f3c6847959edf898aa8b5f) Importer(815301076,1909f56bfc062723c751e8b465ee728b)
Start importing Assets/Characters/ybot.fbx using Guid(1ab3322cc2f3c6847959edf898aa8b5f) Importer(815301076,1909f56bfc062723c751e8b465ee728b)  -> (artifact id: 'ccaf4a101f315aa06b4a5ee184bf1156') in 0.793678 seconds
  Import took 0.799592 seconds .

========================================================================
Received Import Request.
  Time since last request: 32.669043 seconds.
  path: Assets/Characters/ybot.fbx
  artifactKey: Guid(1ab3322cc2f3c6847959edf898aa8b5f) Importer(815301076,1909f56bfc062723c751e8b465ee728b)
Start importing Assets/Characters/ybot.fbx using Guid(1ab3322cc2f3c6847959edf898aa8b5f) Importer(815301076,1909f56bfc062723c751e8b465ee728b)  -> (artifact id: '048eab865266b2a639d54a24135ab7a7') in 0.423166 seconds
  Import took 0.429256 seconds .

========================================================================
Received Import Request.
  Time since last request: 14.593027 seconds.
  path: Assets/Animations/walking.fbx
  artifactKey: Guid(9e3adc46cba7b374fa126e858938d145) Importer(815301076,1909f56bfc062723c751e8b465ee728b)
Start importing Assets/Animations/walking.fbx using Guid(9e3adc46cba7b374fa126e858938d145) Importer(815301076,1909f56bfc062723c751e8b465ee728b)  -> (artifact id: 'd589a98194668584a6ad226947cb9705') in 0.085891 seconds
  Import took 0.114399 seconds .

========================================================================
Received Prepare
Registering precompiled user dll's ...
Registered in 0.007504 seconds.
Begin MonoManager ReloadAssembly
Native extension for WindowsStandalone target not found
Refreshing native plugins compatible for Editor in 0.56 ms, found 0 plugins.
Preloading 0 native plugins for Editor in 0.00 ms.
Invoked RoslynAnalysisRunner static constructor.
RoslynAnalysisRunner will not be running.
RoslynAnalysisRunner has terminated.
Mono: successfully reloaded assembly
- Completed reload, in  7.872 seconds
Platform modules already initialized, skipping
Refreshing native plugins compatible for Editor in 1.02 ms, found 0 plugins.
Preloading 0 native plugins for Editor in 0.00 ms.
Unloading 1099 Unused Serialized files (Serialized files now loaded: 0)
System memory in use before: 72.4 MB.
System memory in use after: 72.4 MB.

Unloading 5 unused Assets to reduce memory usage. Loaded Objects now: 1593.
Total: 60.314230 ms (FindLiveObjects: 0.567111 ms CreateObjectMapping: 0.149600 ms MarkObjects: 59.435208 ms  DeleteObjects: 0.151556 ms)

========================================================================
Received Import Request.
  Time since last request: 301.564809 seconds.
  path: Assets/prefabs/Player.prefab
  artifactKey: Guid(2e8a632227e5aad42b7df40f55bb9e56) Importer(815301076,1909f56bfc062723c751e8b465ee728b)
Start importing Assets/prefabs/Player.prefab using Guid(2e8a632227e5aad42b7df40f55bb9e56) Importer(815301076,1909f56bfc062723c751e8b465ee728b)  -> (artifact id: 'eba866e206e82b10b81d7276178f12aa') in 0.359675 seconds
  Import took 0.368222 seconds .

========================================================================
Received Prepare
Registering precompiled user dll's ...
Registered in 0.001016 seconds.
Begin MonoManager ReloadAssembly
Native extension for WindowsStandalone target not found
Refreshing native plugins compatible for Editor in 0.63 ms, found 0 plugins.
Preloading 0 native plugins for Editor in 0.00 ms.
Invoked RoslynAnalysisRunner static constructor.
RoslynAnalysisRunner will not be running.
RoslynAnalysisRunner has terminated.
Mono: successfully reloaded assembly
- Completed reload, in  4.404 seconds
Platform modules already initialized, skipping
Refreshing native plugins compatible for Editor in 0.52 ms, found 0 plugins.
Preloading 0 native plugins for Editor in 0.00 ms.
Unloading 1099 Unused Serialized files (Serialized files now loaded: 0)
System memory in use before: 72.7 MB.
System memory in use after: 72.7 MB.

Unloading 5 unused Assets to reduce memory usage. Loaded Objects now: 1596.
Total: 7.349468 ms (FindLiveObjects: 0.462978 ms CreateObjectMapping: 0.236622 ms MarkObjects: 6.178579 ms  DeleteObjects: 0.134933 ms)

========================================================================
Received Import Request.
  Time since last request: 27.299043 seconds.
  path: Assets/prefabs/Player.prefab
  artifactKey: Guid(2e8a632227e5aad42b7df40f55bb9e56) Importer(815301076,1909f56bfc062723c751e8b465ee728b)
Start importing Assets/prefabs/Player.prefab using Guid(2e8a632227e5aad42b7df40f55bb9e56) Importer(815301076,1909f56bfc062723c751e8b465ee728b)  -> (artifact id: 'e35d6fe8c2fe6a869fc8c6310b73e8b8') in 0.266683 seconds
  Import took 0.271676 seconds .

========================================================================
Received Import Request.
  Time since last request: 2.553462 seconds.
  path: Assets/prefabs/Player.prefab
  artifactKey: Guid(2e8a632227e5aad42b7df40f55bb9e56) Importer(815301076,1909f56bfc062723c751e8b465ee728b)
Start importing Assets/prefabs/Player.prefab using Guid(2e8a632227e5aad42b7df40f55bb9e56) Importer(815301076,1909f56bfc062723c751e8b465ee728b)  -> (artifact id: 'e35d6fe8c2fe6a869fc8c6310b73e8b8') in 0.054335 seconds
  Import took 0.061153 seconds .

========================================================================
Received Prepare
Registering precompiled user dll's ...
Registered in 0.002175 seconds.
Begin MonoManager ReloadAssembly
Native extension for WindowsStandalone target not found
Refreshing native plugins compatible for Editor in 0.54 ms, found 0 plugins.
Preloading 0 native plugins for Editor in 0.00 ms.
Invoked RoslynAnalysisRunner static constructor.
RoslynAnalysisRunner will not be running.
RoslynAnalysisRunner has terminated.
Mono: successfully reloaded assembly
- Completed reload, in  4.272 seconds
Platform modules already initialized, skipping
Refreshing native plugins compatible for Editor in 0.66 ms, found 0 plugins.
Preloading 0 native plugins for Editor in 0.00 ms.
Unloading 1099 Unused Serialized files (Serialized files now loaded: 0)
System memory in use before: 72.9 MB.
System memory in use after: 73.0 MB.

Unloading 5 unused Assets to reduce memory usage. Loaded Objects now: 1599.
Total: 4.839023 ms (FindLiveObjects: 0.494267 ms CreateObjectMapping: 0.140800 ms MarkObjects: 4.055334 ms  DeleteObjects: 0.138844 ms)

