Using pre-set license
Built from '2020.2/release' branch; Version is '2020.2.1f1 (270dd8c3da1c) revision 2559448'; Using compiler version '192528614'; Build Type 'Release'
OS: 'Windows 10  (10.0.0) 64bit' Language: 'ru' Physical Memory: 6081 MB
BatchMode: 1, IsHumanControllingUs: 0, StartBugReporterOnCrash: 0, Is64bit: 1, IsPro: 0

 COMMAND LINE ARGUMENTS:
D:\UnityGameEngine\2020.2.1f1\Editor\Unity.exe
-adb2
-batchMode
-noUpm
-name
AssetImportWorker0
-projectPath
D:/UnityProject/AssAdventure
-logFile
Logs/AssetImportWorker0.log
-srvPort
49755
Successfully changed project path to: D:/UnityProject/AssAdventure
D:/UnityProject/AssAdventure
Using Asset Import Pipeline V2.
Refreshing native plugins compatible for Editor in 43.61 ms, found 0 plugins.
Preloading 0 native plugins for Editor in 0.00 ms.
Initialize engine version: 2020.2.1f1 (270dd8c3da1c)
[Subsystems] Discovering subsystems at path D:/UnityGameEngine/2020.2.1f1/Editor/Data/Resources/UnitySubsystems
[Subsystems] Discovering subsystems at path D:/UnityProject/AssAdventure/Assets
GfxDevice: creating device client; threaded=0
Direct3D:
    Version:  Direct3D 11.0 [level 11.1]
    Renderer: AMD Radeon(TM) Vega 3 Graphics (ID=0x15d8)
    Vendor:   
    VRAM:     3040 MB
    Driver:   27.20.14501.28009
Initialize mono
Mono path[0] = 'D:/UnityGameEngine/2020.2.1f1/Editor/Data/Managed'
Mono path[1] = 'D:/UnityGameEngine/2020.2.1f1/Editor/Data/MonoBleedingEdge/lib/mono/unityjit'
Mono config path = 'D:/UnityGameEngine/2020.2.1f1/Editor/Data/MonoBleedingEdge/etc'
Using monoOptions --debugger-agent=transport=dt_socket,embedding=1,server=y,suspend=n,address=127.0.0.1:56460
Begin MonoManager ReloadAssembly
Registering precompiled unity dll's ...
Register platform support module: D:/UnityGameEngine/2020.2.1f1/Editor/Data/PlaybackEngines/WindowsStandaloneSupport/UnityEditor.WindowsStandalone.Extensions.dll
Registered in 0.001230 seconds.
Native extension for WindowsStandalone target not found
Refreshing native plugins compatible for Editor in 30.78 ms, found 0 plugins.
Preloading 0 native plugins for Editor in 0.00 ms.
Invoked RoslynAnalysisRunner static constructor.
RoslynAnalysisRunner will not be running.
RoslynAnalysisRunner has terminated.
Mono: successfully reloaded assembly
- Completed reload, in  1.278 seconds
Platform modules already initialized, skipping
Registering precompiled user dll's ...
Registered in 0.000747 seconds.
Begin MonoManager ReloadAssembly
Native extension for WindowsStandalone target not found
Refreshing native plugins compatible for Editor in 0.25 ms, found 0 plugins.
Preloading 0 native plugins for Editor in 0.00 ms.
Invoked RoslynAnalysisRunner static constructor.
RoslynAnalysisRunner will not be running.
RoslynAnalysisRunner has terminated.
Mono: successfully reloaded assembly
- Completed reload, in  1.167 seconds
Platform modules already initialized, skipping
========================================================================
Worker process is ready to serve import requests
Launched and connected shader compiler UnityShaderCompiler.exe after 0.05 seconds
Refreshing native plugins compatible for Editor in 0.36 ms, found 0 plugins.
Preloading 0 native plugins for Editor in 0.00 ms.
Unloading 1104 Unused Serialized files (Serialized files now loaded: 0)
System memory in use before: 57.3 MB.
System memory in use after: 57.4 MB.

Unloading 10 unused Assets to reduce memory usage. Loaded Objects now: 1547.
Total: 82.495200 ms (FindLiveObjects: 0.314100 ms CreateObjectMapping: 0.054200 ms MarkObjects: 81.304600 ms  DeleteObjects: 0.819400 ms)

========================================================================
Received Import Request.
  path: Assets/scripts/UI/UIcontroller.cs
  artifactKey: Guid(7b444f047b8d9a24486a1c912203b3df) Importer(815301076,1909f56bfc062723c751e8b465ee728b)
Start importing Assets/scripts/UI/UIcontroller.cs using Guid(7b444f047b8d9a24486a1c912203b3df) Importer(815301076,1909f56bfc062723c751e8b465ee728b)  -> (artifact id: 'aa70b4c796a43aedb6f092f36859b853') in 0.066696 seconds
  Import took 0.070147 seconds .

========================================================================
Received Import Request.
  Time since last request: 562.554395 seconds.
  path: Assets/scripts/UI/UIcontroller.cs
  artifactKey: Guid(7b444f047b8d9a24486a1c912203b3df) Importer(815301076,1909f56bfc062723c751e8b465ee728b)
Start importing Assets/scripts/UI/UIcontroller.cs using Guid(7b444f047b8d9a24486a1c912203b3df) Importer(815301076,1909f56bfc062723c751e8b465ee728b)  -> (artifact id: '43b9b8c2f804f0137dae66173444e6d6') in 0.011470 seconds
  Import took 0.014279 seconds .

========================================================================
Received Import Request.
  Time since last request: 0.789889 seconds.
  path: Assets/scripts/UI/UIcontroller.cs
  artifactKey: Guid(7b444f047b8d9a24486a1c912203b3df) Importer(815301076,1909f56bfc062723c751e8b465ee728b)
Start importing Assets/scripts/UI/UIcontroller.cs using Guid(7b444f047b8d9a24486a1c912203b3df) Importer(815301076,1909f56bfc062723c751e8b465ee728b)  -> (artifact id: '43b9b8c2f804f0137dae66173444e6d6') in 0.009593 seconds
  Import took 0.017395 seconds .

========================================================================
Received Import Request.
  Time since last request: 5.650013 seconds.
  path: Assets/scripts/UI/UIcontroller.cs
  artifactKey: Guid(7b444f047b8d9a24486a1c912203b3df) Importer(815301076,1909f56bfc062723c751e8b465ee728b)
Start importing Assets/scripts/UI/UIcontroller.cs using Guid(7b444f047b8d9a24486a1c912203b3df) Importer(815301076,1909f56bfc062723c751e8b465ee728b)  -> (artifact id: '6a6031e180b0953bbdfdf70eaa035cf8') in 0.011760 seconds
  Import took 0.014880 seconds .

========================================================================
Received Prepare
Registering precompiled user dll's ...
Registered in 0.000859 seconds.
Begin MonoManager ReloadAssembly
Native extension for WindowsStandalone target not found
Refreshing native plugins compatible for Editor in 0.28 ms, found 0 plugins.
Preloading 0 native plugins for Editor in 0.00 ms.
Invoked RoslynAnalysisRunner static constructor.
RoslynAnalysisRunner will not be running.
RoslynAnalysisRunner has terminated.
Mono: successfully reloaded assembly
- Completed reload, in  1.240 seconds
Platform modules already initialized, skipping
Refreshing native plugins compatible for Editor in 0.80 ms, found 0 plugins.
Preloading 0 native plugins for Editor in 0.00 ms.
Unloading 1099 Unused Serialized files (Serialized files now loaded: 0)
System memory in use before: 57.4 MB.
System memory in use after: 57.4 MB.

Unloading 5 unused Assets to reduce memory usage. Loaded Objects now: 1549.
Total: 5.431000 ms (FindLiveObjects: 0.380900 ms CreateObjectMapping: 0.073700 ms MarkObjects: 4.877700 ms  DeleteObjects: 0.096600 ms)

========================================================================
Received Prepare
Registering precompiled user dll's ...
Registered in 0.000876 seconds.
Begin MonoManager ReloadAssembly
Native extension for WindowsStandalone target not found
Refreshing native plugins compatible for Editor in 0.61 ms, found 0 plugins.
Preloading 0 native plugins for Editor in 0.00 ms.
Invoked RoslynAnalysisRunner static constructor.
RoslynAnalysisRunner will not be running.
RoslynAnalysisRunner has terminated.
Mono: successfully reloaded assembly
- Completed reload, in  1.128 seconds
Platform modules already initialized, skipping
Refreshing native plugins compatible for Editor in 0.52 ms, found 0 plugins.
Preloading 0 native plugins for Editor in 0.00 ms.
Unloading 1099 Unused Serialized files (Serialized files now loaded: 0)
System memory in use before: 57.6 MB.
System memory in use after: 57.7 MB.

Unloading 5 unused Assets to reduce memory usage. Loaded Objects now: 1551.
Total: 3.837500 ms (FindLiveObjects: 0.596600 ms CreateObjectMapping: 0.080600 ms MarkObjects: 2.995600 ms  DeleteObjects: 0.160800 ms)

========================================================================
Received Import Request.
  Time since last request: 52.162740 seconds.
  path: Assets/scripts/UI/UIcontroller.cs
  artifactKey: Guid(7b444f047b8d9a24486a1c912203b3df) Importer(815301076,1909f56bfc062723c751e8b465ee728b)
Start importing Assets/scripts/UI/UIcontroller.cs using Guid(7b444f047b8d9a24486a1c912203b3df) Importer(815301076,1909f56bfc062723c751e8b465ee728b)  -> (artifact id: 'c99dade625da510428ed0635faa5eb5e') in 0.017249 seconds
  Import took 0.021626 seconds .

========================================================================
Received Prepare
Registering precompiled user dll's ...
Registered in 0.000740 seconds.
Begin MonoManager ReloadAssembly
Native extension for WindowsStandalone target not found
Refreshing native plugins compatible for Editor in 0.32 ms, found 0 plugins.
Preloading 0 native plugins for Editor in 0.00 ms.
Invoked RoslynAnalysisRunner static constructor.
RoslynAnalysisRunner will not be running.
RoslynAnalysisRunner has terminated.
Mono: successfully reloaded assembly
- Completed reload, in  1.054 seconds
Platform modules already initialized, skipping
Refreshing native plugins compatible for Editor in 0.40 ms, found 0 plugins.
Preloading 0 native plugins for Editor in 0.00 ms.
Unloading 1099 Unused Serialized files (Serialized files now loaded: 0)
System memory in use before: 57.8 MB.
System memory in use after: 57.9 MB.

Unloading 5 unused Assets to reduce memory usage. Loaded Objects now: 1553.
Total: 3.090500 ms (FindLiveObjects: 0.283700 ms CreateObjectMapping: 0.051300 ms MarkObjects: 2.665300 ms  DeleteObjects: 0.087900 ms)

========================================================================
Received Import Request.
  Time since last request: 35.757632 seconds.
  path: Assets/scripts/UI/UIcontroller.cs
  artifactKey: Guid(7b444f047b8d9a24486a1c912203b3df) Importer(815301076,1909f56bfc062723c751e8b465ee728b)
Start importing Assets/scripts/UI/UIcontroller.cs using Guid(7b444f047b8d9a24486a1c912203b3df) Importer(815301076,1909f56bfc062723c751e8b465ee728b)  -> (artifact id: 'd5db42579ff5d45125ba0d3937bb6f9e') in 0.007048 seconds
  Import took 0.010271 seconds .

========================================================================
Received Import Request.
  Time since last request: 1.828015 seconds.
  path: Assets/scripts/UI/UIcontroller.cs
  artifactKey: Guid(7b444f047b8d9a24486a1c912203b3df) Importer(815301076,1909f56bfc062723c751e8b465ee728b)
Start importing Assets/scripts/UI/UIcontroller.cs using Guid(7b444f047b8d9a24486a1c912203b3df) Importer(815301076,1909f56bfc062723c751e8b465ee728b)  -> (artifact id: 'd5db42579ff5d45125ba0d3937bb6f9e') in 0.005385 seconds
  Import took 0.008541 seconds .

========================================================================
Received Prepare
Registering precompiled user dll's ...
Registered in 0.000882 seconds.
Begin MonoManager ReloadAssembly
Native extension for WindowsStandalone target not found
Refreshing native plugins compatible for Editor in 0.27 ms, found 0 plugins.
Preloading 0 native plugins for Editor in 0.00 ms.
Invoked RoslynAnalysisRunner static constructor.
RoslynAnalysisRunner will not be running.
RoslynAnalysisRunner has terminated.
Mono: successfully reloaded assembly
- Completed reload, in  0.946 seconds
Platform modules already initialized, skipping
Refreshing native plugins compatible for Editor in 0.24 ms, found 0 plugins.
Preloading 0 native plugins for Editor in 0.00 ms.
Unloading 1099 Unused Serialized files (Serialized files now loaded: 0)
System memory in use before: 58.0 MB.
System memory in use after: 58.1 MB.

Unloading 5 unused Assets to reduce memory usage. Loaded Objects now: 1555.
Total: 2.566400 ms (FindLiveObjects: 0.180200 ms CreateObjectMapping: 0.037800 ms MarkObjects: 2.265100 ms  DeleteObjects: 0.082000 ms)

========================================================================
Received Prepare
Registering precompiled user dll's ...
Registered in 0.000745 seconds.
Begin MonoManager ReloadAssembly
Native extension for WindowsStandalone target not found
Refreshing native plugins compatible for Editor in 0.25 ms, found 0 plugins.
Preloading 0 native plugins for Editor in 0.00 ms.
Invoked RoslynAnalysisRunner static constructor.
RoslynAnalysisRunner will not be running.
RoslynAnalysisRunner has terminated.
Mono: successfully reloaded assembly
- Completed reload, in  1.069 seconds
Platform modules already initialized, skipping
Refreshing native plugins compatible for Editor in 0.24 ms, found 0 plugins.
Preloading 0 native plugins for Editor in 0.00 ms.
Unloading 1099 Unused Serialized files (Serialized files now loaded: 0)
System memory in use before: 58.3 MB.
System memory in use after: 58.4 MB.

Unloading 5 unused Assets to reduce memory usage. Loaded Objects now: 1557.
Total: 2.895500 ms (FindLiveObjects: 0.461000 ms CreateObjectMapping: 0.054600 ms MarkObjects: 2.296400 ms  DeleteObjects: 0.081300 ms)

========================================================================
Received Prepare
Registering precompiled user dll's ...
Registered in 0.000757 seconds.
Begin MonoManager ReloadAssembly
Native extension for WindowsStandalone target not found
Refreshing native plugins compatible for Editor in 0.29 ms, found 0 plugins.
Preloading 0 native plugins for Editor in 0.00 ms.
Invoked RoslynAnalysisRunner static constructor.
RoslynAnalysisRunner will not be running.
RoslynAnalysisRunner has terminated.
Mono: successfully reloaded assembly
- Completed reload, in  1.036 seconds
Platform modules already initialized, skipping
Refreshing native plugins compatible for Editor in 0.24 ms, found 0 plugins.
Preloading 0 native plugins for Editor in 0.00 ms.
Unloading 1099 Unused Serialized files (Serialized files now loaded: 0)
System memory in use before: 58.5 MB.
System memory in use after: 58.6 MB.

Unloading 5 unused Assets to reduce memory usage. Loaded Objects now: 1559.
Total: 2.398700 ms (FindLiveObjects: 0.272700 ms CreateObjectMapping: 0.056500 ms MarkObjects: 1.987100 ms  DeleteObjects: 0.080800 ms)

========================================================================
Received Import Request.
  Time since last request: 494.232264 seconds.
  path: Assets/scripts/UI/UIitem.cs
  artifactKey: Guid(11dfbf28a4fd8ca4ca82c5b7cd12a2df) Importer(815301076,1909f56bfc062723c751e8b465ee728b)
Start importing Assets/scripts/UI/UIitem.cs using Guid(11dfbf28a4fd8ca4ca82c5b7cd12a2df) Importer(815301076,1909f56bfc062723c751e8b465ee728b)  -> (artifact id: '137498e37a3722db0719cec7ff4a7476') in 0.017603 seconds
  Import took 0.020959 seconds .

========================================================================
Received Prepare
Registering precompiled user dll's ...
Registered in 0.000875 seconds.
Begin MonoManager ReloadAssembly
Native extension for WindowsStandalone target not found
Refreshing native plugins compatible for Editor in 0.31 ms, found 0 plugins.
Preloading 0 native plugins for Editor in 0.00 ms.
Invoked RoslynAnalysisRunner static constructor.
RoslynAnalysisRunner will not be running.
RoslynAnalysisRunner has terminated.
Mono: successfully reloaded assembly
- Completed reload, in  1.031 seconds
Platform modules already initialized, skipping
Refreshing native plugins compatible for Editor in 0.30 ms, found 0 plugins.
Preloading 0 native plugins for Editor in 0.00 ms.
Unloading 1099 Unused Serialized files (Serialized files now loaded: 0)
System memory in use before: 58.7 MB.
System memory in use after: 58.8 MB.

Unloading 5 unused Assets to reduce memory usage. Loaded Objects now: 1561.
Total: 2.740500 ms (FindLiveObjects: 0.327000 ms CreateObjectMapping: 0.043600 ms MarkObjects: 2.280100 ms  DeleteObjects: 0.087800 ms)

========================================================================
Received Prepare
Registering precompiled user dll's ...
Registered in 0.000868 seconds.
Begin MonoManager ReloadAssembly
Native extension for WindowsStandalone target not found
Refreshing native plugins compatible for Editor in 0.28 ms, found 0 plugins.
Preloading 0 native plugins for Editor in 0.00 ms.
Invoked RoslynAnalysisRunner static constructor.
RoslynAnalysisRunner will not be running.
RoslynAnalysisRunner has terminated.
Mono: successfully reloaded assembly
- Completed reload, in  1.042 seconds
Platform modules already initialized, skipping
Refreshing native plugins compatible for Editor in 0.25 ms, found 0 plugins.
Preloading 0 native plugins for Editor in 0.00 ms.
Unloading 1099 Unused Serialized files (Serialized files now loaded: 0)
System memory in use before: 58.9 MB.
System memory in use after: 59.0 MB.

Unloading 5 unused Assets to reduce memory usage. Loaded Objects now: 1563.
Total: 3.263300 ms (FindLiveObjects: 0.314100 ms CreateObjectMapping: 0.071100 ms MarkObjects: 2.773100 ms  DeleteObjects: 0.102600 ms)

========================================================================
Received Import Request.
  Time since last request: 1126.497600 seconds.
  path: Assets/prefabs/UIitem.prefab
  artifactKey: Guid(5de0baa5b7f6fa144a03c9dba900d157) Importer(815301076,1909f56bfc062723c751e8b465ee728b)
Start importing Assets/prefabs/UIitem.prefab using Guid(5de0baa5b7f6fa144a03c9dba900d157) Importer(815301076,1909f56bfc062723c751e8b465ee728b)  -> (artifact id: 'a4456ee4d3cbdbbe19ca759cdc680fa5') in 0.050866 seconds
  Import took 0.058147 seconds .

