Using pre-set license
Built from '2020.2/release' branch; Version is '2020.2.1f1 (270dd8c3da1c) revision 2559448'; Using compiler version '192528614'; Build Type 'Release'
OS: 'Windows 7  (6.1.0) 64bit' Language: 'ru' Physical Memory: 6143 MB
BatchMode: 1, IsHumanControllingUs: 0, StartBugReporterOnCrash: 0, Is64bit: 1, IsPro: 0

 COMMAND LINE ARGUMENTS:
D:\unity\2020.2.1f1\Editor\Unity.exe
-adb2
-batchMode
-noUpm
-name
AssetImportWorker0
-projectPath
D:/Unity/a/games/DesertRun
-logFile
Logs/AssetImportWorker0.log
-srvPort
49178
Successfully changed project path to: D:/Unity/a/games/DesertRun
D:/Unity/a/games/DesertRun
Using Asset Import Pipeline V2.
Refreshing native plugins compatible for Editor in 104.08 ms, found 1 plugins.
Preloading 0 native plugins for Editor in 0.00 ms.
Initialize engine version: 2020.2.1f1 (270dd8c3da1c)
[Subsystems] Discovering subsystems at path D:/unity/2020.2.1f1/Editor/Data/Resources/UnitySubsystems
[Subsystems] Discovering subsystems at path D:/Unity/a/games/DesertRun/Assets
GfxDevice: creating device client; threaded=0
d3d11: CreateDXGIFactory2(...) not found, fallbacking to CreateDXGIFactory1(...).
d3d11: QueryInterface(IDXGIFactory5) failed (80004002).
Direct3D:
    Version:  Direct3D 11.0 [level 11.0]
    Renderer: NVIDIA GeForce GTX 550 Ti (ID=0x1244)
    Vendor:   
    VRAM:     969 MB
    Driver:   23.21.13.9135
Initialize mono
Mono path[0] = 'D:/unity/2020.2.1f1/Editor/Data/Managed'
Mono path[1] = 'D:/unity/2020.2.1f1/Editor/Data/MonoBleedingEdge/lib/mono/unityjit'
Mono config path = 'D:/unity/2020.2.1f1/Editor/Data/MonoBleedingEdge/etc'
Using monoOptions --debugger-agent=transport=dt_socket,embedding=1,server=y,suspend=n,address=127.0.0.1:56256
Begin MonoManager ReloadAssembly
Registering precompiled unity dll's ...
Register platform support module: D:/unity/2020.2.1f1/Editor/Data/PlaybackEngines/WindowsStandaloneSupport/UnityEditor.WindowsStandalone.Extensions.dll
Registered in 0.001613 seconds.
Native extension for WindowsStandalone target not found
Refreshing native plugins compatible for Editor in 99.04 ms, found 1 plugins.
Preloading 0 native plugins for Editor in 0.00 ms.
Invoked RoslynAnalysisRunner static constructor.
RoslynAnalysisRunner will not be running.
RoslynAnalysisRunner has terminated.
Mono: successfully reloaded assembly
- Completed reload, in  4.658 seconds
Platform modules already initialized, skipping
Registering precompiled user dll's ...
Registered in 0.001503 seconds.
Begin MonoManager ReloadAssembly
Native extension for WindowsStandalone target not found
Refreshing native plugins compatible for Editor in 98.63 ms, found 1 plugins.
Preloading 0 native plugins for Editor in 0.00 ms.
Invoked RoslynAnalysisRunner static constructor.
RoslynAnalysisRunner will not be running.
RoslynAnalysisRunner has terminated.
Mono: successfully reloaded assembly
- Completed reload, in  3.099 seconds
Platform modules already initialized, skipping
========================================================================
Worker process is ready to serve import requests
Launched and connected shader compiler UnityShaderCompiler.exe after 0.07 seconds
Refreshing native plugins compatible for Editor in 0.94 ms, found 1 plugins.
Preloading 0 native plugins for Editor in 0.00 ms.
Unloading 1791 Unused Serialized files (Serialized files now loaded: 0)
System memory in use before: 84.1 MB.
System memory in use after: 84.1 MB.

Unloading 24 unused Assets to reduce memory usage. Loaded Objects now: 2231.
Total: 7.480979 ms (FindLiveObjects: 0.650222 ms CreateObjectMapping: 0.280622 ms MarkObjects: 6.142401 ms  DeleteObjects: 0.396489 ms)

========================================================================
Received Import Request.
  path: Assets/Sprites/Desert.png
  artifactKey: Guid(9851c752a3bdc514aa85fe2ca3116780) Importer(815301076,1909f56bfc062723c751e8b465ee728b)
Start importing Assets/Sprites/Desert.png using Guid(9851c752a3bdc514aa85fe2ca3116780) Importer(815301076,1909f56bfc062723c751e8b465ee728b)  -> (artifact id: '079265a90389c35a4d516596464e2acd') in 0.327706 seconds
  Import took 0.335507 seconds .

========================================================================
Received Import Request.
  Time since last request: 1.452845 seconds.
  path: Assets/Sprites/Desert.png
  artifactKey: Guid(9851c752a3bdc514aa85fe2ca3116780) Importer(815301076,1909f56bfc062723c751e8b465ee728b)
Start importing Assets/Sprites/Desert.png using Guid(9851c752a3bdc514aa85fe2ca3116780) Importer(815301076,1909f56bfc062723c751e8b465ee728b)  -> (artifact id: '714f937d30236bf4e4cfec5610a5b063') in 0.052985 seconds
  Import took 0.059222 seconds .

========================================================================
Received Import Request.
  Time since last request: 0.004301 seconds.
  path: Assets/Sprites/Desert.png
  artifactKey: Guid(9851c752a3bdc514aa85fe2ca3116780) Importer(815301076,1909f56bfc062723c751e8b465ee728b)
Start importing Assets/Sprites/Desert.png using Guid(9851c752a3bdc514aa85fe2ca3116780) Importer(815301076,1909f56bfc062723c751e8b465ee728b)  -> (artifact id: '714f937d30236bf4e4cfec5610a5b063') in 0.036108 seconds
  Import took 0.044107 seconds .

========================================================================
Received Import Request.
  Time since last request: 11.945457 seconds.
  path: Assets/Resources/Floor.prefab
  artifactKey: Guid(5b7208381b7a9784d94cef0ebe46c560) Importer(815301076,1909f56bfc062723c751e8b465ee728b)
Start importing Assets/Resources/Floor.prefab using Guid(5b7208381b7a9784d94cef0ebe46c560) Importer(815301076,1909f56bfc062723c751e8b465ee728b)  -> (artifact id: '6c1ac8924e146dabe74d5f2133c573f0') in 0.117576 seconds
  Import took 0.125526 seconds .

========================================================================
Received Prepare
Registering precompiled user dll's ...
Registered in 0.001542 seconds.
Begin MonoManager ReloadAssembly
Native extension for WindowsStandalone target not found
Refreshing native plugins compatible for Editor in 0.88 ms, found 1 plugins.
Preloading 0 native plugins for Editor in 0.00 ms.
Invoked RoslynAnalysisRunner static constructor.
RoslynAnalysisRunner will not be running.
RoslynAnalysisRunner has terminated.
Mono: successfully reloaded assembly
- Completed reload, in  2.690 seconds
Platform modules already initialized, skipping
Refreshing native plugins compatible for Editor in 0.87 ms, found 1 plugins.
Preloading 0 native plugins for Editor in 0.00 ms.
Unloading 1788 Unused Serialized files (Serialized files now loaded: 0)
System memory in use before: 87.3 MB.
System memory in use after: 87.3 MB.

Unloading 12 unused Assets to reduce memory usage. Loaded Objects now: 2244.
Total: 6.268534 ms (FindLiveObjects: 0.685911 ms CreateObjectMapping: 0.274267 ms MarkObjects: 5.028712 ms  DeleteObjects: 0.268889 ms)

========================================================================
Received Prepare
Registering precompiled user dll's ...
Registered in 0.001669 seconds.
Begin MonoManager ReloadAssembly
Native extension for WindowsStandalone target not found
Refreshing native plugins compatible for Editor in 1.73 ms, found 1 plugins.
Preloading 0 native plugins for Editor in 0.00 ms.
Invoked RoslynAnalysisRunner static constructor.
RoslynAnalysisRunner will not be running.
RoslynAnalysisRunner has terminated.
Mono: successfully reloaded assembly
- Completed reload, in  2.928 seconds
Platform modules already initialized, skipping
Refreshing native plugins compatible for Editor in 0.93 ms, found 1 plugins.
Preloading 0 native plugins for Editor in 0.00 ms.
Unloading 1789 Unused Serialized files (Serialized files now loaded: 0)
System memory in use before: 87.4 MB.
System memory in use after: 87.4 MB.

Unloading 12 unused Assets to reduce memory usage. Loaded Objects now: 2247.
Total: 7.719068 ms (FindLiveObjects: 0.672711 ms CreateObjectMapping: 0.429244 ms MarkObjects: 6.346267 ms  DeleteObjects: 0.259111 ms)

========================================================================
Received Prepare
Registering precompiled user dll's ...
Registered in 0.001552 seconds.
Begin MonoManager ReloadAssembly
Native extension for WindowsStandalone target not found
Refreshing native plugins compatible for Editor in 0.99 ms, found 1 plugins.
Preloading 0 native plugins for Editor in 0.00 ms.
Invoked RoslynAnalysisRunner static constructor.
RoslynAnalysisRunner will not be running.
RoslynAnalysisRunner has terminated.
Mono: successfully reloaded assembly
- Completed reload, in  2.541 seconds
Platform modules already initialized, skipping
Refreshing native plugins compatible for Editor in 0.94 ms, found 1 plugins.
Preloading 0 native plugins for Editor in 0.00 ms.
Unloading 1789 Unused Serialized files (Serialized files now loaded: 0)
System memory in use before: 87.5 MB.
System memory in use after: 87.5 MB.

Unloading 12 unused Assets to reduce memory usage. Loaded Objects now: 2250.
Total: 12.374757 ms (FindLiveObjects: 0.673689 ms CreateObjectMapping: 0.320222 ms MarkObjects: 11.099735 ms  DeleteObjects: 0.269867 ms)

========================================================================
Received Import Request.
  Time since last request: 277.897835 seconds.
  path: Assets/Player/Player.prefab
  artifactKey: Guid(af4803b7a82958a4a81116f4f6b128c8) Importer(815301076,1909f56bfc062723c751e8b465ee728b)
Start importing Assets/Player/Player.prefab using Guid(af4803b7a82958a4a81116f4f6b128c8) Importer(815301076,1909f56bfc062723c751e8b465ee728b)  -> (artifact id: '0497086c0e500c155d28f7a940163bbf') in 0.179802 seconds
  Import took 0.187554 seconds .

========================================================================
Received Import Request.
  Time since last request: 9.947380 seconds.
  path: Assets/ObjectDirector.cs
  artifactKey: Guid(d4158ee9e62999244834f2e4761433d8) Importer(815301076,1909f56bfc062723c751e8b465ee728b)
Start importing Assets/ObjectDirector.cs using Guid(d4158ee9e62999244834f2e4761433d8) Importer(815301076,1909f56bfc062723c751e8b465ee728b)  -> (artifact id: 'bbc7ded9c9537576e472d055c7ddd643') in 0.017293 seconds
  Import took 0.024504 seconds .

========================================================================
Received Prepare
Registering precompiled user dll's ...
Registered in 0.001838 seconds.
Begin MonoManager ReloadAssembly
Native extension for WindowsStandalone target not found
Refreshing native plugins compatible for Editor in 1.03 ms, found 1 plugins.
Preloading 0 native plugins for Editor in 0.00 ms.
Invoked RoslynAnalysisRunner static constructor.
RoslynAnalysisRunner will not be running.
RoslynAnalysisRunner has terminated.
Mono: successfully reloaded assembly
- Completed reload, in  2.468 seconds
Platform modules already initialized, skipping
Refreshing native plugins compatible for Editor in 0.96 ms, found 1 plugins.
Preloading 0 native plugins for Editor in 0.00 ms.
Unloading 1789 Unused Serialized files (Serialized files now loaded: 0)
System memory in use before: 87.6 MB.
System memory in use after: 87.6 MB.

Unloading 12 unused Assets to reduce memory usage. Loaded Objects now: 2254.
Total: 6.798979 ms (FindLiveObjects: 0.695689 ms CreateObjectMapping: 0.248356 ms MarkObjects: 5.573334 ms  DeleteObjects: 0.270844 ms)

========================================================================
Received Prepare
Registering precompiled user dll's ...
Registered in 0.001605 seconds.
Begin MonoManager ReloadAssembly
Native extension for WindowsStandalone target not found
Refreshing native plugins compatible for Editor in 1.06 ms, found 1 plugins.
Preloading 0 native plugins for Editor in 0.00 ms.
Invoked RoslynAnalysisRunner static constructor.
RoslynAnalysisRunner will not be running.
RoslynAnalysisRunner has terminated.
Mono: successfully reloaded assembly
- Completed reload, in  2.656 seconds
Platform modules already initialized, skipping
Refreshing native plugins compatible for Editor in 0.99 ms, found 1 plugins.
Preloading 0 native plugins for Editor in 0.00 ms.
Unloading 1789 Unused Serialized files (Serialized files now loaded: 0)
System memory in use before: 87.7 MB.
System memory in use after: 87.7 MB.

Unloading 12 unused Assets to reduce memory usage. Loaded Objects now: 2257.
Total: 11.322668 ms (FindLiveObjects: 0.634089 ms CreateObjectMapping: 0.247378 ms MarkObjects: 10.172312 ms  DeleteObjects: 0.259600 ms)

========================================================================
Received Prepare
Registering precompiled user dll's ...
Registered in 0.001503 seconds.
Begin MonoManager ReloadAssembly
Native extension for WindowsStandalone target not found
Refreshing native plugins compatible for Editor in 0.88 ms, found 1 plugins.
Preloading 0 native plugins for Editor in 0.00 ms.
Invoked RoslynAnalysisRunner static constructor.
RoslynAnalysisRunner will not be running.
RoslynAnalysisRunner has terminated.
Mono: successfully reloaded assembly
- Completed reload, in  2.475 seconds
Platform modules already initialized, skipping
Refreshing native plugins compatible for Editor in 0.92 ms, found 1 plugins.
Preloading 0 native plugins for Editor in 0.00 ms.
Unloading 1789 Unused Serialized files (Serialized files now loaded: 0)
System memory in use before: 87.8 MB.
System memory in use after: 87.8 MB.

Unloading 12 unused Assets to reduce memory usage. Loaded Objects now: 2260.
Total: 11.905424 ms (FindLiveObjects: 0.651689 ms CreateObjectMapping: 0.244933 ms MarkObjects: 10.724757 ms  DeleteObjects: 0.274267 ms)

========================================================================
Received Import Request.
  Time since last request: 193.073453 seconds.
  path: Assets/ObjectDirector.cs
  artifactKey: Guid(d4158ee9e62999244834f2e4761433d8) Importer(815301076,1909f56bfc062723c751e8b465ee728b)
Start importing Assets/ObjectDirector.cs using Guid(d4158ee9e62999244834f2e4761433d8) Importer(815301076,1909f56bfc062723c751e8b465ee728b)  -> (artifact id: 'd5096626ac0961533265083b22ac74cb') in 0.012955 seconds
  Import took 0.021052 seconds .

========================================================================
Received Import Request.
  Time since last request: 1.518090 seconds.
  path: Assets/ObjectDirector.cs
  artifactKey: Guid(d4158ee9e62999244834f2e4761433d8) Importer(815301076,1909f56bfc062723c751e8b465ee728b)
Start importing Assets/ObjectDirector.cs using Guid(d4158ee9e62999244834f2e4761433d8) Importer(815301076,1909f56bfc062723c751e8b465ee728b)  -> (artifact id: 'd5096626ac0961533265083b22ac74cb') in 0.009978 seconds
  Import took 0.016451 seconds .

========================================================================
Received Prepare
Registering precompiled user dll's ...
Registered in 0.001654 seconds.
Begin MonoManager ReloadAssembly
Native extension for WindowsStandalone target not found
Refreshing native plugins compatible for Editor in 0.87 ms, found 1 plugins.
Preloading 0 native plugins for Editor in 0.00 ms.
Invoked RoslynAnalysisRunner static constructor.
RoslynAnalysisRunner will not be running.
RoslynAnalysisRunner has terminated.
Mono: successfully reloaded assembly
- Completed reload, in  4.192 seconds
Platform modules already initialized, skipping
Refreshing native plugins compatible for Editor in 1.05 ms, found 1 plugins.
Preloading 0 native plugins for Editor in 0.00 ms.
Unloading 1789 Unused Serialized files (Serialized files now loaded: 0)
System memory in use before: 87.9 MB.
System memory in use after: 87.9 MB.

Unloading 12 unused Assets to reduce memory usage. Loaded Objects now: 2263.
Total: 53.144185 ms (FindLiveObjects: 0.751422 ms CreateObjectMapping: 0.253244 ms MarkObjects: 51.774807 ms  DeleteObjects: 0.353956 ms)

========================================================================
Received Prepare
Registering precompiled user dll's ...
Registered in 0.001782 seconds.
Begin MonoManager ReloadAssembly
Native extension for WindowsStandalone target not found
Refreshing native plugins compatible for Editor in 1.00 ms, found 1 plugins.
Preloading 0 native plugins for Editor in 0.00 ms.
Invoked RoslynAnalysisRunner static constructor.
RoslynAnalysisRunner will not be running.
RoslynAnalysisRunner has terminated.
Mono: successfully reloaded assembly
- Completed reload, in  3.828 seconds
Platform modules already initialized, skipping
Refreshing native plugins compatible for Editor in 0.86 ms, found 1 plugins.
Preloading 0 native plugins for Editor in 0.00 ms.
Unloading 1789 Unused Serialized files (Serialized files now loaded: 0)
System memory in use before: 88.0 MB.
System memory in use after: 88.0 MB.

Unloading 12 unused Assets to reduce memory usage. Loaded Objects now: 2266.
Total: 17.621513 ms (FindLiveObjects: 1.321956 ms CreateObjectMapping: 0.290400 ms MarkObjects: 15.644935 ms  DeleteObjects: 0.353467 ms)

========================================================================
Received Prepare
Registering precompiled user dll's ...
Registered in 0.001720 seconds.
Begin MonoManager ReloadAssembly
Native extension for WindowsStandalone target not found
Refreshing native plugins compatible for Editor in 1.43 ms, found 1 plugins.
Preloading 0 native plugins for Editor in 0.00 ms.
Invoked RoslynAnalysisRunner static constructor.
RoslynAnalysisRunner will not be running.
RoslynAnalysisRunner has terminated.
Mono: successfully reloaded assembly
- Completed reload, in  2.714 seconds
Platform modules already initialized, skipping
Refreshing native plugins compatible for Editor in 0.85 ms, found 1 plugins.
Preloading 0 native plugins for Editor in 0.00 ms.
Unloading 1789 Unused Serialized files (Serialized files now loaded: 0)
System memory in use before: 88.2 MB.
System memory in use after: 88.2 MB.

Unloading 12 unused Assets to reduce memory usage. Loaded Objects now: 2269.
Total: 6.615156 ms (FindLiveObjects: 0.682000 ms CreateObjectMapping: 0.252267 ms MarkObjects: 5.432534 ms  DeleteObjects: 0.238089 ms)

========================================================================
Received Prepare
Registering precompiled user dll's ...
Registered in 0.001686 seconds.
Begin MonoManager ReloadAssembly
Native extension for WindowsStandalone target not found
Refreshing native plugins compatible for Editor in 0.95 ms, found 1 plugins.
Preloading 0 native plugins for Editor in 0.00 ms.
Invoked RoslynAnalysisRunner static constructor.
RoslynAnalysisRunner will not be running.
RoslynAnalysisRunner has terminated.
Mono: successfully reloaded assembly
- Completed reload, in  2.636 seconds
Platform modules already initialized, skipping
Refreshing native plugins compatible for Editor in 1.02 ms, found 1 plugins.
Preloading 0 native plugins for Editor in 0.00 ms.
Unloading 1789 Unused Serialized files (Serialized files now loaded: 0)
System memory in use before: 88.2 MB.
System memory in use after: 88.2 MB.

Unloading 12 unused Assets to reduce memory usage. Loaded Objects now: 2272.
Total: 6.504179 ms (FindLiveObjects: 0.688356 ms CreateObjectMapping: 0.482533 ms MarkObjects: 5.049734 ms  DeleteObjects: 0.273778 ms)

========================================================================
Received Prepare
Registering precompiled user dll's ...
Registered in 0.001931 seconds.
Begin MonoManager ReloadAssembly
Native extension for WindowsStandalone target not found
Refreshing native plugins compatible for Editor in 0.87 ms, found 1 plugins.
Preloading 0 native plugins for Editor in 0.00 ms.
Invoked RoslynAnalysisRunner static constructor.
RoslynAnalysisRunner will not be running.
RoslynAnalysisRunner has terminated.
Mono: successfully reloaded assembly
- Completed reload, in  2.727 seconds
Platform modules already initialized, skipping
Refreshing native plugins compatible for Editor in 1.29 ms, found 1 plugins.
Preloading 0 native plugins for Editor in 0.00 ms.
Unloading 1789 Unused Serialized files (Serialized files now loaded: 0)
System memory in use before: 88.3 MB.
System memory in use after: 88.3 MB.

Unloading 12 unused Assets to reduce memory usage. Loaded Objects now: 2275.
Total: 6.400045 ms (FindLiveObjects: 0.644845 ms CreateObjectMapping: 0.274267 ms MarkObjects: 5.201290 ms  DeleteObjects: 0.270356 ms)

========================================================================
Received Prepare
Registering precompiled user dll's ...
Registered in 0.001668 seconds.
Begin MonoManager ReloadAssembly
Native extension for WindowsStandalone target not found
Refreshing native plugins compatible for Editor in 0.87 ms, found 1 plugins.
Preloading 0 native plugins for Editor in 0.00 ms.
Invoked RoslynAnalysisRunner static constructor.
RoslynAnalysisRunner will not be running.
RoslynAnalysisRunner has terminated.
Mono: successfully reloaded assembly
- Completed reload, in  2.793 seconds
Platform modules already initialized, skipping
Refreshing native plugins compatible for Editor in 0.86 ms, found 1 plugins.
Preloading 0 native plugins for Editor in 0.00 ms.
Unloading 1789 Unused Serialized files (Serialized files now loaded: 0)
System memory in use before: 88.4 MB.
System memory in use after: 88.4 MB.

Unloading 12 unused Assets to reduce memory usage. Loaded Objects now: 2278.
Total: 6.794090 ms (FindLiveObjects: 0.669289 ms CreateObjectMapping: 0.249333 ms MarkObjects: 5.601690 ms  DeleteObjects: 0.263511 ms)

========================================================================
Received Prepare
Registering precompiled user dll's ...
Registered in 0.001601 seconds.
Begin MonoManager ReloadAssembly
Native extension for WindowsStandalone target not found
Refreshing native plugins compatible for Editor in 0.97 ms, found 1 plugins.
Preloading 0 native plugins for Editor in 0.00 ms.
Invoked RoslynAnalysisRunner static constructor.
RoslynAnalysisRunner will not be running.
RoslynAnalysisRunner has terminated.
Mono: successfully reloaded assembly
- Completed reload, in  2.558 seconds
Platform modules already initialized, skipping
Refreshing native plugins compatible for Editor in 0.86 ms, found 1 plugins.
Preloading 0 native plugins for Editor in 0.00 ms.
Unloading 1789 Unused Serialized files (Serialized files now loaded: 0)
System memory in use before: 88.5 MB.
System memory in use after: 88.4 MB.

Unloading 12 unused Assets to reduce memory usage. Loaded Objects now: 2281.
Total: 5.946356 ms (FindLiveObjects: 0.672222 ms CreateObjectMapping: 0.264000 ms MarkObjects: 4.682578 ms  DeleteObjects: 0.292356 ms)

========================================================================
Received Prepare
Registering precompiled user dll's ...
Registered in 0.001579 seconds.
Begin MonoManager ReloadAssembly
Native extension for WindowsStandalone target not found
Refreshing native plugins compatible for Editor in 0.94 ms, found 1 plugins.
Preloading 0 native plugins for Editor in 0.00 ms.
Invoked RoslynAnalysisRunner static constructor.
RoslynAnalysisRunner will not be running.
RoslynAnalysisRunner has terminated.
Mono: successfully reloaded assembly
- Completed reload, in  2.701 seconds
Platform modules already initialized, skipping
Refreshing native plugins compatible for Editor in 1.03 ms, found 1 plugins.
Preloading 0 native plugins for Editor in 0.00 ms.
Unloading 1789 Unused Serialized files (Serialized files now loaded: 0)
System memory in use before: 88.5 MB.
System memory in use after: 88.5 MB.

Unloading 12 unused Assets to reduce memory usage. Loaded Objects now: 2284.
Total: 21.150803 ms (FindLiveObjects: 0.662445 ms CreateObjectMapping: 0.246889 ms MarkObjects: 19.936403 ms  DeleteObjects: 0.294311 ms)

========================================================================
Received Import Request.
  Time since last request: 659.406462 seconds.
  path: Assets/NewBehaviourScript.cs
  artifactKey: Guid(54879830dbcd4d341b433170c2be6347) Importer(815301076,1909f56bfc062723c751e8b465ee728b)
Start importing Assets/NewBehaviourScript.cs using Guid(54879830dbcd4d341b433170c2be6347) Importer(815301076,1909f56bfc062723c751e8b465ee728b)  -> (artifact id: '7fb8d8f634199e21786214a996b5207f') in 0.019294 seconds
  Import took 0.028160 seconds .

========================================================================
Received Prepare
Registering precompiled user dll's ...
Registered in 0.001787 seconds.
Begin MonoManager ReloadAssembly
Native extension for WindowsStandalone target not found
Refreshing native plugins compatible for Editor in 0.87 ms, found 1 plugins.
Preloading 0 native plugins for Editor in 0.00 ms.
Invoked RoslynAnalysisRunner static constructor.
RoslynAnalysisRunner will not be running.
RoslynAnalysisRunner has terminated.
Mono: successfully reloaded assembly
- Completed reload, in  2.781 seconds
Platform modules already initialized, skipping
Refreshing native plugins compatible for Editor in 0.93 ms, found 1 plugins.
Preloading 0 native plugins for Editor in 0.00 ms.
Unloading 1790 Unused Serialized files (Serialized files now loaded: 0)
System memory in use before: 88.6 MB.
System memory in use after: 88.6 MB.

Unloading 12 unused Assets to reduce memory usage. Loaded Objects now: 2288.
Total: 6.615645 ms (FindLiveObjects: 0.657067 ms CreateObjectMapping: 0.246400 ms MarkObjects: 5.448178 ms  DeleteObjects: 0.254222 ms)

========================================================================
Received Prepare
Registering precompiled user dll's ...
Registered in 0.001677 seconds.
Begin MonoManager ReloadAssembly
Native extension for WindowsStandalone target not found
Refreshing native plugins compatible for Editor in 0.88 ms, found 1 plugins.
Preloading 0 native plugins for Editor in 0.00 ms.
Invoked RoslynAnalysisRunner static constructor.
RoslynAnalysisRunner will not be running.
RoslynAnalysisRunner has terminated.
Mono: successfully reloaded assembly
- Completed reload, in  2.817 seconds
Platform modules already initialized, skipping
Refreshing native plugins compatible for Editor in 1.03 ms, found 1 plugins.
Preloading 0 native plugins for Editor in 0.00 ms.
Unloading 1789 Unused Serialized files (Serialized files now loaded: 0)
System memory in use before: 88.7 MB.
System memory in use after: 88.7 MB.

Unloading 13 unused Assets to reduce memory usage. Loaded Objects now: 2290.
Total: 7.295690 ms (FindLiveObjects: 0.658045 ms CreateObjectMapping: 0.654133 ms MarkObjects: 5.511734 ms  DeleteObjects: 0.461511 ms)

========================================================================
Received Import Request.
  Time since last request: 81.703087 seconds.
  path: Assets/LayerSwitch.cs
  artifactKey: Guid(b2a4e980aee7d1945a9bb65016dba763) Importer(815301076,1909f56bfc062723c751e8b465ee728b)
Start importing Assets/LayerSwitch.cs using Guid(b2a4e980aee7d1945a9bb65016dba763) Importer(815301076,1909f56bfc062723c751e8b465ee728b)  -> (artifact id: '195c221c923cee59fda14cc340a14b70') in 0.009720 seconds
  Import took 0.016939 seconds .

========================================================================
Received Prepare
Registering precompiled user dll's ...
Registered in 0.001550 seconds.
Begin MonoManager ReloadAssembly
Native extension for WindowsStandalone target not found
Refreshing native plugins compatible for Editor in 1.39 ms, found 1 plugins.
Preloading 0 native plugins for Editor in 0.00 ms.
Invoked RoslynAnalysisRunner static constructor.
RoslynAnalysisRunner will not be running.
RoslynAnalysisRunner has terminated.
Mono: successfully reloaded assembly
- Completed reload, in  3.203 seconds
Platform modules already initialized, skipping
Refreshing native plugins compatible for Editor in 0.87 ms, found 1 plugins.
Preloading 0 native plugins for Editor in 0.00 ms.
Unloading 1790 Unused Serialized files (Serialized files now loaded: 0)
System memory in use before: 88.8 MB.
System memory in use after: 88.8 MB.

Unloading 12 unused Assets to reduce memory usage. Loaded Objects now: 2294.
Total: 6.920712 ms (FindLiveObjects: 0.756311 ms CreateObjectMapping: 0.293333 ms MarkObjects: 5.599734 ms  DeleteObjects: 0.261556 ms)

========================================================================
Received Prepare
Registering precompiled user dll's ...
Registered in 0.001771 seconds.
Begin MonoManager ReloadAssembly
Native extension for WindowsStandalone target not found
Refreshing native plugins compatible for Editor in 1.01 ms, found 1 plugins.
Preloading 0 native plugins for Editor in 0.00 ms.
Invoked RoslynAnalysisRunner static constructor.
RoslynAnalysisRunner will not be running.
RoslynAnalysisRunner has terminated.
Mono: successfully reloaded assembly
- Completed reload, in  2.787 seconds
Platform modules already initialized, skipping
Refreshing native plugins compatible for Editor in 1.20 ms, found 1 plugins.
Preloading 0 native plugins for Editor in 0.00 ms.
Unloading 1790 Unused Serialized files (Serialized files now loaded: 0)
System memory in use before: 88.8 MB.
System memory in use after: 88.8 MB.

Unloading 12 unused Assets to reduce memory usage. Loaded Objects now: 2297.
Total: 6.886001 ms (FindLiveObjects: 0.820845 ms CreateObjectMapping: 0.315333 ms MarkObjects: 5.359690 ms  DeleteObjects: 0.378400 ms)

========================================================================
Received Import Request.
  Time since last request: 368.586366 seconds.
  path: Assets/LayerSwitch.cs
  artifactKey: Guid(b2a4e980aee7d1945a9bb65016dba763) Importer(815301076,1909f56bfc062723c751e8b465ee728b)
Start importing Assets/LayerSwitch.cs using Guid(b2a4e980aee7d1945a9bb65016dba763) Importer(815301076,1909f56bfc062723c751e8b465ee728b)  -> (artifact id: '0c90971cd3c673b898b07a04768d880b') in 0.014674 seconds
  Import took 0.022803 seconds .

========================================================================
Received Import Request.
  Time since last request: 53.872829 seconds.
  path: ProjectSettings/TagManager.asset
  artifactKey: Guid(00000000000000003000000000000000) Importer(815301076,1909f56bfc062723c751e8b465ee728b)
Start importing ProjectSettings/TagManager.asset using Guid(00000000000000003000000000000000) Importer(815301076,1909f56bfc062723c751e8b465ee728b)  -> (artifact id: 'ce3ff3f4891635265ae3ce1a12d6ff73') in 0.030415 seconds
  Import took 0.037030 seconds .

========================================================================
Received Import Request.
  Time since last request: 0.008470 seconds.
  path: ProjectSettings/TagManager.asset
  artifactKey: Guid(00000000000000003000000000000000) Importer(815301076,1909f56bfc062723c751e8b465ee728b)
Start importing ProjectSettings/TagManager.asset using Guid(00000000000000003000000000000000) Importer(815301076,1909f56bfc062723c751e8b465ee728b)  -> (artifact id: 'ce3ff3f4891635265ae3ce1a12d6ff73') in 0.003694 seconds
  Import took 0.010514 seconds .

========================================================================
Received Prepare
Registering precompiled user dll's ...
Registered in 0.001568 seconds.
Begin MonoManager ReloadAssembly
Native extension for WindowsStandalone target not found
Refreshing native plugins compatible for Editor in 1.08 ms, found 1 plugins.
Preloading 0 native plugins for Editor in 0.00 ms.
Invoked RoslynAnalysisRunner static constructor.
RoslynAnalysisRunner will not be running.
RoslynAnalysisRunner has terminated.
Mono: successfully reloaded assembly
- Completed reload, in  2.671 seconds
Platform modules already initialized, skipping
Refreshing native plugins compatible for Editor in 0.99 ms, found 1 plugins.
Preloading 0 native plugins for Editor in 0.00 ms.
Unloading 1790 Unused Serialized files (Serialized files now loaded: 0)
System memory in use before: 88.9 MB.
System memory in use after: 88.9 MB.

Unloading 14 unused Assets to reduce memory usage. Loaded Objects now: 2300.
Total: 6.517867 ms (FindLiveObjects: 0.684933 ms CreateObjectMapping: 0.259111 ms MarkObjects: 5.303467 ms  DeleteObjects: 0.258622 ms)

========================================================================
Received Import Request.
  Time since last request: 97.400374 seconds.
  path: Assets/LayerSwitch.cs
  artifactKey: Guid(b2a4e980aee7d1945a9bb65016dba763) Importer(815301076,1909f56bfc062723c751e8b465ee728b)
Start importing Assets/LayerSwitch.cs using Guid(b2a4e980aee7d1945a9bb65016dba763) Importer(815301076,1909f56bfc062723c751e8b465ee728b)  -> (artifact id: '0288b4eeda1fec9f09d4709681b787e6') in 0.009885 seconds
  Import took 0.018757 seconds .

========================================================================
Received Import Request.
  Time since last request: 61.324420 seconds.
  path: Assets/LayerSwitch.prefab
  artifactKey: Guid(273f70d1a96e8fd4695b32e99d120f03) Importer(815301076,1909f56bfc062723c751e8b465ee728b)
Start importing Assets/LayerSwitch.prefab using Guid(273f70d1a96e8fd4695b32e99d120f03) Importer(815301076,1909f56bfc062723c751e8b465ee728b)  -> (artifact id: 'c69a66328ff6d4c32f2b1846acd28c9d') in 0.082773 seconds
  Import took 0.089851 seconds .

========================================================================
Received Prepare
Registering precompiled user dll's ...
Registered in 0.001728 seconds.
Begin MonoManager ReloadAssembly
Native extension for WindowsStandalone target not found
Refreshing native plugins compatible for Editor in 0.97 ms, found 1 plugins.
Preloading 0 native plugins for Editor in 0.00 ms.
Invoked RoslynAnalysisRunner static constructor.
RoslynAnalysisRunner will not be running.
RoslynAnalysisRunner has terminated.
Mono: successfully reloaded assembly
- Completed reload, in  2.788 seconds
Platform modules already initialized, skipping
Refreshing native plugins compatible for Editor in 1.67 ms, found 1 plugins.
Preloading 0 native plugins for Editor in 0.00 ms.
Unloading 1790 Unused Serialized files (Serialized files now loaded: 0)
System memory in use before: 89.0 MB.
System memory in use after: 89.0 MB.

Unloading 12 unused Assets to reduce memory usage. Loaded Objects now: 2303.
Total: 7.056134 ms (FindLiveObjects: 0.798356 ms CreateObjectMapping: 0.282089 ms MarkObjects: 5.682356 ms  DeleteObjects: 0.283067 ms)

========================================================================
Received Import Request.
  Time since last request: 43.122908 seconds.
  path: Assets/LayerSwitch.cs
  artifactKey: Guid(b2a4e980aee7d1945a9bb65016dba763) Importer(815301076,1909f56bfc062723c751e8b465ee728b)
Start importing Assets/LayerSwitch.cs using Guid(b2a4e980aee7d1945a9bb65016dba763) Importer(815301076,1909f56bfc062723c751e8b465ee728b)  -> (artifact id: 'a74fb60d6aecc715f32797ec14c2e061') in 0.022728 seconds
  Import took 0.031147 seconds .

========================================================================
Received Import Request.
  Time since last request: 0.000461 seconds.
  path: Assets/LayerSwitch.prefab
  artifactKey: Guid(273f70d1a96e8fd4695b32e99d120f03) Importer(815301076,1909f56bfc062723c751e8b465ee728b)
Start importing Assets/LayerSwitch.prefab using Guid(273f70d1a96e8fd4695b32e99d120f03) Importer(815301076,1909f56bfc062723c751e8b465ee728b)  -> (artifact id: 'ce94419990972b5696bdbbd61d9fe696') in 0.066355 seconds
  Import took 0.073316 seconds .

========================================================================
Received Prepare
Registering precompiled user dll's ...
Registered in 0.002552 seconds.
Begin MonoManager ReloadAssembly
Native extension for WindowsStandalone target not found
Refreshing native plugins compatible for Editor in 0.90 ms, found 1 plugins.
Preloading 0 native plugins for Editor in 0.00 ms.
Invoked RoslynAnalysisRunner static constructor.
RoslynAnalysisRunner will not be running.
RoslynAnalysisRunner has terminated.
Mono: successfully reloaded assembly
- Completed reload, in  2.644 seconds
Platform modules already initialized, skipping
Refreshing native plugins compatible for Editor in 0.94 ms, found 1 plugins.
Preloading 0 native plugins for Editor in 0.00 ms.
Unloading 1790 Unused Serialized files (Serialized files now loaded: 0)
System memory in use before: 89.0 MB.
System memory in use after: 89.0 MB.

Unloading 12 unused Assets to reduce memory usage. Loaded Objects now: 2306.
Total: 6.481690 ms (FindLiveObjects: 0.761689 ms CreateObjectMapping: 0.274267 ms MarkObjects: 5.172445 ms  DeleteObjects: 0.262533 ms)

========================================================================
Received Import Request.
  Time since last request: 71.556802 seconds.
  path: Assets/Resources/Cactus.prefab
  artifactKey: Guid(dea9a85b9bd696e47a03fa8da5973813) Importer(815301076,1909f56bfc062723c751e8b465ee728b)
Start importing Assets/Resources/Cactus.prefab using Guid(dea9a85b9bd696e47a03fa8da5973813) Importer(815301076,1909f56bfc062723c751e8b465ee728b)  -> (artifact id: '9b71a564fd13540abc617e04c462276b') in 0.247964 seconds
  Import took 0.259578 seconds .

========================================================================
Received Import Request.
  Time since last request: 3.420524 seconds.
  path: Assets/Resources/Cactus.prefab
  artifactKey: Guid(dea9a85b9bd696e47a03fa8da5973813) Importer(815301076,1909f56bfc062723c751e8b465ee728b)
Start importing Assets/Resources/Cactus.prefab using Guid(dea9a85b9bd696e47a03fa8da5973813) Importer(815301076,1909f56bfc062723c751e8b465ee728b)  -> (artifact id: 'e8737b5aaa68a86c78697558a1cd4d2d') in 0.029837 seconds
  Import took 0.079240 seconds .

========================================================================
Received Import Request.
  Time since last request: 0.406144 seconds.
  path: Assets/Resources/Cactus.prefab
  artifactKey: Guid(dea9a85b9bd696e47a03fa8da5973813) Importer(815301076,1909f56bfc062723c751e8b465ee728b)
Start importing Assets/Resources/Cactus.prefab using Guid(dea9a85b9bd696e47a03fa8da5973813) Importer(815301076,1909f56bfc062723c751e8b465ee728b)  -> (artifact id: '12ac5f26c396533f86bb532a484019b1') in 0.174015 seconds
  Import took 0.186042 seconds .

========================================================================
Received Import Request.
  Time since last request: 0.410445 seconds.
  path: Assets/Resources/Cactus.prefab
  artifactKey: Guid(dea9a85b9bd696e47a03fa8da5973813) Importer(815301076,1909f56bfc062723c751e8b465ee728b)
Start importing Assets/Resources/Cactus.prefab using Guid(dea9a85b9bd696e47a03fa8da5973813) Importer(815301076,1909f56bfc062723c751e8b465ee728b)  -> (artifact id: '17d27f2a48dd6e2df433da7d6e4dfbcd') in 0.020250 seconds
  Import took 0.027189 seconds .

========================================================================
Received Import Request.
  Time since last request: 0.036962 seconds.
  path: Assets/Resources/Cactus.prefab
  artifactKey: Guid(dea9a85b9bd696e47a03fa8da5973813) Importer(815301076,1909f56bfc062723c751e8b465ee728b)
Start importing Assets/Resources/Cactus.prefab using Guid(dea9a85b9bd696e47a03fa8da5973813) Importer(815301076,1909f56bfc062723c751e8b465ee728b)  -> (artifact id: '17d27f2a48dd6e2df433da7d6e4dfbcd') in 0.028022 seconds
  Import took 0.035593 seconds .

========================================================================
Received Import Request.
  Time since last request: 4.291562 seconds.
  path: Assets/Resources/Cactus.prefab
  artifactKey: Guid(dea9a85b9bd696e47a03fa8da5973813) Importer(815301076,1909f56bfc062723c751e8b465ee728b)
Start importing Assets/Resources/Cactus.prefab using Guid(dea9a85b9bd696e47a03fa8da5973813) Importer(815301076,1909f56bfc062723c751e8b465ee728b)  -> (artifact id: 'b482a84ba67d58a4473a700037eaa9aa') in 0.038626 seconds
  Import took 0.047227 seconds .

========================================================================
Received Prepare
Registering precompiled user dll's ...
Registered in 0.001541 seconds.
Begin MonoManager ReloadAssembly
Native extension for WindowsStandalone target not found
Refreshing native plugins compatible for Editor in 0.91 ms, found 1 plugins.
Preloading 0 native plugins for Editor in 0.00 ms.
Invoked RoslynAnalysisRunner static constructor.
RoslynAnalysisRunner will not be running.
RoslynAnalysisRunner has terminated.
Mono: successfully reloaded assembly
- Completed reload, in  3.625 seconds
Platform modules already initialized, skipping
Refreshing native plugins compatible for Editor in 0.95 ms, found 1 plugins.
Preloading 0 native plugins for Editor in 0.00 ms.
Unloading 1790 Unused Serialized files (Serialized files now loaded: 0)
System memory in use before: 89.1 MB.
System memory in use after: 89.1 MB.

Unloading 12 unused Assets to reduce memory usage. Loaded Objects now: 2310.
Total: 9.573423 ms (FindLiveObjects: 0.713289 ms CreateObjectMapping: 0.278178 ms MarkObjects: 8.232401 ms  DeleteObjects: 0.339289 ms)

========================================================================
Received Import Request.
  Time since last request: 20.591925 seconds.
  path: Assets/Resources/Cactus.prefab
  artifactKey: Guid(dea9a85b9bd696e47a03fa8da5973813) Importer(815301076,1909f56bfc062723c751e8b465ee728b)
Start importing Assets/Resources/Cactus.prefab using Guid(dea9a85b9bd696e47a03fa8da5973813) Importer(815301076,1909f56bfc062723c751e8b465ee728b)  -> (artifact id: 'f422981d2ab52331093680968dcbe139') in 0.522708 seconds
  Import took 0.533203 seconds .

========================================================================
Received Prepare
Registering precompiled user dll's ...
Registered in 0.002006 seconds.
Begin MonoManager ReloadAssembly
Native extension for WindowsStandalone target not found
Refreshing native plugins compatible for Editor in 0.88 ms, found 1 plugins.
Preloading 0 native plugins for Editor in 0.00 ms.
Invoked RoslynAnalysisRunner static constructor.
RoslynAnalysisRunner will not be running.
RoslynAnalysisRunner has terminated.
Mono: successfully reloaded assembly
- Completed reload, in  2.838 seconds
Platform modules already initialized, skipping
Refreshing native plugins compatible for Editor in 0.87 ms, found 1 plugins.
Preloading 0 native plugins for Editor in 0.00 ms.
Unloading 1790 Unused Serialized files (Serialized files now loaded: 0)
System memory in use before: 89.2 MB.
System memory in use after: 89.2 MB.

Unloading 12 unused Assets to reduce memory usage. Loaded Objects now: 2314.
Total: 6.744712 ms (FindLiveObjects: 0.655111 ms CreateObjectMapping: 0.258133 ms MarkObjects: 5.502934 ms  DeleteObjects: 0.264000 ms)

========================================================================
Received Prepare
Registering precompiled user dll's ...
Registered in 0.001656 seconds.
Begin MonoManager ReloadAssembly
Native extension for WindowsStandalone target not found
Refreshing native plugins compatible for Editor in 1.39 ms, found 1 plugins.
Preloading 0 native plugins for Editor in 0.00 ms.
Invoked RoslynAnalysisRunner static constructor.
RoslynAnalysisRunner will not be running.
RoslynAnalysisRunner has terminated.
Mono: successfully reloaded assembly
- Completed reload, in  2.849 seconds
Platform modules already initialized, skipping
Refreshing native plugins compatible for Editor in 1.07 ms, found 1 plugins.
Preloading 0 native plugins for Editor in 0.00 ms.
Unloading 1790 Unused Serialized files (Serialized files now loaded: 0)
System memory in use before: 89.3 MB.
System memory in use after: 89.3 MB.

Unloading 12 unused Assets to reduce memory usage. Loaded Objects now: 2317.
Total: 7.756712 ms (FindLiveObjects: 0.798845 ms CreateObjectMapping: 0.698133 ms MarkObjects: 5.945379 ms  DeleteObjects: 0.302133 ms)

========================================================================
Received Import Request.
  Time since last request: 216.857556 seconds.
  path: Assets/LayerSwitch.cs
  artifactKey: Guid(b2a4e980aee7d1945a9bb65016dba763) Importer(815301076,1909f56bfc062723c751e8b465ee728b)
Start importing Assets/LayerSwitch.cs using Guid(b2a4e980aee7d1945a9bb65016dba763) Importer(815301076,1909f56bfc062723c751e8b465ee728b)  -> (artifact id: 'c34a2737a759c71753645a55720c50d7') in 0.010320 seconds
  Import took 0.020938 seconds .

========================================================================
Received Import Request.
  Time since last request: 35.702118 seconds.
  path: Assets/Resources/Cactus.prefab
  artifactKey: Guid(dea9a85b9bd696e47a03fa8da5973813) Importer(815301076,1909f56bfc062723c751e8b465ee728b)
Start importing Assets/Resources/Cactus.prefab using Guid(dea9a85b9bd696e47a03fa8da5973813) Importer(815301076,1909f56bfc062723c751e8b465ee728b)  -> (artifact id: '36e721d70bf588a941a2b5f402935487') in 0.188825 seconds
  Import took 0.200122 seconds .

========================================================================
Received Import Request.
  Time since last request: 46.872287 seconds.
  path: Assets/Resources/Cactus.prefab
  artifactKey: Guid(dea9a85b9bd696e47a03fa8da5973813) Importer(815301076,1909f56bfc062723c751e8b465ee728b)
Start importing Assets/Resources/Cactus.prefab using Guid(dea9a85b9bd696e47a03fa8da5973813) Importer(815301076,1909f56bfc062723c751e8b465ee728b)  -> (artifact id: '46e55b6201cd28a8b5fbc7ce2303bc5a') in 0.046797 seconds
  Import took 0.056731 seconds .

========================================================================
Received Import Request.
  Time since last request: 0.012424 seconds.
  path: Assets/Resources/Cactus.prefab
  artifactKey: Guid(dea9a85b9bd696e47a03fa8da5973813) Importer(815301076,1909f56bfc062723c751e8b465ee728b)
Start importing Assets/Resources/Cactus.prefab using Guid(dea9a85b9bd696e47a03fa8da5973813) Importer(815301076,1909f56bfc062723c751e8b465ee728b)  -> (artifact id: '46e55b6201cd28a8b5fbc7ce2303bc5a') in 0.020324 seconds
  Import took 0.027907 seconds .

========================================================================
Received Prepare
Registering precompiled user dll's ...
Registered in 0.001550 seconds.
Begin MonoManager ReloadAssembly
Native extension for WindowsStandalone target not found
Refreshing native plugins compatible for Editor in 0.91 ms, found 1 plugins.
Preloading 0 native plugins for Editor in 0.00 ms.
Invoked RoslynAnalysisRunner static constructor.
RoslynAnalysisRunner will not be running.
RoslynAnalysisRunner has terminated.
Mono: successfully reloaded assembly
- Completed reload, in  2.679 seconds
Platform modules already initialized, skipping
Refreshing native plugins compatible for Editor in 0.88 ms, found 1 plugins.
Preloading 0 native plugins for Editor in 0.00 ms.
Unloading 1790 Unused Serialized files (Serialized files now loaded: 0)
System memory in use before: 89.4 MB.
System memory in use after: 89.4 MB.

Unloading 12 unused Assets to reduce memory usage. Loaded Objects now: 2321.
Total: 9.274712 ms (FindLiveObjects: 0.688356 ms CreateObjectMapping: 0.264489 ms MarkObjects: 8.048090 ms  DeleteObjects: 0.263022 ms)

========================================================================
Received Prepare
Registering precompiled user dll's ...
Registered in 0.001574 seconds.
Begin MonoManager ReloadAssembly
Native extension for WindowsStandalone target not found
Refreshing native plugins compatible for Editor in 0.87 ms, found 1 plugins.
Preloading 0 native plugins for Editor in 0.00 ms.
Invoked RoslynAnalysisRunner static constructor.
RoslynAnalysisRunner will not be running.
RoslynAnalysisRunner has terminated.
Mono: successfully reloaded assembly
- Completed reload, in  2.806 seconds
Platform modules already initialized, skipping
Refreshing native plugins compatible for Editor in 0.94 ms, found 1 plugins.
Preloading 0 native plugins for Editor in 0.00 ms.
Unloading 1790 Unused Serialized files (Serialized files now loaded: 0)
System memory in use before: 89.4 MB.
System memory in use after: 89.4 MB.

Unloading 12 unused Assets to reduce memory usage. Loaded Objects now: 2324.
Total: 7.395423 ms (FindLiveObjects: 0.701556 ms CreateObjectMapping: 0.265956 ms MarkObjects: 6.146312 ms  DeleteObjects: 0.269867 ms)

========================================================================
Received Prepare
Registering precompiled user dll's ...
Registered in 0.002773 seconds.
Begin MonoManager ReloadAssembly
Native extension for WindowsStandalone target not found
Refreshing native plugins compatible for Editor in 1.17 ms, found 1 plugins.
Preloading 0 native plugins for Editor in 0.00 ms.
Invoked RoslynAnalysisRunner static constructor.
RoslynAnalysisRunner will not be running.
RoslynAnalysisRunner has terminated.
Mono: successfully reloaded assembly
- Completed reload, in  2.840 seconds
Platform modules already initialized, skipping
Refreshing native plugins compatible for Editor in 0.87 ms, found 1 plugins.
Preloading 0 native plugins for Editor in 0.00 ms.
Unloading 1790 Unused Serialized files (Serialized files now loaded: 0)
System memory in use before: 89.5 MB.
System memory in use after: 89.5 MB.

Unloading 12 unused Assets to reduce memory usage. Loaded Objects now: 2327.
Total: 23.636314 ms (FindLiveObjects: 0.736756 ms CreateObjectMapping: 0.372044 ms MarkObjects: 22.258625 ms  DeleteObjects: 0.258133 ms)

========================================================================
Received Prepare
Registering precompiled user dll's ...
Registered in 0.001723 seconds.
Begin MonoManager ReloadAssembly
Native extension for WindowsStandalone target not found
Refreshing native plugins compatible for Editor in 1.34 ms, found 1 plugins.
Preloading 0 native plugins for Editor in 0.00 ms.
Invoked RoslynAnalysisRunner static constructor.
RoslynAnalysisRunner will not be running.
RoslynAnalysisRunner has terminated.
Mono: successfully reloaded assembly
- Completed reload, in  2.876 seconds
Platform modules already initialized, skipping
Refreshing native plugins compatible for Editor in 1.42 ms, found 1 plugins.
Preloading 0 native plugins for Editor in 0.00 ms.
Unloading 1790 Unused Serialized files (Serialized files now loaded: 0)
System memory in use before: 89.6 MB.
System memory in use after: 89.6 MB.

Unloading 12 unused Assets to reduce memory usage. Loaded Objects now: 2330.
Total: 6.731023 ms (FindLiveObjects: 0.792000 ms CreateObjectMapping: 0.507956 ms MarkObjects: 5.155334 ms  DeleteObjects: 0.264000 ms)

========================================================================
Received Prepare
Registering precompiled user dll's ...
Registered in 0.001722 seconds.
Begin MonoManager ReloadAssembly
Native extension for WindowsStandalone target not found
Refreshing native plugins compatible for Editor in 1.27 ms, found 1 plugins.
Preloading 0 native plugins for Editor in 0.00 ms.
Invoked RoslynAnalysisRunner static constructor.
RoslynAnalysisRunner will not be running.
RoslynAnalysisRunner has terminated.
Mono: successfully reloaded assembly
- Completed reload, in  2.937 seconds
Platform modules already initialized, skipping
Refreshing native plugins compatible for Editor in 0.86 ms, found 1 plugins.
Preloading 0 native plugins for Editor in 0.00 ms.
Unloading 1790 Unused Serialized files (Serialized files now loaded: 0)
System memory in use before: 89.6 MB.
System memory in use after: 89.6 MB.

Unloading 12 unused Assets to reduce memory usage. Loaded Objects now: 2333.
Total: 6.377556 ms (FindLiveObjects: 0.686400 ms CreateObjectMapping: 0.255200 ms MarkObjects: 5.170978 ms  DeleteObjects: 0.255200 ms)

========================================================================
Received Import Request.
  Time since last request: 347.265239 seconds.
  path: Assets/Player/Player.prefab
  artifactKey: Guid(af4803b7a82958a4a81116f4f6b128c8) Importer(815301076,1909f56bfc062723c751e8b465ee728b)
Start importing Assets/Player/Player.prefab using Guid(af4803b7a82958a4a81116f4f6b128c8) Importer(815301076,1909f56bfc062723c751e8b465ee728b)  -> (artifact id: '331af703b51b11f0f66ec4bf8156c511') in 0.187802 seconds
  Import took 0.197924 seconds .

========================================================================
Received Prepare
Registering precompiled user dll's ...
Registered in 0.001754 seconds.
Begin MonoManager ReloadAssembly
Native extension for WindowsStandalone target not found
Refreshing native plugins compatible for Editor in 1.17 ms, found 1 plugins.
Preloading 0 native plugins for Editor in 0.00 ms.
Invoked RoslynAnalysisRunner static constructor.
RoslynAnalysisRunner will not be running.
RoslynAnalysisRunner has terminated.
Mono: successfully reloaded assembly
- Completed reload, in  3.049 seconds
Platform modules already initialized, skipping
Refreshing native plugins compatible for Editor in 1.33 ms, found 1 plugins.
Preloading 0 native plugins for Editor in 0.00 ms.
Unloading 1790 Unused Serialized files (Serialized files now loaded: 0)
System memory in use before: 89.7 MB.
System memory in use after: 89.7 MB.

Unloading 12 unused Assets to reduce memory usage. Loaded Objects now: 2337.
Total: 6.952001 ms (FindLiveObjects: 0.754356 ms CreateObjectMapping: 0.285022 ms MarkObjects: 5.649601 ms  DeleteObjects: 0.253244 ms)

========================================================================
Received Prepare
Registering precompiled user dll's ...
Registered in 0.001749 seconds.
Begin MonoManager ReloadAssembly
Native extension for WindowsStandalone target not found
Refreshing native plugins compatible for Editor in 0.87 ms, found 1 plugins.
Preloading 0 native plugins for Editor in 0.00 ms.
Invoked RoslynAnalysisRunner static constructor.
RoslynAnalysisRunner will not be running.
RoslynAnalysisRunner has terminated.
Mono: successfully reloaded assembly
- Completed reload, in  3.301 seconds
Platform modules already initialized, skipping
Refreshing native plugins compatible for Editor in 0.85 ms, found 1 plugins.
Preloading 0 native plugins for Editor in 0.00 ms.
Unloading 1790 Unused Serialized files (Serialized files now loaded: 0)
System memory in use before: 89.7 MB.
System memory in use after: 89.7 MB.

Unloading 12 unused Assets to reduce memory usage. Loaded Objects now: 2340.
Total: 6.894801 ms (FindLiveObjects: 0.666356 ms CreateObjectMapping: 0.257156 ms MarkObjects: 5.702401 ms  DeleteObjects: 0.259111 ms)

========================================================================
Received Import Request.
  Time since last request: 439.385520 seconds.
  path: Assets/Player/Player.prefab
  artifactKey: Guid(af4803b7a82958a4a81116f4f6b128c8) Importer(815301076,1909f56bfc062723c751e8b465ee728b)
Start importing Assets/Player/Player.prefab using Guid(af4803b7a82958a4a81116f4f6b128c8) Importer(815301076,1909f56bfc062723c751e8b465ee728b)  -> (artifact id: '8380a81250c22e977f68f904e8abbab2') in 0.190897 seconds
  Import took 0.199118 seconds .

========================================================================
Received Prepare
Registering precompiled user dll's ...
Registered in 0.001616 seconds.
Begin MonoManager ReloadAssembly
Native extension for WindowsStandalone target not found
Refreshing native plugins compatible for Editor in 1.28 ms, found 1 plugins.
Preloading 0 native plugins for Editor in 0.00 ms.
Invoked RoslynAnalysisRunner static constructor.
RoslynAnalysisRunner will not be running.
RoslynAnalysisRunner has terminated.
Mono: successfully reloaded assembly
- Completed reload, in  2.862 seconds
Platform modules already initialized, skipping
Refreshing native plugins compatible for Editor in 0.86 ms, found 1 plugins.
Preloading 0 native plugins for Editor in 0.00 ms.
Unloading 1790 Unused Serialized files (Serialized files now loaded: 0)
System memory in use before: 88.9 MB.
System memory in use after: 88.9 MB.

Unloading 12 unused Assets to reduce memory usage. Loaded Objects now: 2344.
Total: 6.806312 ms (FindLiveObjects: 0.684933 ms CreateObjectMapping: 0.254711 ms MarkObjects: 5.593378 ms  DeleteObjects: 0.263022 ms)

========================================================================
Received Import Request.
  Time since last request: 76.738253 seconds.
  path: Assets/Resources/Cactus.prefab
  artifactKey: Guid(dea9a85b9bd696e47a03fa8da5973813) Importer(815301076,1909f56bfc062723c751e8b465ee728b)
Start importing Assets/Resources/Cactus.prefab using Guid(dea9a85b9bd696e47a03fa8da5973813) Importer(815301076,1909f56bfc062723c751e8b465ee728b)  -> (artifact id: '0c90dda5ccb7307f123024da25dd1f36') in 0.204535 seconds
  Import took 0.212542 seconds .

========================================================================
Received Import Request.
  Time since last request: 92.620862 seconds.
  path: Assets/ObjectDirector.prefab
  artifactKey: Guid(d45f29ca09043074793a0bb0c7b0a41a) Importer(815301076,1909f56bfc062723c751e8b465ee728b)
Start importing Assets/ObjectDirector.prefab using Guid(d45f29ca09043074793a0bb0c7b0a41a) Importer(815301076,1909f56bfc062723c751e8b465ee728b)  -> (artifact id: 'ec105915f5012a74bc278f9d767a0964') in 0.010484 seconds
  Import took 0.017739 seconds .

========================================================================
Received Import Request.
  Time since last request: 1.109804 seconds.
  path: Assets/LayerSwitch.cs
  artifactKey: Guid(b2a4e980aee7d1945a9bb65016dba763) Importer(815301076,1909f56bfc062723c751e8b465ee728b)
Start importing Assets/LayerSwitch.cs using Guid(b2a4e980aee7d1945a9bb65016dba763) Importer(815301076,1909f56bfc062723c751e8b465ee728b)  -> (artifact id: 'b7e53dd02699c134e959c8e688389251') in 0.004529 seconds
  Import took 0.010964 seconds .

========================================================================
Received Prepare
Registering precompiled user dll's ...
Registered in 0.001539 seconds.
Begin MonoManager ReloadAssembly
Native extension for WindowsStandalone target not found
Refreshing native plugins compatible for Editor in 0.91 ms, found 1 plugins.
Preloading 0 native plugins for Editor in 0.00 ms.
Invoked RoslynAnalysisRunner static constructor.
RoslynAnalysisRunner will not be running.
RoslynAnalysisRunner has terminated.
Mono: successfully reloaded assembly
- Completed reload, in  2.812 seconds
Platform modules already initialized, skipping
Refreshing native plugins compatible for Editor in 0.87 ms, found 1 plugins.
Preloading 0 native plugins for Editor in 0.00 ms.
Unloading 1790 Unused Serialized files (Serialized files now loaded: 0)
System memory in use before: 88.9 MB.
System memory in use after: 88.9 MB.

Unloading 12 unused Assets to reduce memory usage. Loaded Objects now: 2348.
Total: 12.177246 ms (FindLiveObjects: 1.869022 ms CreateObjectMapping: 0.352489 ms MarkObjects: 9.587112 ms  DeleteObjects: 0.358844 ms)

========================================================================
Received Prepare
Registering precompiled user dll's ...
Registered in 0.001621 seconds.
Begin MonoManager ReloadAssembly
Native extension for WindowsStandalone target not found
Refreshing native plugins compatible for Editor in 1.11 ms, found 1 plugins.
Preloading 0 native plugins for Editor in 0.00 ms.
Invoked RoslynAnalysisRunner static constructor.
RoslynAnalysisRunner will not be running.
RoslynAnalysisRunner has terminated.
Mono: successfully reloaded assembly
- Completed reload, in  2.834 seconds
Platform modules already initialized, skipping
Refreshing native plugins compatible for Editor in 0.86 ms, found 1 plugins.
Preloading 0 native plugins for Editor in 0.00 ms.
Unloading 1790 Unused Serialized files (Serialized files now loaded: 0)
System memory in use before: 89.0 MB.
System memory in use after: 89.0 MB.

Unloading 12 unused Assets to reduce memory usage. Loaded Objects now: 2351.
Total: 7.163690 ms (FindLiveObjects: 0.676622 ms CreateObjectMapping: 0.729911 ms MarkObjects: 5.393423 ms  DeleteObjects: 0.353467 ms)

========================================================================
Received Prepare
Registering precompiled user dll's ...
Registered in 0.001546 seconds.
Begin MonoManager ReloadAssembly
Native extension for WindowsStandalone target not found
Refreshing native plugins compatible for Editor in 0.88 ms, found 1 plugins.
Preloading 0 native plugins for Editor in 0.00 ms.
Invoked RoslynAnalysisRunner static constructor.
RoslynAnalysisRunner will not be running.
RoslynAnalysisRunner has terminated.
Mono: successfully reloaded assembly
- Completed reload, in  2.949 seconds
Platform modules already initialized, skipping
Refreshing native plugins compatible for Editor in 1.12 ms, found 1 plugins.
Preloading 0 native plugins for Editor in 0.00 ms.
Unloading 1790 Unused Serialized files (Serialized files now loaded: 0)
System memory in use before: 89.1 MB.
System memory in use after: 89.1 MB.

Unloading 12 unused Assets to reduce memory usage. Loaded Objects now: 2354.
Total: 6.506134 ms (FindLiveObjects: 0.667333 ms CreateObjectMapping: 0.255689 ms MarkObjects: 5.313734 ms  DeleteObjects: 0.259600 ms)

========================================================================
Received Prepare
Registering precompiled user dll's ...
Registered in 0.001616 seconds.
Begin MonoManager ReloadAssembly
Native extension for WindowsStandalone target not found
Refreshing native plugins compatible for Editor in 0.88 ms, found 1 plugins.
Preloading 0 native plugins for Editor in 0.00 ms.
Invoked RoslynAnalysisRunner static constructor.
RoslynAnalysisRunner will not be running.
RoslynAnalysisRunner has terminated.
Mono: successfully reloaded assembly
- Completed reload, in  2.784 seconds
Platform modules already initialized, skipping
Refreshing native plugins compatible for Editor in 1.22 ms, found 1 plugins.
Preloading 0 native plugins for Editor in 0.00 ms.
Unloading 1790 Unused Serialized files (Serialized files now loaded: 0)
System memory in use before: 89.2 MB.
System memory in use after: 89.2 MB.

Unloading 12 unused Assets to reduce memory usage. Loaded Objects now: 2357.
Total: 6.478756 ms (FindLiveObjects: 0.673200 ms CreateObjectMapping: 0.252756 ms MarkObjects: 5.282445 ms  DeleteObjects: 0.261556 ms)

========================================================================
Received Prepare
Registering precompiled user dll's ...
Registered in 0.001584 seconds.
Begin MonoManager ReloadAssembly
Native extension for WindowsStandalone target not found
Refreshing native plugins compatible for Editor in 1.30 ms, found 1 plugins.
Preloading 0 native plugins for Editor in 0.00 ms.
Invoked RoslynAnalysisRunner static constructor.
RoslynAnalysisRunner will not be running.
RoslynAnalysisRunner has terminated.
Mono: successfully reloaded assembly
- Completed reload, in  2.785 seconds
Platform modules already initialized, skipping
Refreshing native plugins compatible for Editor in 0.87 ms, found 1 plugins.
Preloading 0 native plugins for Editor in 0.00 ms.
Unloading 1790 Unused Serialized files (Serialized files now loaded: 0)
System memory in use before: 89.2 MB.
System memory in use after: 89.2 MB.

Unloading 12 unused Assets to reduce memory usage. Loaded Objects now: 2360.
Total: 6.198623 ms (FindLiveObjects: 0.674178 ms CreateObjectMapping: 0.333422 ms MarkObjects: 4.921645 ms  DeleteObjects: 0.260089 ms)

========================================================================
Received Prepare
Registering precompiled user dll's ...
Registered in 0.001707 seconds.
Begin MonoManager ReloadAssembly
Native extension for WindowsStandalone target not found
Refreshing native plugins compatible for Editor in 0.88 ms, found 1 plugins.
Preloading 0 native plugins for Editor in 0.00 ms.
Invoked RoslynAnalysisRunner static constructor.
RoslynAnalysisRunner will not be running.
RoslynAnalysisRunner has terminated.
Mono: successfully reloaded assembly
- Completed reload, in  2.762 seconds
Platform modules already initialized, skipping
Refreshing native plugins compatible for Editor in 0.90 ms, found 1 plugins.
Preloading 0 native plugins for Editor in 0.00 ms.
Unloading 1790 Unused Serialized files (Serialized files now loaded: 0)
System memory in use before: 89.3 MB.
System memory in use after: 89.3 MB.

Unloading 12 unused Assets to reduce memory usage. Loaded Objects now: 2363.
Total: 6.069067 ms (FindLiveObjects: 0.671245 ms CreateObjectMapping: 0.273778 ms MarkObjects: 4.773023 ms  DeleteObjects: 0.340756 ms)

========================================================================
Received Prepare
Registering precompiled user dll's ...
Registered in 0.001730 seconds.
Begin MonoManager ReloadAssembly
Native extension for WindowsStandalone target not found
Refreshing native plugins compatible for Editor in 1.00 ms, found 1 plugins.
Preloading 0 native plugins for Editor in 0.00 ms.
Invoked RoslynAnalysisRunner static constructor.
RoslynAnalysisRunner will not be running.
RoslynAnalysisRunner has terminated.
Mono: successfully reloaded assembly
- Completed reload, in  2.808 seconds
Platform modules already initialized, skipping
Refreshing native plugins compatible for Editor in 0.92 ms, found 1 plugins.
Preloading 0 native plugins for Editor in 0.00 ms.
Unloading 1790 Unused Serialized files (Serialized files now loaded: 0)
System memory in use before: 89.4 MB.
System memory in use after: 89.4 MB.

Unloading 12 unused Assets to reduce memory usage. Loaded Objects now: 2366.
Total: 13.154046 ms (FindLiveObjects: 0.917156 ms CreateObjectMapping: 0.269378 ms MarkObjects: 11.672224 ms  DeleteObjects: 0.284533 ms)

========================================================================
Received Prepare
Registering precompiled user dll's ...
Registered in 0.017649 seconds.
Begin MonoManager ReloadAssembly
Native extension for WindowsStandalone target not found
Refreshing native plugins compatible for Editor in 0.87 ms, found 1 plugins.
Preloading 0 native plugins for Editor in 0.00 ms.
Invoked RoslynAnalysisRunner static constructor.
RoslynAnalysisRunner will not be running.
RoslynAnalysisRunner has terminated.
Mono: successfully reloaded assembly
- Completed reload, in  2.792 seconds
Platform modules already initialized, skipping
Refreshing native plugins compatible for Editor in 0.93 ms, found 1 plugins.
Preloading 0 native plugins for Editor in 0.00 ms.
Unloading 1790 Unused Serialized files (Serialized files now loaded: 0)
System memory in use before: 89.4 MB.
System memory in use after: 89.4 MB.

Unloading 12 unused Assets to reduce memory usage. Loaded Objects now: 2369.
Total: 6.167334 ms (FindLiveObjects: 0.721111 ms CreateObjectMapping: 0.320711 ms MarkObjects: 4.845867 ms  DeleteObjects: 0.269867 ms)

========================================================================
Received Prepare
Registering precompiled user dll's ...
Registered in 0.001907 seconds.
Begin MonoManager ReloadAssembly
Native extension for WindowsStandalone target not found
Refreshing native plugins compatible for Editor in 0.89 ms, found 1 plugins.
Preloading 0 native plugins for Editor in 0.00 ms.
Invoked RoslynAnalysisRunner static constructor.
RoslynAnalysisRunner will not be running.
RoslynAnalysisRunner has terminated.
Mono: successfully reloaded assembly
- Completed reload, in  2.724 seconds
Platform modules already initialized, skipping
Refreshing native plugins compatible for Editor in 0.87 ms, found 1 plugins.
Preloading 0 native plugins for Editor in 0.00 ms.
Unloading 1790 Unused Serialized files (Serialized files now loaded: 0)
System memory in use before: 89.5 MB.
System memory in use after: 89.5 MB.

Unloading 12 unused Assets to reduce memory usage. Loaded Objects now: 2372.
Total: 6.107201 ms (FindLiveObjects: 0.715733 ms CreateObjectMapping: 0.269867 ms MarkObjects: 4.854667 ms  DeleteObjects: 0.257644 ms)

========================================================================
Received Prepare
Registering precompiled user dll's ...
Registered in 0.001643 seconds.
Begin MonoManager ReloadAssembly
Native extension for WindowsStandalone target not found
Refreshing native plugins compatible for Editor in 0.90 ms, found 1 plugins.
Preloading 0 native plugins for Editor in 0.00 ms.
Invoked RoslynAnalysisRunner static constructor.
RoslynAnalysisRunner will not be running.
RoslynAnalysisRunner has terminated.
Mono: successfully reloaded assembly
- Completed reload, in  2.648 seconds
Platform modules already initialized, skipping
Refreshing native plugins compatible for Editor in 0.93 ms, found 1 plugins.
Preloading 0 native plugins for Editor in 0.00 ms.
Unloading 1790 Unused Serialized files (Serialized files now loaded: 0)
System memory in use before: 89.6 MB.
System memory in use after: 89.6 MB.

Unloading 12 unused Assets to reduce memory usage. Loaded Objects now: 2375.
Total: 6.361423 ms (FindLiveObjects: 0.843822 ms CreateObjectMapping: 0.268400 ms MarkObjects: 4.964178 ms  DeleteObjects: 0.275244 ms)

========================================================================
Received Prepare
Registering precompiled user dll's ...
Registered in 0.001559 seconds.
Begin MonoManager ReloadAssembly
Native extension for WindowsStandalone target not found
Refreshing native plugins compatible for Editor in 0.91 ms, found 1 plugins.
Preloading 0 native plugins for Editor in 0.00 ms.
Invoked RoslynAnalysisRunner static constructor.
RoslynAnalysisRunner will not be running.
RoslynAnalysisRunner has terminated.
Mono: successfully reloaded assembly
- Completed reload, in  2.780 seconds
Platform modules already initialized, skipping
Refreshing native plugins compatible for Editor in 0.90 ms, found 1 plugins.
Preloading 0 native plugins for Editor in 0.00 ms.
Unloading 1790 Unused Serialized files (Serialized files now loaded: 0)
System memory in use before: 89.7 MB.
System memory in use after: 89.7 MB.

Unloading 12 unused Assets to reduce memory usage. Loaded Objects now: 2378.
Total: 13.172624 ms (FindLiveObjects: 0.698622 ms CreateObjectMapping: 0.264000 ms MarkObjects: 11.937202 ms  DeleteObjects: 0.262533 ms)

========================================================================
Received Import Request.
  Time since last request: 1103.886255 seconds.
  path: Assets/ObjectDirector.prefab
  artifactKey: Guid(d45f29ca09043074793a0bb0c7b0a41a) Importer(815301076,1909f56bfc062723c751e8b465ee728b)
Start importing Assets/ObjectDirector.prefab using Guid(d45f29ca09043074793a0bb0c7b0a41a) Importer(815301076,1909f56bfc062723c751e8b465ee728b)  -> (artifact id: '444d9b9bc6ea33d119ecff925350d6ed') in 0.089650 seconds
  Import took 0.098328 seconds .

========================================================================
Received Import Request.
  Time since last request: 0.840913 seconds.
  path: Assets/Player/Player.prefab
  artifactKey: Guid(af4803b7a82958a4a81116f4f6b128c8) Importer(815301076,1909f56bfc062723c751e8b465ee728b)
Start importing Assets/Player/Player.prefab using Guid(af4803b7a82958a4a81116f4f6b128c8) Importer(815301076,1909f56bfc062723c751e8b465ee728b)  -> (artifact id: 'd46f84a63cc0bbff40e6213f3dabb75e') in 0.120012 seconds
  Import took 0.127654 seconds .

========================================================================
Received Prepare
Registering precompiled user dll's ...
Registered in 0.001566 seconds.
Begin MonoManager ReloadAssembly
Native extension for WindowsStandalone target not found
Refreshing native plugins compatible for Editor in 0.89 ms, found 1 plugins.
Preloading 0 native plugins for Editor in 0.00 ms.
Invoked RoslynAnalysisRunner static constructor.
RoslynAnalysisRunner will not be running.
RoslynAnalysisRunner has terminated.
Mono: successfully reloaded assembly
- Completed reload, in  2.845 seconds
Platform modules already initialized, skipping
Refreshing native plugins compatible for Editor in 0.85 ms, found 1 plugins.
Preloading 0 native plugins for Editor in 0.00 ms.
Unloading 1790 Unused Serialized files (Serialized files now loaded: 0)
System memory in use before: 89.7 MB.
System memory in use after: 89.7 MB.

Unloading 12 unused Assets to reduce memory usage. Loaded Objects now: 2382.
Total: 5.924845 ms (FindLiveObjects: 0.683956 ms CreateObjectMapping: 0.259111 ms MarkObjects: 4.719734 ms  DeleteObjects: 0.252267 ms)

========================================================================
Received Import Request.
  Time since last request: 13.656085 seconds.
  path: Assets/Resources/Floor.prefab
  artifactKey: Guid(5b7208381b7a9784d94cef0ebe46c560) Importer(815301076,1909f56bfc062723c751e8b465ee728b)
Start importing Assets/Resources/Floor.prefab using Guid(5b7208381b7a9784d94cef0ebe46c560) Importer(815301076,1909f56bfc062723c751e8b465ee728b)  -> (artifact id: 'e89d71df5b2e53376a13169fa2c5178d') in 0.172965 seconds
  Import took 0.182147 seconds .

========================================================================
Received Import Request.
  Time since last request: 0.476119 seconds.
  path: Assets/Resources/Floor.prefab
  artifactKey: Guid(5b7208381b7a9784d94cef0ebe46c560) Importer(815301076,1909f56bfc062723c751e8b465ee728b)
Start importing Assets/Resources/Floor.prefab using Guid(5b7208381b7a9784d94cef0ebe46c560) Importer(815301076,1909f56bfc062723c751e8b465ee728b)  -> (artifact id: '1fa0b475a80fb24713d431e3bee2f360') in 0.052045 seconds
  Import took 0.060337 seconds .

========================================================================
Received Import Request.
  Time since last request: 0.030781 seconds.
  path: Assets/Resources/Floor.prefab
  artifactKey: Guid(5b7208381b7a9784d94cef0ebe46c560) Importer(815301076,1909f56bfc062723c751e8b465ee728b)
Start importing Assets/Resources/Floor.prefab using Guid(5b7208381b7a9784d94cef0ebe46c560) Importer(815301076,1909f56bfc062723c751e8b465ee728b)  -> (artifact id: '1fa0b475a80fb24713d431e3bee2f360') in 0.042860 seconds
  Import took 0.050586 seconds .

========================================================================
Received Prepare
Registering precompiled user dll's ...
Registered in 0.001621 seconds.
Begin MonoManager ReloadAssembly
Native extension for WindowsStandalone target not found
Refreshing native plugins compatible for Editor in 0.90 ms, found 1 plugins.
Preloading 0 native plugins for Editor in 0.00 ms.
Invoked RoslynAnalysisRunner static constructor.
RoslynAnalysisRunner will not be running.
RoslynAnalysisRunner has terminated.
Mono: successfully reloaded assembly
- Completed reload, in  2.824 seconds
Platform modules already initialized, skipping
Refreshing native plugins compatible for Editor in 0.89 ms, found 1 plugins.
Preloading 0 native plugins for Editor in 0.00 ms.
Unloading 1790 Unused Serialized files (Serialized files now loaded: 0)
System memory in use before: 89.8 MB.
System memory in use after: 89.8 MB.

Unloading 12 unused Assets to reduce memory usage. Loaded Objects now: 2386.
Total: 6.275867 ms (FindLiveObjects: 0.918133 ms CreateObjectMapping: 0.267422 ms MarkObjects: 4.816534 ms  DeleteObjects: 0.264000 ms)

========================================================================
Received Prepare
Registering precompiled user dll's ...
Registered in 0.001664 seconds.
Begin MonoManager ReloadAssembly
Native extension for WindowsStandalone target not found
Refreshing native plugins compatible for Editor in 0.93 ms, found 1 plugins.
Preloading 0 native plugins for Editor in 0.00 ms.
Invoked RoslynAnalysisRunner static constructor.
RoslynAnalysisRunner will not be running.
RoslynAnalysisRunner has terminated.
Mono: successfully reloaded assembly
- Completed reload, in  2.973 seconds
Platform modules already initialized, skipping
Refreshing native plugins compatible for Editor in 0.90 ms, found 1 plugins.
Preloading 0 native plugins for Editor in 0.00 ms.
Unloading 1790 Unused Serialized files (Serialized files now loaded: 0)
System memory in use before: 89.9 MB.
System memory in use after: 89.9 MB.

Unloading 12 unused Assets to reduce memory usage. Loaded Objects now: 2389.
Total: 8.218223 ms (FindLiveObjects: 0.717200 ms CreateObjectMapping: 0.264000 ms MarkObjects: 6.937334 ms  DeleteObjects: 0.289911 ms)

========================================================================
Received Prepare
Registering precompiled user dll's ...
Registered in 0.001606 seconds.
Begin MonoManager ReloadAssembly
Native extension for WindowsStandalone target not found
Refreshing native plugins compatible for Editor in 1.28 ms, found 1 plugins.
Preloading 0 native plugins for Editor in 0.00 ms.
Invoked RoslynAnalysisRunner static constructor.
RoslynAnalysisRunner will not be running.
RoslynAnalysisRunner has terminated.
Mono: successfully reloaded assembly
- Completed reload, in  2.838 seconds
Platform modules already initialized, skipping
Refreshing native plugins compatible for Editor in 0.86 ms, found 1 plugins.
Preloading 0 native plugins for Editor in 0.00 ms.
Unloading 1790 Unused Serialized files (Serialized files now loaded: 0)
System memory in use before: 89.9 MB.
System memory in use after: 89.9 MB.

Unloading 12 unused Assets to reduce memory usage. Loaded Objects now: 2392.
Total: 6.108667 ms (FindLiveObjects: 0.688845 ms CreateObjectMapping: 0.264978 ms MarkObjects: 4.881556 ms  DeleteObjects: 0.263022 ms)

========================================================================
Received Prepare
Registering precompiled user dll's ...
Registered in 0.001476 seconds.
Begin MonoManager ReloadAssembly
Native extension for WindowsStandalone target not found
Refreshing native plugins compatible for Editor in 0.96 ms, found 1 plugins.
Preloading 0 native plugins for Editor in 0.00 ms.
Invoked RoslynAnalysisRunner static constructor.
RoslynAnalysisRunner will not be running.
RoslynAnalysisRunner has terminated.
Mono: successfully reloaded assembly
- Completed reload, in  3.593 seconds
Platform modules already initialized, skipping
Refreshing native plugins compatible for Editor in 0.89 ms, found 1 plugins.
Preloading 0 native plugins for Editor in 0.00 ms.
Unloading 1790 Unused Serialized files (Serialized files now loaded: 0)
System memory in use before: 89.0 MB.
System memory in use after: 89.0 MB.

Unloading 12 unused Assets to reduce memory usage. Loaded Objects now: 2395.
Total: 6.334534 ms (FindLiveObjects: 0.692756 ms CreateObjectMapping: 0.321200 ms MarkObjects: 5.044845 ms  DeleteObjects: 0.263511 ms)

========================================================================
Received Prepare
Registering precompiled user dll's ...
Registered in 0.001542 seconds.
Begin MonoManager ReloadAssembly
Native extension for WindowsStandalone target not found
Refreshing native plugins compatible for Editor in 0.95 ms, found 1 plugins.
Preloading 0 native plugins for Editor in 0.00 ms.
Invoked RoslynAnalysisRunner static constructor.
RoslynAnalysisRunner will not be running.
RoslynAnalysisRunner has terminated.
Mono: successfully reloaded assembly
- Completed reload, in  2.913 seconds
Platform modules already initialized, skipping
Refreshing native plugins compatible for Editor in 1.11 ms, found 1 plugins.
Preloading 0 native plugins for Editor in 0.00 ms.
Unloading 1790 Unused Serialized files (Serialized files now loaded: 0)
System memory in use before: 89.1 MB.
System memory in use after: 89.1 MB.

Unloading 12 unused Assets to reduce memory usage. Loaded Objects now: 2398.
Total: 7.542579 ms (FindLiveObjects: 0.677600 ms CreateObjectMapping: 0.835511 ms MarkObjects: 5.762045 ms  DeleteObjects: 0.258622 ms)

========================================================================
Received Prepare
Registering precompiled user dll's ...
Registered in 0.001576 seconds.
Begin MonoManager ReloadAssembly
Native extension for WindowsStandalone target not found
Refreshing native plugins compatible for Editor in 0.91 ms, found 1 plugins.
Preloading 0 native plugins for Editor in 0.00 ms.
Invoked RoslynAnalysisRunner static constructor.
RoslynAnalysisRunner will not be running.
RoslynAnalysisRunner has terminated.
Mono: successfully reloaded assembly
- Completed reload, in  2.941 seconds
Platform modules already initialized, skipping
Refreshing native plugins compatible for Editor in 0.96 ms, found 1 plugins.
Preloading 0 native plugins for Editor in 0.00 ms.
Unloading 1790 Unused Serialized files (Serialized files now loaded: 0)
System memory in use before: 89.2 MB.
System memory in use after: 89.2 MB.

Unloading 12 unused Assets to reduce memory usage. Loaded Objects now: 2401.
Total: 6.446001 ms (FindLiveObjects: 0.683956 ms CreateObjectMapping: 0.270844 ms MarkObjects: 5.229156 ms  DeleteObjects: 0.252267 ms)

========================================================================
Received Import Request.
  Time since last request: 427.341921 seconds.
  path: Assets/ObjectDirector.cs
  artifactKey: Guid(d4158ee9e62999244834f2e4761433d8) Importer(815301076,1909f56bfc062723c751e8b465ee728b)
Start importing Assets/ObjectDirector.cs using Guid(d4158ee9e62999244834f2e4761433d8) Importer(815301076,1909f56bfc062723c751e8b465ee728b)  -> (artifact id: 'ffbfd2971fa3ed7c652dc5b3e8dbb4c8') in 0.012552 seconds
  Import took 0.021633 seconds .

========================================================================
Received Import Request.
  Time since last request: 0.005093 seconds.
  path: Assets/ObjectDirector.cs
  artifactKey: Guid(d4158ee9e62999244834f2e4761433d8) Importer(815301076,1909f56bfc062723c751e8b465ee728b)
Start importing Assets/ObjectDirector.cs using Guid(d4158ee9e62999244834f2e4761433d8) Importer(815301076,1909f56bfc062723c751e8b465ee728b)  -> (artifact id: 'ffbfd2971fa3ed7c652dc5b3e8dbb4c8') in 0.002657 seconds
  Import took 0.008924 seconds .

========================================================================
Received Import Request.
  Time since last request: 43.821412 seconds.
  path: Assets/Player/Player.prefab
  artifactKey: Guid(af4803b7a82958a4a81116f4f6b128c8) Importer(815301076,1909f56bfc062723c751e8b465ee728b)
Start importing Assets/Player/Player.prefab using Guid(af4803b7a82958a4a81116f4f6b128c8) Importer(815301076,1909f56bfc062723c751e8b465ee728b)  -> (artifact id: 'd78ac0ae9e2032c4a3140535520a10b6') in 0.199228 seconds
  Import took 0.205961 seconds .

========================================================================
Received Prepare
Registering precompiled user dll's ...
Registered in 0.001575 seconds.
Begin MonoManager ReloadAssembly
Native extension for WindowsStandalone target not found
Refreshing native plugins compatible for Editor in 2.02 ms, found 1 plugins.
Preloading 0 native plugins for Editor in 0.00 ms.
Invoked RoslynAnalysisRunner static constructor.
RoslynAnalysisRunner will not be running.
RoslynAnalysisRunner has terminated.
Mono: successfully reloaded assembly
- Completed reload, in  2.833 seconds
Platform modules already initialized, skipping
Refreshing native plugins compatible for Editor in 1.37 ms, found 1 plugins.
Preloading 0 native plugins for Editor in 0.00 ms.
Unloading 1790 Unused Serialized files (Serialized files now loaded: 0)
System memory in use before: 89.2 MB.
System memory in use after: 89.2 MB.

Unloading 12 unused Assets to reduce memory usage. Loaded Objects now: 2405.
Total: 6.934890 ms (FindLiveObjects: 0.691778 ms CreateObjectMapping: 0.261556 ms MarkObjects: 5.710712 ms  DeleteObjects: 0.261067 ms)

========================================================================
Received Prepare
Registering precompiled user dll's ...
Registered in 0.001760 seconds.
Begin MonoManager ReloadAssembly
Native extension for WindowsStandalone target not found
Refreshing native plugins compatible for Editor in 0.90 ms, found 1 plugins.
Preloading 0 native plugins for Editor in 0.00 ms.
Invoked RoslynAnalysisRunner static constructor.
RoslynAnalysisRunner will not be running.
RoslynAnalysisRunner has terminated.
Mono: successfully reloaded assembly
- Completed reload, in  2.831 seconds
Platform modules already initialized, skipping
Refreshing native plugins compatible for Editor in 1.94 ms, found 1 plugins.
Preloading 0 native plugins for Editor in 0.00 ms.
Unloading 1790 Unused Serialized files (Serialized files now loaded: 0)
System memory in use before: 89.3 MB.
System memory in use after: 89.3 MB.

Unloading 12 unused Assets to reduce memory usage. Loaded Objects now: 2408.
Total: 7.132401 ms (FindLiveObjects: 0.723556 ms CreateObjectMapping: 0.266933 ms MarkObjects: 5.852979 ms  DeleteObjects: 0.277689 ms)

========================================================================
Received Prepare
Registering precompiled user dll's ...
Registered in 0.001708 seconds.
Begin MonoManager ReloadAssembly
Native extension for WindowsStandalone target not found
Refreshing native plugins compatible for Editor in 0.92 ms, found 1 plugins.
Preloading 0 native plugins for Editor in 0.00 ms.
Invoked RoslynAnalysisRunner static constructor.
RoslynAnalysisRunner will not be running.
RoslynAnalysisRunner has terminated.
Mono: successfully reloaded assembly
- Completed reload, in  2.890 seconds
Platform modules already initialized, skipping
Refreshing native plugins compatible for Editor in 1.03 ms, found 1 plugins.
Preloading 0 native plugins for Editor in 0.00 ms.
Unloading 1790 Unused Serialized files (Serialized files now loaded: 0)
System memory in use before: 89.4 MB.
System memory in use after: 89.4 MB.

Unloading 12 unused Assets to reduce memory usage. Loaded Objects now: 2411.
Total: 7.240934 ms (FindLiveObjects: 0.897600 ms CreateObjectMapping: 0.281600 ms MarkObjects: 5.776223 ms  DeleteObjects: 0.273289 ms)

========================================================================
Received Prepare
Registering precompiled user dll's ...
Registered in 0.001527 seconds.
Begin MonoManager ReloadAssembly
Native extension for WindowsStandalone target not found
Refreshing native plugins compatible for Editor in 0.87 ms, found 1 plugins.
Preloading 0 native plugins for Editor in 0.00 ms.
Invoked RoslynAnalysisRunner static constructor.
RoslynAnalysisRunner will not be running.
RoslynAnalysisRunner has terminated.
Mono: successfully reloaded assembly
- Completed reload, in  2.796 seconds
Platform modules already initialized, skipping
Refreshing native plugins compatible for Editor in 1.39 ms, found 1 plugins.
Preloading 0 native plugins for Editor in 0.00 ms.
Unloading 1790 Unused Serialized files (Serialized files now loaded: 0)
System memory in use before: 89.5 MB.
System memory in use after: 89.5 MB.

Unloading 12 unused Assets to reduce memory usage. Loaded Objects now: 2414.
Total: 6.567245 ms (FindLiveObjects: 0.747022 ms CreateObjectMapping: 0.468845 ms MarkObjects: 5.074178 ms  DeleteObjects: 0.265956 ms)

AssetImportWorkerClient::OnTransportError - code=2 error=End of file
