Using pre-set license
Built from '2020.2/release' branch; Version is '2020.2.1f1 (270dd8c3da1c) revision 2559448'; Using compiler version '192528614'; Build Type 'Release'
OS: 'Windows 7  (6.1.0) 64bit' Language: 'ru' Physical Memory: 6143 MB
BatchMode: 1, IsHumanControllingUs: 0, StartBugReporterOnCrash: 0, Is64bit: 1, IsPro: 0

 COMMAND LINE ARGUMENTS:
D:\unity\2020.2.1f1\Editor\Unity.exe
-adb2
-batchMode
-noUpm
-name
AssetImportWorker0
-projectPath
D:/Unity/a/games/DesertRun
-logFile
Logs/AssetImportWorker0.log
-srvPort
49190
Successfully changed project path to: D:/Unity/a/games/DesertRun
D:/Unity/a/games/DesertRun
Using Asset Import Pipeline V2.
Refreshing native plugins compatible for Editor in 104.61 ms, found 1 plugins.
Preloading 0 native plugins for Editor in 0.00 ms.
Initialize engine version: 2020.2.1f1 (270dd8c3da1c)
[Subsystems] Discovering subsystems at path D:/unity/2020.2.1f1/Editor/Data/Resources/UnitySubsystems
[Subsystems] Discovering subsystems at path D:/Unity/a/games/DesertRun/Assets
GfxDevice: creating device client; threaded=0
d3d11: CreateDXGIFactory2(...) not found, fallbacking to CreateDXGIFactory1(...).
d3d11: QueryInterface(IDXGIFactory5) failed (80004002).
Direct3D:
    Version:  Direct3D 11.0 [level 11.0]
    Renderer: NVIDIA GeForce GTX 550 Ti (ID=0x1244)
    Vendor:   
    VRAM:     969 MB
    Driver:   23.21.13.9135
Initialize mono
Mono path[0] = 'D:/unity/2020.2.1f1/Editor/Data/Managed'
Mono path[1] = 'D:/unity/2020.2.1f1/Editor/Data/MonoBleedingEdge/lib/mono/unityjit'
Mono config path = 'D:/unity/2020.2.1f1/Editor/Data/MonoBleedingEdge/etc'
Using monoOptions --debugger-agent=transport=dt_socket,embedding=1,server=y,suspend=n,address=127.0.0.1:56196
Begin MonoManager ReloadAssembly
Registering precompiled unity dll's ...
Register platform support module: D:/unity/2020.2.1f1/Editor/Data/PlaybackEngines/WindowsStandaloneSupport/UnityEditor.WindowsStandalone.Extensions.dll
Registered in 0.001500 seconds.
Native extension for WindowsStandalone target not found
Refreshing native plugins compatible for Editor in 112.52 ms, found 1 plugins.
Preloading 0 native plugins for Editor in 0.00 ms.
Invoked RoslynAnalysisRunner static constructor.
RoslynAnalysisRunner will not be running.
RoslynAnalysisRunner has terminated.
Mono: successfully reloaded assembly
- Completed reload, in  4.845 seconds
Platform modules already initialized, skipping
Registering precompiled user dll's ...
Registered in 0.001469 seconds.
Begin MonoManager ReloadAssembly
Native extension for WindowsStandalone target not found
Refreshing native plugins compatible for Editor in 145.50 ms, found 1 plugins.
Preloading 0 native plugins for Editor in 0.00 ms.
Invoked RoslynAnalysisRunner static constructor.
RoslynAnalysisRunner will not be running.
RoslynAnalysisRunner has terminated.
Mono: successfully reloaded assembly
- Completed reload, in  3.354 seconds
Platform modules already initialized, skipping
========================================================================
Worker process is ready to serve import requests
Launched and connected shader compiler UnityShaderCompiler.exe after 0.05 seconds
Refreshing native plugins compatible for Editor in 0.89 ms, found 1 plugins.
Preloading 0 native plugins for Editor in 0.00 ms.
Unloading 1791 Unused Serialized files (Serialized files now loaded: 0)
System memory in use before: 84.3 MB.
System memory in use after: 84.3 MB.

Unloading 24 unused Assets to reduce memory usage. Loaded Objects now: 2231.
Total: 7.667734 ms (FindLiveObjects: 0.885378 ms CreateObjectMapping: 0.317778 ms MarkObjects: 6.140934 ms  DeleteObjects: 0.311911 ms)

========================================================================
Received Import Request.
  path: ProjectSettings/TagManager.asset
  artifactKey: Guid(00000000000000003000000000000000) Importer(815301076,1909f56bfc062723c751e8b465ee728b)
Start importing ProjectSettings/TagManager.asset using Guid(00000000000000003000000000000000) Importer(815301076,1909f56bfc062723c751e8b465ee728b)  -> (artifact id: '80fabed9bde5a367af7e0aff91c6380a') in 0.092882 seconds
  Import took 0.100406 seconds .

========================================================================
Received Import Request.
  Time since last request: 58.790407 seconds.
  path: Assets/Resources/Cactus.prefab
  artifactKey: Guid(dea9a85b9bd696e47a03fa8da5973813) Importer(815301076,1909f56bfc062723c751e8b465ee728b)
Start importing Assets/Resources/Cactus.prefab using Guid(dea9a85b9bd696e47a03fa8da5973813) Importer(815301076,1909f56bfc062723c751e8b465ee728b)  -> (artifact id: '7fccf33655455ec9319fb26e3d1d02b1') in 0.335784 seconds
  Import took 0.344938 seconds .

========================================================================
Received Import Request.
  Time since last request: 143.012672 seconds.
  path: Assets/Resources/Capsule.prefab
  artifactKey: Guid(fccf835a32f95c4469108fcfb66d90a1) Importer(815301076,1909f56bfc062723c751e8b465ee728b)
Start importing Assets/Resources/Capsule.prefab using Guid(fccf835a32f95c4469108fcfb66d90a1) Importer(815301076,1909f56bfc062723c751e8b465ee728b)  -> (artifact id: 'f47d7a106e0e463f19553fe4394ee588') in 0.038152 seconds
  Import took 0.051729 seconds .

========================================================================
Received Import Request.
  Time since last request: 0.053452 seconds.
  path: Assets/Resources/Capsule.prefab
  artifactKey: Guid(fccf835a32f95c4469108fcfb66d90a1) Importer(815301076,1909f56bfc062723c751e8b465ee728b)
Start importing Assets/Resources/Capsule.prefab using Guid(fccf835a32f95c4469108fcfb66d90a1) Importer(815301076,1909f56bfc062723c751e8b465ee728b)  -> (artifact id: 'f47d7a106e0e463f19553fe4394ee588') in 0.020878 seconds
  Import took 0.029251 seconds .

========================================================================
Received Import Request.
  Time since last request: 9.385629 seconds.
  path: Assets/TrashDeliter.prefab
  artifactKey: Guid(f979bb20d4ec89843be5b93a54301658) Importer(815301076,1909f56bfc062723c751e8b465ee728b)
Start importing Assets/TrashDeliter.prefab using Guid(f979bb20d4ec89843be5b93a54301658) Importer(815301076,1909f56bfc062723c751e8b465ee728b)  -> (artifact id: '78a0df76874f02077e336e7a2014b5c7') in 0.008354 seconds
  Import took 0.014486 seconds .

========================================================================
Received Import Request.
  Time since last request: 11.436083 seconds.
  path: Assets/ObjectDirector.prefab
  artifactKey: Guid(d45f29ca09043074793a0bb0c7b0a41a) Importer(815301076,1909f56bfc062723c751e8b465ee728b)
Start importing Assets/ObjectDirector.prefab using Guid(d45f29ca09043074793a0bb0c7b0a41a) Importer(815301076,1909f56bfc062723c751e8b465ee728b)  -> (artifact id: 'e390d29a2a1df6ac790142216b5108cb') in 0.013496 seconds
  Import took 0.023479 seconds .

========================================================================
Received Import Request.
  Time since last request: 0.047840 seconds.
  path: Assets/ObjectDirector.prefab
  artifactKey: Guid(d45f29ca09043074793a0bb0c7b0a41a) Importer(815301076,1909f56bfc062723c751e8b465ee728b)
Start importing Assets/ObjectDirector.prefab using Guid(d45f29ca09043074793a0bb0c7b0a41a) Importer(815301076,1909f56bfc062723c751e8b465ee728b)  -> (artifact id: 'e390d29a2a1df6ac790142216b5108cb') in 0.006379 seconds
  Import took 0.015106 seconds .

========================================================================
Received Import Request.
  Time since last request: 27.817499 seconds.
  path: Assets/ObjectDirector.prefab
  artifactKey: Guid(d45f29ca09043074793a0bb0c7b0a41a) Importer(815301076,1909f56bfc062723c751e8b465ee728b)
Start importing Assets/ObjectDirector.prefab using Guid(d45f29ca09043074793a0bb0c7b0a41a) Importer(815301076,1909f56bfc062723c751e8b465ee728b)  -> (artifact id: '4ec066052328f44f942d13564a477adc') in 0.010540 seconds
  Import took 0.024156 seconds .

========================================================================
Received Import Request.
  Time since last request: 0.039868 seconds.
  path: Assets/ObjectDirector.prefab
  artifactKey: Guid(d45f29ca09043074793a0bb0c7b0a41a) Importer(815301076,1909f56bfc062723c751e8b465ee728b)
Start importing Assets/ObjectDirector.prefab using Guid(d45f29ca09043074793a0bb0c7b0a41a) Importer(815301076,1909f56bfc062723c751e8b465ee728b)  -> (artifact id: '4ec066052328f44f942d13564a477adc') in 0.006377 seconds
  Import took 0.014981 seconds .

========================================================================
Received Import Request.
  Time since last request: 0.599850 seconds.
  path: Assets/ObjectDirector.prefab
  artifactKey: Guid(d45f29ca09043074793a0bb0c7b0a41a) Importer(815301076,1909f56bfc062723c751e8b465ee728b)
Start importing Assets/ObjectDirector.prefab using Guid(d45f29ca09043074793a0bb0c7b0a41a) Importer(815301076,1909f56bfc062723c751e8b465ee728b)  -> (artifact id: '93f810a862c2ec8dfed08fdeae423fa9') in 0.010345 seconds
  Import took 0.024732 seconds .

========================================================================
Received Import Request.
  Time since last request: 0.042706 seconds.
  path: Assets/ObjectDirector.prefab
  artifactKey: Guid(d45f29ca09043074793a0bb0c7b0a41a) Importer(815301076,1909f56bfc062723c751e8b465ee728b)
Start importing Assets/ObjectDirector.prefab using Guid(d45f29ca09043074793a0bb0c7b0a41a) Importer(815301076,1909f56bfc062723c751e8b465ee728b)  -> (artifact id: '93f810a862c2ec8dfed08fdeae423fa9') in 0.005505 seconds
  Import took 0.013024 seconds .

========================================================================
Received Import Request.
  Time since last request: 1.220242 seconds.
  path: Assets/ObjectDirector.prefab
  artifactKey: Guid(d45f29ca09043074793a0bb0c7b0a41a) Importer(815301076,1909f56bfc062723c751e8b465ee728b)
Start importing Assets/ObjectDirector.prefab using Guid(d45f29ca09043074793a0bb0c7b0a41a) Importer(815301076,1909f56bfc062723c751e8b465ee728b)  -> (artifact id: '889c1ad605918a049c41481299c81b17') in 0.007535 seconds
  Import took 0.014374 seconds .

========================================================================
Received Import Request.
  Time since last request: 0.038645 seconds.
  path: Assets/ObjectDirector.prefab
  artifactKey: Guid(d45f29ca09043074793a0bb0c7b0a41a) Importer(815301076,1909f56bfc062723c751e8b465ee728b)
Start importing Assets/ObjectDirector.prefab using Guid(d45f29ca09043074793a0bb0c7b0a41a) Importer(815301076,1909f56bfc062723c751e8b465ee728b)  -> (artifact id: '889c1ad605918a049c41481299c81b17') in 0.008966 seconds
  Import took 0.018861 seconds .

========================================================================
Received Import Request.
  Time since last request: 1.921003 seconds.
  path: Assets/TrashDeliter.prefab
  artifactKey: Guid(f979bb20d4ec89843be5b93a54301658) Importer(815301076,1909f56bfc062723c751e8b465ee728b)
Start importing Assets/TrashDeliter.prefab using Guid(f979bb20d4ec89843be5b93a54301658) Importer(815301076,1909f56bfc062723c751e8b465ee728b)  -> (artifact id: '0b8e74ae8a2244d5736cfdde531a8faa') in 0.012653 seconds
  Import took 0.025703 seconds .

========================================================================
Received Import Request.
  Time since last request: 0.042227 seconds.
  path: Assets/TrashDeliter.prefab
  artifactKey: Guid(f979bb20d4ec89843be5b93a54301658) Importer(815301076,1909f56bfc062723c751e8b465ee728b)
Start importing Assets/TrashDeliter.prefab using Guid(f979bb20d4ec89843be5b93a54301658) Importer(815301076,1909f56bfc062723c751e8b465ee728b)  -> (artifact id: '0b8e74ae8a2244d5736cfdde531a8faa') in 0.006329 seconds
  Import took 0.012733 seconds .

========================================================================
Received Import Request.
  Time since last request: 1.392087 seconds.
  path: Assets/TrashDeliter.prefab
  artifactKey: Guid(f979bb20d4ec89843be5b93a54301658) Importer(815301076,1909f56bfc062723c751e8b465ee728b)
Start importing Assets/TrashDeliter.prefab using Guid(f979bb20d4ec89843be5b93a54301658) Importer(815301076,1909f56bfc062723c751e8b465ee728b)  -> (artifact id: 'f0fcdc8589a85d7d0a2630a39479531e') in 0.007761 seconds
  Import took 0.020120 seconds .

========================================================================
Received Import Request.
  Time since last request: 38.201183 seconds.
  path: Assets/TrashDeliter.cs
  artifactKey: Guid(de41c12f2b0da7f4e8a04d6d6040e58e) Importer(815301076,1909f56bfc062723c751e8b465ee728b)
Start importing Assets/TrashDeliter.cs using Guid(de41c12f2b0da7f4e8a04d6d6040e58e) Importer(815301076,1909f56bfc062723c751e8b465ee728b)  -> (artifact id: 'bffeea39a0c238d96c41fdb41a755c36') in 0.055197 seconds
  Import took 0.066970 seconds .

========================================================================
Received Import Request.
  Time since last request: 12.509059 seconds.
  path: Assets/ObjectDirector.cs
  artifactKey: Guid(d4158ee9e62999244834f2e4761433d8) Importer(815301076,1909f56bfc062723c751e8b465ee728b)
Start importing Assets/ObjectDirector.cs using Guid(d4158ee9e62999244834f2e4761433d8) Importer(815301076,1909f56bfc062723c751e8b465ee728b)  -> (artifact id: '20f28086a93f8fbd8feb954897b8070e') in 0.002337 seconds
  Import took 0.010844 seconds .

========================================================================
Received Import Request.
  Time since last request: 0.003445 seconds.
  path: Assets/ObjectDirector.cs
  artifactKey: Guid(d4158ee9e62999244834f2e4761433d8) Importer(815301076,1909f56bfc062723c751e8b465ee728b)
Start importing Assets/ObjectDirector.cs using Guid(d4158ee9e62999244834f2e4761433d8) Importer(815301076,1909f56bfc062723c751e8b465ee728b)  -> (artifact id: '20f28086a93f8fbd8feb954897b8070e') in 0.003141 seconds
  Import took 0.016968 seconds .

========================================================================
Received Import Request.
  Time since last request: 161.322288 seconds.
  path: Assets/ObjectDirector.cs
  artifactKey: Guid(d4158ee9e62999244834f2e4761433d8) Importer(815301076,1909f56bfc062723c751e8b465ee728b)
Start importing Assets/ObjectDirector.cs using Guid(d4158ee9e62999244834f2e4761433d8) Importer(815301076,1909f56bfc062723c751e8b465ee728b)  -> (artifact id: 'ac76c0d6b633c0c09c329f2ed1a83e73') in 0.010906 seconds
  Import took 0.023312 seconds .

========================================================================
Received Import Request.
  Time since last request: 42.701134 seconds.
  path: Assets/ObjectDirector.cs
  artifactKey: Guid(d4158ee9e62999244834f2e4761433d8) Importer(815301076,1909f56bfc062723c751e8b465ee728b)
Start importing Assets/ObjectDirector.cs using Guid(d4158ee9e62999244834f2e4761433d8) Importer(815301076,1909f56bfc062723c751e8b465ee728b)  -> (artifact id: '7bb5a10cb08fe706fee81e3737ef10db') in 0.016944 seconds
  Import took 0.027037 seconds .

========================================================================
Received Import Request.
  Time since last request: 524.545893 seconds.
  path: Assets/ObjectDirector.cs
  artifactKey: Guid(d4158ee9e62999244834f2e4761433d8) Importer(815301076,1909f56bfc062723c751e8b465ee728b)
Start importing Assets/ObjectDirector.cs using Guid(d4158ee9e62999244834f2e4761433d8) Importer(815301076,1909f56bfc062723c751e8b465ee728b)  -> (artifact id: 'f3782ce6c9829d1a619f64fddb5e01fc') in 0.016270 seconds
  Import took 0.030708 seconds .

========================================================================
Received Import Request.
  Time since last request: 327.051093 seconds.
  path: Assets/ObjectDirector.cs
  artifactKey: Guid(d4158ee9e62999244834f2e4761433d8) Importer(815301076,1909f56bfc062723c751e8b465ee728b)
Start importing Assets/ObjectDirector.cs using Guid(d4158ee9e62999244834f2e4761433d8) Importer(815301076,1909f56bfc062723c751e8b465ee728b)  -> (artifact id: '41dde9ccf5f69dd1450cbc486ba0548a') in 0.017649 seconds
  Import took 0.029843 seconds .

========================================================================
Received Import Request.
  Time since last request: 245.780428 seconds.
  path: Assets/ObjectDirector.cs
  artifactKey: Guid(d4158ee9e62999244834f2e4761433d8) Importer(815301076,1909f56bfc062723c751e8b465ee728b)
Start importing Assets/ObjectDirector.cs using Guid(d4158ee9e62999244834f2e4761433d8) Importer(815301076,1909f56bfc062723c751e8b465ee728b)  -> (artifact id: '461c18cde37a3e815f051f4062e348ef') in 0.013071 seconds
  Import took 0.032616 seconds .

========================================================================
Received Import Request.
  Time since last request: 546.592995 seconds.
  path: Assets/ObjectDirector.cs
  artifactKey: Guid(d4158ee9e62999244834f2e4761433d8) Importer(815301076,1909f56bfc062723c751e8b465ee728b)
Start importing Assets/ObjectDirector.cs using Guid(d4158ee9e62999244834f2e4761433d8) Importer(815301076,1909f56bfc062723c751e8b465ee728b)  -> (artifact id: 'e02f1ce8782bb778a91dca05df778be3') in 0.012028 seconds
  Import took 0.027938 seconds .

========================================================================
Received Import Request.
  Time since last request: 128.544855 seconds.
  path: Assets/ObjectDirector.cs
  artifactKey: Guid(d4158ee9e62999244834f2e4761433d8) Importer(815301076,1909f56bfc062723c751e8b465ee728b)
Start importing Assets/ObjectDirector.cs using Guid(d4158ee9e62999244834f2e4761433d8) Importer(815301076,1909f56bfc062723c751e8b465ee728b)  -> (artifact id: 'a0b5a3095a3f727cabb71170688df8da') in 0.014558 seconds
  Import took 0.030841 seconds .

========================================================================
Received Import Request.
  Time since last request: 87.527752 seconds.
  path: Assets/ObjectDirector.cs
  artifactKey: Guid(d4158ee9e62999244834f2e4761433d8) Importer(815301076,1909f56bfc062723c751e8b465ee728b)
Start importing Assets/ObjectDirector.cs using Guid(d4158ee9e62999244834f2e4761433d8) Importer(815301076,1909f56bfc062723c751e8b465ee728b)  -> (artifact id: '119a8461fa3a8bb3094a14394b1e4f4c') in 0.021812 seconds
  Import took 0.035557 seconds .

========================================================================
Received Import Request.
  Time since last request: 6.243109 seconds.
  path: Assets/ObjectDirector.cs
  artifactKey: Guid(d4158ee9e62999244834f2e4761433d8) Importer(815301076,1909f56bfc062723c751e8b465ee728b)
Start importing Assets/ObjectDirector.cs using Guid(d4158ee9e62999244834f2e4761433d8) Importer(815301076,1909f56bfc062723c751e8b465ee728b)  -> (artifact id: '73f2da19de41abaed190cb6d8729d5f3') in 0.015773 seconds
  Import took 0.030330 seconds .

========================================================================
Received Prepare
Registering precompiled user dll's ...
Registered in 0.001589 seconds.
Begin MonoManager ReloadAssembly
Native extension for WindowsStandalone target not found
Refreshing native plugins compatible for Editor in 0.87 ms, found 1 plugins.
Preloading 0 native plugins for Editor in 0.00 ms.
Invoked RoslynAnalysisRunner static constructor.
RoslynAnalysisRunner will not be running.
RoslynAnalysisRunner has terminated.
Mono: successfully reloaded assembly
- Completed reload, in  2.701 seconds
Platform modules already initialized, skipping
Refreshing native plugins compatible for Editor in 0.86 ms, found 1 plugins.
Preloading 0 native plugins for Editor in 0.00 ms.
Unloading 1788 Unused Serialized files (Serialized files now loaded: 0)
System memory in use before: 87.5 MB.
System memory in use after: 87.5 MB.

Unloading 14 unused Assets to reduce memory usage. Loaded Objects now: 2242.
Total: 7.060045 ms (FindLiveObjects: 1.351289 ms CreateObjectMapping: 0.273289 ms MarkObjects: 5.185645 ms  DeleteObjects: 0.240533 ms)

========================================================================
Received Import Request.
  Time since last request: 16.667718 seconds.
  path: Assets/ObjectDirector.prefab
  artifactKey: Guid(d45f29ca09043074793a0bb0c7b0a41a) Importer(815301076,1909f56bfc062723c751e8b465ee728b)
Start importing Assets/ObjectDirector.prefab using Guid(d45f29ca09043074793a0bb0c7b0a41a) Importer(815301076,1909f56bfc062723c751e8b465ee728b)  -> (artifact id: '983cda53a1451791aa592b1c8114c5e1') in 0.066331 seconds
  Import took 0.075384 seconds .

========================================================================
Received Prepare
Registering precompiled user dll's ...
Registered in 0.001548 seconds.
Begin MonoManager ReloadAssembly
Native extension for WindowsStandalone target not found
Refreshing native plugins compatible for Editor in 0.87 ms, found 1 plugins.
Preloading 0 native plugins for Editor in 0.00 ms.
Invoked RoslynAnalysisRunner static constructor.
RoslynAnalysisRunner will not be running.
RoslynAnalysisRunner has terminated.
Mono: successfully reloaded assembly
- Completed reload, in  2.860 seconds
Platform modules already initialized, skipping
Refreshing native plugins compatible for Editor in 1.51 ms, found 1 plugins.
Preloading 0 native plugins for Editor in 0.00 ms.
Unloading 1789 Unused Serialized files (Serialized files now loaded: 0)
System memory in use before: 87.6 MB.
System memory in use after: 87.6 MB.

Unloading 12 unused Assets to reduce memory usage. Loaded Objects now: 2245.
Total: 6.429867 ms (FindLiveObjects: 0.655111 ms CreateObjectMapping: 0.302133 ms MarkObjects: 5.204712 ms  DeleteObjects: 0.257156 ms)

========================================================================
Received Import Request.
  Time since last request: 50.769969 seconds.
  path: Assets/ObjectDirector.cs
  artifactKey: Guid(d4158ee9e62999244834f2e4761433d8) Importer(815301076,1909f56bfc062723c751e8b465ee728b)
Start importing Assets/ObjectDirector.cs using Guid(d4158ee9e62999244834f2e4761433d8) Importer(815301076,1909f56bfc062723c751e8b465ee728b)  -> (artifact id: '6ed5c351fda009c93f635dc3ff5b57cd') in 0.014573 seconds
  Import took 0.021514 seconds .

========================================================================
Received Prepare
Registering precompiled user dll's ...
Registered in 0.001902 seconds.
Begin MonoManager ReloadAssembly
Native extension for WindowsStandalone target not found
Refreshing native plugins compatible for Editor in 1.53 ms, found 1 plugins.
Preloading 0 native plugins for Editor in 0.00 ms.
Invoked RoslynAnalysisRunner static constructor.
RoslynAnalysisRunner will not be running.
RoslynAnalysisRunner has terminated.
Mono: successfully reloaded assembly
- Completed reload, in  2.864 seconds
Platform modules already initialized, skipping
Refreshing native plugins compatible for Editor in 0.94 ms, found 1 plugins.
Preloading 0 native plugins for Editor in 0.00 ms.
Unloading 1789 Unused Serialized files (Serialized files now loaded: 0)
System memory in use before: 87.7 MB.
System memory in use after: 87.7 MB.

Unloading 12 unused Assets to reduce memory usage. Loaded Objects now: 2248.
Total: 6.513956 ms (FindLiveObjects: 0.848222 ms CreateObjectMapping: 0.279156 ms MarkObjects: 5.117690 ms  DeleteObjects: 0.258133 ms)

========================================================================
Received Prepare
Registering precompiled user dll's ...
Registered in 0.001562 seconds.
Begin MonoManager ReloadAssembly
Native extension for WindowsStandalone target not found
Refreshing native plugins compatible for Editor in 0.96 ms, found 1 plugins.
Preloading 0 native plugins for Editor in 0.00 ms.
Invoked RoslynAnalysisRunner static constructor.
RoslynAnalysisRunner will not be running.
RoslynAnalysisRunner has terminated.
Mono: successfully reloaded assembly
- Completed reload, in  3.216 seconds
Platform modules already initialized, skipping
Refreshing native plugins compatible for Editor in 0.85 ms, found 1 plugins.
Preloading 0 native plugins for Editor in 0.00 ms.
Unloading 1789 Unused Serialized files (Serialized files now loaded: 0)
System memory in use before: 87.8 MB.
System memory in use after: 87.8 MB.

Unloading 12 unused Assets to reduce memory usage. Loaded Objects now: 2251.
Total: 9.600312 ms (FindLiveObjects: 0.653645 ms CreateObjectMapping: 0.261067 ms MarkObjects: 8.251957 ms  DeleteObjects: 0.423378 ms)

========================================================================
Received Prepare
Registering precompiled user dll's ...
Registered in 0.001501 seconds.
Begin MonoManager ReloadAssembly
Native extension for WindowsStandalone target not found
Refreshing native plugins compatible for Editor in 0.87 ms, found 1 plugins.
Preloading 0 native plugins for Editor in 0.00 ms.
Invoked RoslynAnalysisRunner static constructor.
RoslynAnalysisRunner will not be running.
RoslynAnalysisRunner has terminated.
Mono: successfully reloaded assembly
- Completed reload, in  2.894 seconds
Platform modules already initialized, skipping
Refreshing native plugins compatible for Editor in 0.85 ms, found 1 plugins.
Preloading 0 native plugins for Editor in 0.00 ms.
Unloading 1789 Unused Serialized files (Serialized files now loaded: 0)
System memory in use before: 87.8 MB.
System memory in use after: 87.8 MB.

Unloading 12 unused Assets to reduce memory usage. Loaded Objects now: 2254.
Total: 7.295690 ms (FindLiveObjects: 1.146445 ms CreateObjectMapping: 0.287956 ms MarkObjects: 5.586045 ms  DeleteObjects: 0.264978 ms)

========================================================================
Received Import Request.
  Time since last request: 296.095437 seconds.
  path: Assets/Resources/Cactus.prefab
  artifactKey: Guid(dea9a85b9bd696e47a03fa8da5973813) Importer(815301076,1909f56bfc062723c751e8b465ee728b)
Start importing Assets/Resources/Cactus.prefab using Guid(dea9a85b9bd696e47a03fa8da5973813) Importer(815301076,1909f56bfc062723c751e8b465ee728b)  -> (artifact id: 'c98b57c7ff7077303dbf9ce6459ee9eb') in 0.295789 seconds
  Import took 0.304480 seconds .

========================================================================
Received Prepare
Registering precompiled user dll's ...
Registered in 0.001470 seconds.
Begin MonoManager ReloadAssembly
Native extension for WindowsStandalone target not found
Refreshing native plugins compatible for Editor in 0.92 ms, found 1 plugins.
Preloading 0 native plugins for Editor in 0.00 ms.
Invoked RoslynAnalysisRunner static constructor.
RoslynAnalysisRunner will not be running.
RoslynAnalysisRunner has terminated.
Mono: successfully reloaded assembly
- Completed reload, in  2.998 seconds
Platform modules already initialized, skipping
Refreshing native plugins compatible for Editor in 1.10 ms, found 1 plugins.
Preloading 0 native plugins for Editor in 0.00 ms.
Unloading 1789 Unused Serialized files (Serialized files now loaded: 0)
System memory in use before: 87.9 MB.
System memory in use after: 87.9 MB.

Unloading 12 unused Assets to reduce memory usage. Loaded Objects now: 2258.
Total: 8.249512 ms (FindLiveObjects: 0.915200 ms CreateObjectMapping: 0.476667 ms MarkObjects: 6.568223 ms  DeleteObjects: 0.277200 ms)

========================================================================
Received Prepare
Registering precompiled user dll's ...
Registered in 0.001658 seconds.
Begin MonoManager ReloadAssembly
Native extension for WindowsStandalone target not found
Refreshing native plugins compatible for Editor in 0.93 ms, found 1 plugins.
Preloading 0 native plugins for Editor in 0.00 ms.
Invoked RoslynAnalysisRunner static constructor.
RoslynAnalysisRunner will not be running.
RoslynAnalysisRunner has terminated.
Mono: successfully reloaded assembly
- Completed reload, in  2.831 seconds
Platform modules already initialized, skipping
Refreshing native plugins compatible for Editor in 1.03 ms, found 1 plugins.
Preloading 0 native plugins for Editor in 0.00 ms.
Unloading 1789 Unused Serialized files (Serialized files now loaded: 0)
System memory in use before: 88.0 MB.
System memory in use after: 88.0 MB.

Unloading 12 unused Assets to reduce memory usage. Loaded Objects now: 2261.
Total: 13.239602 ms (FindLiveObjects: 0.657067 ms CreateObjectMapping: 0.318267 ms MarkObjects: 11.989024 ms  DeleteObjects: 0.265467 ms)

========================================================================
Received Prepare
Registering precompiled user dll's ...
Registered in 0.001545 seconds.
Begin MonoManager ReloadAssembly
Native extension for WindowsStandalone target not found
Refreshing native plugins compatible for Editor in 0.94 ms, found 1 plugins.
Preloading 0 native plugins for Editor in 0.00 ms.
Invoked RoslynAnalysisRunner static constructor.
RoslynAnalysisRunner will not be running.
RoslynAnalysisRunner has terminated.
Mono: successfully reloaded assembly
- Completed reload, in  2.833 seconds
Platform modules already initialized, skipping
Refreshing native plugins compatible for Editor in 0.89 ms, found 1 plugins.
Preloading 0 native plugins for Editor in 0.00 ms.
Unloading 1789 Unused Serialized files (Serialized files now loaded: 0)
System memory in use before: 88.1 MB.
System memory in use after: 88.1 MB.

Unloading 12 unused Assets to reduce memory usage. Loaded Objects now: 2264.
Total: 6.844934 ms (FindLiveObjects: 1.121511 ms CreateObjectMapping: 0.267422 ms MarkObjects: 5.187112 ms  DeleteObjects: 0.257156 ms)

========================================================================
Received Prepare
Registering precompiled user dll's ...
Registered in 0.002010 seconds.
Begin MonoManager ReloadAssembly
Native extension for WindowsStandalone target not found
Refreshing native plugins compatible for Editor in 0.92 ms, found 1 plugins.
Preloading 0 native plugins for Editor in 0.00 ms.
Invoked RoslynAnalysisRunner static constructor.
RoslynAnalysisRunner will not be running.
RoslynAnalysisRunner has terminated.
Mono: successfully reloaded assembly
- Completed reload, in  2.682 seconds
Platform modules already initialized, skipping
Refreshing native plugins compatible for Editor in 0.88 ms, found 1 plugins.
Preloading 0 native plugins for Editor in 0.00 ms.
Unloading 1789 Unused Serialized files (Serialized files now loaded: 0)
System memory in use before: 88.1 MB.
System memory in use after: 88.1 MB.

Unloading 12 unused Assets to reduce memory usage. Loaded Objects now: 2267.
Total: 6.898712 ms (FindLiveObjects: 0.721600 ms CreateObjectMapping: 0.723067 ms MarkObjects: 5.169023 ms  DeleteObjects: 0.274756 ms)

========================================================================
Received Prepare
Registering precompiled user dll's ...
Registered in 0.002473 seconds.
Begin MonoManager ReloadAssembly
Native extension for WindowsStandalone target not found
Refreshing native plugins compatible for Editor in 0.92 ms, found 1 plugins.
Preloading 0 native plugins for Editor in 0.00 ms.
Invoked RoslynAnalysisRunner static constructor.
RoslynAnalysisRunner will not be running.
RoslynAnalysisRunner has terminated.
Mono: successfully reloaded assembly
- Completed reload, in  3.397 seconds
Platform modules already initialized, skipping
Refreshing native plugins compatible for Editor in 0.86 ms, found 1 plugins.
Preloading 0 native plugins for Editor in 0.00 ms.
Unloading 1789 Unused Serialized files (Serialized files now loaded: 0)
System memory in use before: 88.2 MB.
System memory in use after: 88.2 MB.

Unloading 12 unused Assets to reduce memory usage. Loaded Objects now: 2270.
Total: 7.357779 ms (FindLiveObjects: 0.947467 ms CreateObjectMapping: 0.267422 ms MarkObjects: 5.864712 ms  DeleteObjects: 0.268889 ms)

========================================================================
Received Prepare
Registering precompiled user dll's ...
Registered in 0.001674 seconds.
Begin MonoManager ReloadAssembly
Native extension for WindowsStandalone target not found
Refreshing native plugins compatible for Editor in 0.90 ms, found 1 plugins.
Preloading 0 native plugins for Editor in 0.00 ms.
Invoked RoslynAnalysisRunner static constructor.
RoslynAnalysisRunner will not be running.
RoslynAnalysisRunner has terminated.
Mono: successfully reloaded assembly
- Completed reload, in  3.308 seconds
Platform modules already initialized, skipping
Refreshing native plugins compatible for Editor in 0.86 ms, found 1 plugins.
Preloading 0 native plugins for Editor in 0.00 ms.
Unloading 1789 Unused Serialized files (Serialized files now loaded: 0)
System memory in use before: 88.3 MB.
System memory in use after: 88.3 MB.

Unloading 12 unused Assets to reduce memory usage. Loaded Objects now: 2273.
Total: 7.194490 ms (FindLiveObjects: 0.687867 ms CreateObjectMapping: 0.259111 ms MarkObjects: 5.951245 ms  DeleteObjects: 0.286489 ms)

========================================================================
Received Import Request.
  Time since last request: 474.697849 seconds.
  path: Assets/Resources/Cactus.prefab
  artifactKey: Guid(dea9a85b9bd696e47a03fa8da5973813) Importer(815301076,1909f56bfc062723c751e8b465ee728b)
Start importing Assets/Resources/Cactus.prefab using Guid(dea9a85b9bd696e47a03fa8da5973813) Importer(815301076,1909f56bfc062723c751e8b465ee728b)  -> (artifact id: 'acfb6581efc835b206dde9dbfdea832e') in 0.277458 seconds
  Import took 0.285082 seconds .

========================================================================
Received Prepare
Registering precompiled user dll's ...
Registered in 0.002005 seconds.
Begin MonoManager ReloadAssembly
Native extension for WindowsStandalone target not found
Refreshing native plugins compatible for Editor in 0.88 ms, found 1 plugins.
Preloading 0 native plugins for Editor in 0.00 ms.
Invoked RoslynAnalysisRunner static constructor.
RoslynAnalysisRunner will not be running.
RoslynAnalysisRunner has terminated.
Mono: successfully reloaded assembly
- Completed reload, in  2.884 seconds
Platform modules already initialized, skipping
Refreshing native plugins compatible for Editor in 0.86 ms, found 1 plugins.
Preloading 0 native plugins for Editor in 0.00 ms.
Unloading 1789 Unused Serialized files (Serialized files now loaded: 0)
System memory in use before: 88.4 MB.
System memory in use after: 88.4 MB.

Unloading 12 unused Assets to reduce memory usage. Loaded Objects now: 2277.
Total: 6.192756 ms (FindLiveObjects: 0.672711 ms CreateObjectMapping: 0.267422 ms MarkObjects: 4.972490 ms  DeleteObjects: 0.270356 ms)

========================================================================
Received Prepare
Registering precompiled user dll's ...
Registered in 0.001482 seconds.
Begin MonoManager ReloadAssembly
Native extension for WindowsStandalone target not found
Refreshing native plugins compatible for Editor in 0.87 ms, found 1 plugins.
Preloading 0 native plugins for Editor in 0.00 ms.
Invoked RoslynAnalysisRunner static constructor.
RoslynAnalysisRunner will not be running.
RoslynAnalysisRunner has terminated.
Mono: successfully reloaded assembly
- Completed reload, in  2.989 seconds
Platform modules already initialized, skipping
Refreshing native plugins compatible for Editor in 0.85 ms, found 1 plugins.
Preloading 0 native plugins for Editor in 0.00 ms.
Unloading 1789 Unused Serialized files (Serialized files now loaded: 0)
System memory in use before: 88.4 MB.
System memory in use after: 88.4 MB.

Unloading 12 unused Assets to reduce memory usage. Loaded Objects now: 2280.
Total: 6.641068 ms (FindLiveObjects: 0.680533 ms CreateObjectMapping: 0.389644 ms MarkObjects: 5.307378 ms  DeleteObjects: 0.252267 ms)

========================================================================
Received Prepare
Registering precompiled user dll's ...
Registered in 0.001718 seconds.
Begin MonoManager ReloadAssembly
Native extension for WindowsStandalone target not found
Refreshing native plugins compatible for Editor in 1.13 ms, found 1 plugins.
Preloading 0 native plugins for Editor in 0.00 ms.
Invoked RoslynAnalysisRunner static constructor.
RoslynAnalysisRunner will not be running.
RoslynAnalysisRunner has terminated.
Mono: successfully reloaded assembly
- Completed reload, in  2.938 seconds
Platform modules already initialized, skipping
Refreshing native plugins compatible for Editor in 0.85 ms, found 1 plugins.
Preloading 0 native plugins for Editor in 0.00 ms.
Unloading 1789 Unused Serialized files (Serialized files now loaded: 0)
System memory in use before: 88.5 MB.
System memory in use after: 88.5 MB.

Unloading 12 unused Assets to reduce memory usage. Loaded Objects now: 2283.
Total: 7.049290 ms (FindLiveObjects: 0.695200 ms CreateObjectMapping: 0.262044 ms MarkObjects: 5.798712 ms  DeleteObjects: 0.282578 ms)

========================================================================
Received Prepare
Registering precompiled user dll's ...
Registered in 0.001503 seconds.
Begin MonoManager ReloadAssembly
Native extension for WindowsStandalone target not found
Refreshing native plugins compatible for Editor in 0.88 ms, found 1 plugins.
Preloading 0 native plugins for Editor in 0.00 ms.
Invoked RoslynAnalysisRunner static constructor.
RoslynAnalysisRunner will not be running.
RoslynAnalysisRunner has terminated.
Mono: successfully reloaded assembly
- Completed reload, in  2.931 seconds
Platform modules already initialized, skipping
Refreshing native plugins compatible for Editor in 0.90 ms, found 1 plugins.
Preloading 0 native plugins for Editor in 0.00 ms.
Unloading 1789 Unused Serialized files (Serialized files now loaded: 0)
System memory in use before: 88.6 MB.
System memory in use after: 88.6 MB.

Unloading 12 unused Assets to reduce memory usage. Loaded Objects now: 2286.
Total: 6.526179 ms (FindLiveObjects: 0.665867 ms CreateObjectMapping: 0.263511 ms MarkObjects: 5.341601 ms  DeleteObjects: 0.245422 ms)

========================================================================
Received Prepare
Registering precompiled user dll's ...
Registered in 0.001632 seconds.
Begin MonoManager ReloadAssembly
Native extension for WindowsStandalone target not found
Refreshing native plugins compatible for Editor in 0.88 ms, found 1 plugins.
Preloading 0 native plugins for Editor in 0.00 ms.
Invoked RoslynAnalysisRunner static constructor.
RoslynAnalysisRunner will not be running.
RoslynAnalysisRunner has terminated.
Mono: successfully reloaded assembly
- Completed reload, in  3.296 seconds
Platform modules already initialized, skipping
Refreshing native plugins compatible for Editor in 0.87 ms, found 1 plugins.
Preloading 0 native plugins for Editor in 0.00 ms.
Unloading 1789 Unused Serialized files (Serialized files now loaded: 0)
System memory in use before: 88.6 MB.
System memory in use after: 88.6 MB.

Unloading 12 unused Assets to reduce memory usage. Loaded Objects now: 2289.
Total: 7.356801 ms (FindLiveObjects: 0.702045 ms CreateObjectMapping: 0.562222 ms MarkObjects: 5.823645 ms  DeleteObjects: 0.258133 ms)

========================================================================
Received Prepare
Registering precompiled user dll's ...
Registered in 0.001611 seconds.
Begin MonoManager ReloadAssembly
Native extension for WindowsStandalone target not found
Refreshing native plugins compatible for Editor in 1.14 ms, found 1 plugins.
Preloading 0 native plugins for Editor in 0.00 ms.
Invoked RoslynAnalysisRunner static constructor.
RoslynAnalysisRunner will not be running.
RoslynAnalysisRunner has terminated.
Mono: successfully reloaded assembly
- Completed reload, in  3.151 seconds
Platform modules already initialized, skipping
Refreshing native plugins compatible for Editor in 0.96 ms, found 1 plugins.
Preloading 0 native plugins for Editor in 0.00 ms.
Unloading 1789 Unused Serialized files (Serialized files now loaded: 0)
System memory in use before: 88.7 MB.
System memory in use after: 88.7 MB.

Unloading 12 unused Assets to reduce memory usage. Loaded Objects now: 2292.
Total: 7.301068 ms (FindLiveObjects: 0.757778 ms CreateObjectMapping: 0.274267 ms MarkObjects: 5.974712 ms  DeleteObjects: 0.284533 ms)

========================================================================
Received Prepare
Registering precompiled user dll's ...
Registered in 0.002219 seconds.
Begin MonoManager ReloadAssembly
Native extension for WindowsStandalone target not found
Refreshing native plugins compatible for Editor in 0.87 ms, found 1 plugins.
Preloading 0 native plugins for Editor in 0.00 ms.
Invoked RoslynAnalysisRunner static constructor.
RoslynAnalysisRunner will not be running.
RoslynAnalysisRunner has terminated.
Mono: successfully reloaded assembly
- Completed reload, in  3.330 seconds
Platform modules already initialized, skipping
Refreshing native plugins compatible for Editor in 0.90 ms, found 1 plugins.
Preloading 0 native plugins for Editor in 0.00 ms.
Unloading 1789 Unused Serialized files (Serialized files now loaded: 0)
System memory in use before: 88.8 MB.
System memory in use after: 88.8 MB.

Unloading 12 unused Assets to reduce memory usage. Loaded Objects now: 2295.
Total: 7.586090 ms (FindLiveObjects: 0.675156 ms CreateObjectMapping: 0.260578 ms MarkObjects: 6.374134 ms  DeleteObjects: 0.266933 ms)

========================================================================
Received Prepare
Registering precompiled user dll's ...
Registered in 0.002323 seconds.
Begin MonoManager ReloadAssembly
Native extension for WindowsStandalone target not found
Refreshing native plugins compatible for Editor in 0.90 ms, found 1 plugins.
Preloading 0 native plugins for Editor in 0.00 ms.
Invoked RoslynAnalysisRunner static constructor.
RoslynAnalysisRunner will not be running.
RoslynAnalysisRunner has terminated.
Mono: successfully reloaded assembly
- Completed reload, in  2.938 seconds
Platform modules already initialized, skipping
Refreshing native plugins compatible for Editor in 1.36 ms, found 1 plugins.
Preloading 0 native plugins for Editor in 0.00 ms.
Unloading 1789 Unused Serialized files (Serialized files now loaded: 0)
System memory in use before: 88.9 MB.
System memory in use after: 88.9 MB.

Unloading 12 unused Assets to reduce memory usage. Loaded Objects now: 2298.
Total: 6.998934 ms (FindLiveObjects: 0.742133 ms CreateObjectMapping: 0.279156 ms MarkObjects: 5.693601 ms  DeleteObjects: 0.274756 ms)

========================================================================
Received Prepare
Registering precompiled user dll's ...
Registered in 0.001649 seconds.
Begin MonoManager ReloadAssembly
Native extension for WindowsStandalone target not found
Refreshing native plugins compatible for Editor in 0.87 ms, found 1 plugins.
Preloading 0 native plugins for Editor in 0.00 ms.
Invoked RoslynAnalysisRunner static constructor.
RoslynAnalysisRunner will not be running.
RoslynAnalysisRunner has terminated.
Mono: successfully reloaded assembly
- Completed reload, in  3.136 seconds
Platform modules already initialized, skipping
Refreshing native plugins compatible for Editor in 0.91 ms, found 1 plugins.
Preloading 0 native plugins for Editor in 0.00 ms.
Unloading 1789 Unused Serialized files (Serialized files now loaded: 0)
System memory in use before: 88.9 MB.
System memory in use after: 88.9 MB.

Unloading 12 unused Assets to reduce memory usage. Loaded Objects now: 2301.
Total: 6.831245 ms (FindLiveObjects: 0.680533 ms CreateObjectMapping: 0.255200 ms MarkObjects: 5.610978 ms  DeleteObjects: 0.273778 ms)

========================================================================
Received Prepare
Registering precompiled user dll's ...
Registered in 0.001479 seconds.
Begin MonoManager ReloadAssembly
Native extension for WindowsStandalone target not found
Refreshing native plugins compatible for Editor in 1.20 ms, found 1 plugins.
Preloading 0 native plugins for Editor in 0.00 ms.
Invoked RoslynAnalysisRunner static constructor.
RoslynAnalysisRunner will not be running.
RoslynAnalysisRunner has terminated.
Mono: successfully reloaded assembly
- Completed reload, in  3.046 seconds
Platform modules already initialized, skipping
Refreshing native plugins compatible for Editor in 0.90 ms, found 1 plugins.
Preloading 0 native plugins for Editor in 0.00 ms.
Unloading 1789 Unused Serialized files (Serialized files now loaded: 0)
System memory in use before: 89.0 MB.
System memory in use after: 89.0 MB.

Unloading 12 unused Assets to reduce memory usage. Loaded Objects now: 2304.
Total: 7.631557 ms (FindLiveObjects: 1.011511 ms CreateObjectMapping: 0.792489 ms MarkObjects: 5.540090 ms  DeleteObjects: 0.277200 ms)

========================================================================
Received Import Request.
  Time since last request: 728.624384 seconds.
  path: Assets/Sprites/Floor.png
  artifactKey: Guid(8c4318373f896ff468e5d57a8c8c2fec) Importer(815301076,1909f56bfc062723c751e8b465ee728b)
Start importing Assets/Sprites/Floor.png using Guid(8c4318373f896ff468e5d57a8c8c2fec) Importer(815301076,1909f56bfc062723c751e8b465ee728b)  -> (artifact id: '12158c39c41cb59817f1b8ccfb26f1a1') in 0.231553 seconds
  Import took 0.240979 seconds .

========================================================================
Received Import Request.
  Time since last request: 5.815115 seconds.
  path: Assets/Sprites/Floor.png
  artifactKey: Guid(8c4318373f896ff468e5d57a8c8c2fec) Importer(815301076,1909f56bfc062723c751e8b465ee728b)
Start importing Assets/Sprites/Floor.png using Guid(8c4318373f896ff468e5d57a8c8c2fec) Importer(815301076,1909f56bfc062723c751e8b465ee728b)  -> (artifact id: '947aaf3ea0a2041eb309656221723842') in 0.065537 seconds
  Import took 0.087879 seconds .

========================================================================
Received Import Request.
  Time since last request: 0.017662 seconds.
  path: Assets/Sprites/Floor.png
  artifactKey: Guid(8c4318373f896ff468e5d57a8c8c2fec) Importer(815301076,1909f56bfc062723c751e8b465ee728b)
Start importing Assets/Sprites/Floor.png using Guid(8c4318373f896ff468e5d57a8c8c2fec) Importer(815301076,1909f56bfc062723c751e8b465ee728b)  -> (artifact id: '947aaf3ea0a2041eb309656221723842') in 0.066833 seconds
  Import took 0.077815 seconds .

========================================================================
Received Import Request.
  Time since last request: 20.532709 seconds.
  path: Assets/Sprites/Floor.png
  artifactKey: Guid(8c4318373f896ff468e5d57a8c8c2fec) Importer(815301076,1909f56bfc062723c751e8b465ee728b)
Start importing Assets/Sprites/Floor.png using Guid(8c4318373f896ff468e5d57a8c8c2fec) Importer(815301076,1909f56bfc062723c751e8b465ee728b)  -> (artifact id: '2135cc7baef071d9f29b4b26d1fb9334') in 0.144753 seconds
  Import took 0.153474 seconds .

========================================================================
Received Prepare
Registering precompiled user dll's ...
Registered in 0.001726 seconds.
Begin MonoManager ReloadAssembly
Native extension for WindowsStandalone target not found
Refreshing native plugins compatible for Editor in 0.93 ms, found 1 plugins.
Preloading 0 native plugins for Editor in 0.00 ms.
Invoked RoslynAnalysisRunner static constructor.
RoslynAnalysisRunner will not be running.
RoslynAnalysisRunner has terminated.
Mono: successfully reloaded assembly
- Completed reload, in  3.263 seconds
Platform modules already initialized, skipping
Refreshing native plugins compatible for Editor in 1.60 ms, found 1 plugins.
Preloading 0 native plugins for Editor in 0.00 ms.
Unloading 1789 Unused Serialized files (Serialized files now loaded: 0)
System memory in use before: 89.1 MB.
System memory in use after: 89.1 MB.

Unloading 12 unused Assets to reduce memory usage. Loaded Objects now: 2311.
Total: 15.612180 ms (FindLiveObjects: 4.777423 ms CreateObjectMapping: 0.287467 ms MarkObjects: 10.272535 ms  DeleteObjects: 0.264489 ms)

========================================================================
Received Import Request.
  Time since last request: 108.322883 seconds.
  path: Assets/Resources/Floor.prefab
  artifactKey: Guid(5b7208381b7a9784d94cef0ebe46c560) Importer(815301076,1909f56bfc062723c751e8b465ee728b)
Start importing Assets/Resources/Floor.prefab using Guid(5b7208381b7a9784d94cef0ebe46c560) Importer(815301076,1909f56bfc062723c751e8b465ee728b)  -> (artifact id: '00d09e36f8d257265d962fbc1ffa704b') in 0.184639 seconds
  Import took 0.192139 seconds .

========================================================================
Received Prepare
Registering precompiled user dll's ...
Registered in 0.002317 seconds.
Begin MonoManager ReloadAssembly
Native extension for WindowsStandalone target not found
Refreshing native plugins compatible for Editor in 1.12 ms, found 1 plugins.
Preloading 0 native plugins for Editor in 0.00 ms.
Invoked RoslynAnalysisRunner static constructor.
RoslynAnalysisRunner will not be running.
RoslynAnalysisRunner has terminated.
Mono: successfully reloaded assembly
- Completed reload, in  2.891 seconds
Platform modules already initialized, skipping
Refreshing native plugins compatible for Editor in 1.28 ms, found 1 plugins.
Preloading 0 native plugins for Editor in 0.00 ms.
Unloading 1789 Unused Serialized files (Serialized files now loaded: 0)
System memory in use before: 89.2 MB.
System memory in use after: 89.2 MB.

Unloading 12 unused Assets to reduce memory usage. Loaded Objects now: 2315.
Total: 7.550890 ms (FindLiveObjects: 1.278445 ms CreateObjectMapping: 0.326578 ms MarkObjects: 5.622712 ms  DeleteObjects: 0.312889 ms)

========================================================================
Received Import Request.
  Time since last request: 112.565682 seconds.
  path: Assets/CameraBorder.cs
  artifactKey: Guid(afe9dc8d4df401f4b9c064bf27da5390) Importer(815301076,1909f56bfc062723c751e8b465ee728b)
Start importing Assets/CameraBorder.cs using Guid(afe9dc8d4df401f4b9c064bf27da5390) Importer(815301076,1909f56bfc062723c751e8b465ee728b)  -> (artifact id: 'baf6f7fa42ea67ed8c229d7b6c0e70dc') in 0.010765 seconds
  Import took 0.019361 seconds .

========================================================================
Received Prepare
Registering precompiled user dll's ...
Registered in 0.020261 seconds.
Begin MonoManager ReloadAssembly
Native extension for WindowsStandalone target not found
Refreshing native plugins compatible for Editor in 1.04 ms, found 1 plugins.
Preloading 0 native plugins for Editor in 0.00 ms.
Invoked RoslynAnalysisRunner static constructor.
RoslynAnalysisRunner will not be running.
RoslynAnalysisRunner has terminated.
Mono: successfully reloaded assembly
- Completed reload, in  3.377 seconds
Platform modules already initialized, skipping
Refreshing native plugins compatible for Editor in 0.89 ms, found 1 plugins.
Preloading 0 native plugins for Editor in 0.00 ms.
Unloading 1790 Unused Serialized files (Serialized files now loaded: 0)
System memory in use before: 89.3 MB.
System memory in use after: 89.3 MB.

Unloading 12 unused Assets to reduce memory usage. Loaded Objects now: 2319.
Total: 6.849823 ms (FindLiveObjects: 0.677111 ms CreateObjectMapping: 0.631156 ms MarkObjects: 5.270712 ms  DeleteObjects: 0.261067 ms)

========================================================================
Received Prepare
Registering precompiled user dll's ...
Registered in 0.001927 seconds.
Begin MonoManager ReloadAssembly
Native extension for WindowsStandalone target not found
Refreshing native plugins compatible for Editor in 0.88 ms, found 1 plugins.
Preloading 0 native plugins for Editor in 0.00 ms.
Invoked RoslynAnalysisRunner static constructor.
RoslynAnalysisRunner will not be running.
RoslynAnalysisRunner has terminated.
Mono: successfully reloaded assembly
- Completed reload, in  2.963 seconds
Platform modules already initialized, skipping
Refreshing native plugins compatible for Editor in 0.91 ms, found 1 plugins.
Preloading 0 native plugins for Editor in 0.00 ms.
Unloading 1790 Unused Serialized files (Serialized files now loaded: 0)
System memory in use before: 89.3 MB.
System memory in use after: 89.3 MB.

Unloading 12 unused Assets to reduce memory usage. Loaded Objects now: 2322.
Total: 6.698268 ms (FindLiveObjects: 0.872178 ms CreateObjectMapping: 0.373022 ms MarkObjects: 5.174890 ms  DeleteObjects: 0.266444 ms)

========================================================================
Received Import Request.
  Time since last request: 1590.576736 seconds.
  path: Assets/CameraBorder.cs
  artifactKey: Guid(afe9dc8d4df401f4b9c064bf27da5390) Importer(815301076,1909f56bfc062723c751e8b465ee728b)
Start importing Assets/CameraBorder.cs using Guid(afe9dc8d4df401f4b9c064bf27da5390) Importer(815301076,1909f56bfc062723c751e8b465ee728b)  -> (artifact id: '49320c8483728da6689a18e55cb4b934') in 0.011179 seconds
  Import took 0.020144 seconds .

========================================================================
Received Prepare
Registering precompiled user dll's ...
Registered in 0.002041 seconds.
Begin MonoManager ReloadAssembly
Native extension for WindowsStandalone target not found
Refreshing native plugins compatible for Editor in 0.88 ms, found 1 plugins.
Preloading 0 native plugins for Editor in 0.00 ms.
Invoked RoslynAnalysisRunner static constructor.
RoslynAnalysisRunner will not be running.
RoslynAnalysisRunner has terminated.
Mono: successfully reloaded assembly
- Completed reload, in  3.081 seconds
Platform modules already initialized, skipping
Refreshing native plugins compatible for Editor in 1.11 ms, found 1 plugins.
Preloading 0 native plugins for Editor in 0.00 ms.
Unloading 1790 Unused Serialized files (Serialized files now loaded: 0)
System memory in use before: 89.4 MB.
System memory in use after: 89.4 MB.

Unloading 12 unused Assets to reduce memory usage. Loaded Objects now: 2325.
Total: 7.285423 ms (FindLiveObjects: 0.916178 ms CreateObjectMapping: 0.292356 ms MarkObjects: 5.558178 ms  DeleteObjects: 0.508445 ms)

========================================================================
Received Prepare
Registering precompiled user dll's ...
Registered in 0.001552 seconds.
Begin MonoManager ReloadAssembly
Native extension for WindowsStandalone target not found
Refreshing native plugins compatible for Editor in 0.93 ms, found 1 plugins.
Preloading 0 native plugins for Editor in 0.00 ms.
Invoked RoslynAnalysisRunner static constructor.
RoslynAnalysisRunner will not be running.
RoslynAnalysisRunner has terminated.
Mono: successfully reloaded assembly
- Completed reload, in  3.089 seconds
Platform modules already initialized, skipping
Refreshing native plugins compatible for Editor in 0.89 ms, found 1 plugins.
Preloading 0 native plugins for Editor in 0.00 ms.
Unloading 1790 Unused Serialized files (Serialized files now loaded: 0)
System memory in use before: 89.5 MB.
System memory in use after: 89.5 MB.

Unloading 12 unused Assets to reduce memory usage. Loaded Objects now: 2328.
Total: 22.300181 ms (FindLiveObjects: 0.698133 ms CreateObjectMapping: 0.262533 ms MarkObjects: 20.962580 ms  DeleteObjects: 0.365200 ms)

========================================================================
Received Prepare
Registering precompiled user dll's ...
Registered in 0.002134 seconds.
Begin MonoManager ReloadAssembly
Native extension for WindowsStandalone target not found
Refreshing native plugins compatible for Editor in 1.50 ms, found 1 plugins.
Preloading 0 native plugins for Editor in 0.00 ms.
Invoked RoslynAnalysisRunner static constructor.
RoslynAnalysisRunner will not be running.
RoslynAnalysisRunner has terminated.
Mono: successfully reloaded assembly
- Completed reload, in  3.229 seconds
Platform modules already initialized, skipping
Refreshing native plugins compatible for Editor in 1.22 ms, found 1 plugins.
Preloading 0 native plugins for Editor in 0.00 ms.
Unloading 1790 Unused Serialized files (Serialized files now loaded: 0)
System memory in use before: 89.6 MB.
System memory in use after: 89.6 MB.

Unloading 12 unused Assets to reduce memory usage. Loaded Objects now: 2331.
Total: 7.533290 ms (FindLiveObjects: 0.699111 ms CreateObjectMapping: 0.272311 ms MarkObjects: 6.278801 ms  DeleteObjects: 0.272311 ms)

========================================================================
Received Import Request.
  Time since last request: 1547.447029 seconds.
  path: Assets/ObjectDirector.prefab
  artifactKey: Guid(d45f29ca09043074793a0bb0c7b0a41a) Importer(815301076,1909f56bfc062723c751e8b465ee728b)
Start importing Assets/ObjectDirector.prefab using Guid(d45f29ca09043074793a0bb0c7b0a41a) Importer(815301076,1909f56bfc062723c751e8b465ee728b)  -> (artifact id: 'f0bbd3a2dac462c96cfea3cbce949ac3') in 0.101747 seconds
  Import took 0.109805 seconds .

========================================================================
Received Import Request.
  Time since last request: 2.139029 seconds.
  path: Assets/TrashDeliter.cs
  artifactKey: Guid(de41c12f2b0da7f4e8a04d6d6040e58e) Importer(815301076,1909f56bfc062723c751e8b465ee728b)
Start importing Assets/TrashDeliter.cs using Guid(de41c12f2b0da7f4e8a04d6d6040e58e) Importer(815301076,1909f56bfc062723c751e8b465ee728b)  -> (artifact id: '24d892be50639754f811c284143036f4') in 0.002523 seconds
  Import took 0.009471 seconds .

========================================================================
Received Import Request.
  Time since last request: 0.006549 seconds.
  path: Assets/TrashDeliter.cs
  artifactKey: Guid(de41c12f2b0da7f4e8a04d6d6040e58e) Importer(815301076,1909f56bfc062723c751e8b465ee728b)
Start importing Assets/TrashDeliter.cs using Guid(de41c12f2b0da7f4e8a04d6d6040e58e) Importer(815301076,1909f56bfc062723c751e8b465ee728b)  -> (artifact id: '24d892be50639754f811c284143036f4') in 0.004565 seconds
  Import took 0.033064 seconds .

========================================================================
Received Prepare
Registering precompiled user dll's ...
Registered in 0.001508 seconds.
Begin MonoManager ReloadAssembly
Native extension for WindowsStandalone target not found
Refreshing native plugins compatible for Editor in 1.13 ms, found 1 plugins.
Preloading 0 native plugins for Editor in 0.00 ms.
Invoked RoslynAnalysisRunner static constructor.
RoslynAnalysisRunner will not be running.
RoslynAnalysisRunner has terminated.
Mono: successfully reloaded assembly
- Completed reload, in  3.071 seconds
Platform modules already initialized, skipping
Refreshing native plugins compatible for Editor in 0.85 ms, found 1 plugins.
Preloading 0 native plugins for Editor in 0.00 ms.
Unloading 1789 Unused Serialized files (Serialized files now loaded: 0)
System memory in use before: 89.6 MB.
System memory in use after: 89.6 MB.

Unloading 13 unused Assets to reduce memory usage. Loaded Objects now: 2333.
Total: 6.802890 ms (FindLiveObjects: 0.928889 ms CreateObjectMapping: 0.269378 ms MarkObjects: 5.344534 ms  DeleteObjects: 0.250800 ms)

========================================================================
Received Import Request.
  Time since last request: 14.534192 seconds.
  path: Assets/TrashDeliter.prefab
  artifactKey: Guid(f979bb20d4ec89843be5b93a54301658) Importer(815301076,1909f56bfc062723c751e8b465ee728b)
Start importing Assets/TrashDeliter.prefab using Guid(f979bb20d4ec89843be5b93a54301658) Importer(815301076,1909f56bfc062723c751e8b465ee728b)  -> (artifact id: '04bd39a1352e944cc5c8531c350c0ad7') in 0.077240 seconds
  Import took 0.086056 seconds .

========================================================================
Received Prepare
Registering precompiled user dll's ...
Registered in 0.002036 seconds.
Begin MonoManager ReloadAssembly
Native extension for WindowsStandalone target not found
Refreshing native plugins compatible for Editor in 3.48 ms, found 1 plugins.
Preloading 0 native plugins for Editor in 0.00 ms.
Invoked RoslynAnalysisRunner static constructor.
RoslynAnalysisRunner will not be running.
RoslynAnalysisRunner has terminated.
Mono: successfully reloaded assembly
- Completed reload, in  2.962 seconds
Platform modules already initialized, skipping
Refreshing native plugins compatible for Editor in 0.85 ms, found 1 plugins.
Preloading 0 native plugins for Editor in 0.00 ms.
Unloading 1789 Unused Serialized files (Serialized files now loaded: 0)
System memory in use before: 89.7 MB.
System memory in use after: 89.7 MB.

Unloading 12 unused Assets to reduce memory usage. Loaded Objects now: 2336.
Total: 6.090090 ms (FindLiveObjects: 0.671733 ms CreateObjectMapping: 0.346133 ms MarkObjects: 4.795023 ms  DeleteObjects: 0.268400 ms)

========================================================================
Received Prepare
Registering precompiled user dll's ...
Registered in 0.001794 seconds.
Begin MonoManager ReloadAssembly
Native extension for WindowsStandalone target not found
Refreshing native plugins compatible for Editor in 0.89 ms, found 1 plugins.
Preloading 0 native plugins for Editor in 0.00 ms.
Invoked RoslynAnalysisRunner static constructor.
RoslynAnalysisRunner will not be running.
RoslynAnalysisRunner has terminated.
Mono: successfully reloaded assembly
- Completed reload, in  3.545 seconds
Platform modules already initialized, skipping
Refreshing native plugins compatible for Editor in 0.91 ms, found 1 plugins.
Preloading 0 native plugins for Editor in 0.00 ms.
Unloading 1789 Unused Serialized files (Serialized files now loaded: 0)
System memory in use before: 89.7 MB.
System memory in use after: 89.7 MB.

Unloading 12 unused Assets to reduce memory usage. Loaded Objects now: 2339.
Total: 9.414535 ms (FindLiveObjects: 1.062845 ms CreateObjectMapping: 0.848222 ms MarkObjects: 7.044890 ms  DeleteObjects: 0.446356 ms)

========================================================================
Received Prepare
Registering precompiled user dll's ...
Registered in 0.002232 seconds.
Begin MonoManager ReloadAssembly
Native extension for WindowsStandalone target not found
Refreshing native plugins compatible for Editor in 0.86 ms, found 1 plugins.
Preloading 0 native plugins for Editor in 0.00 ms.
Invoked RoslynAnalysisRunner static constructor.
RoslynAnalysisRunner will not be running.
RoslynAnalysisRunner has terminated.
Mono: successfully reloaded assembly
- Completed reload, in  3.125 seconds
Platform modules already initialized, skipping
Refreshing native plugins compatible for Editor in 1.06 ms, found 1 plugins.
Preloading 0 native plugins for Editor in 0.00 ms.
Unloading 1789 Unused Serialized files (Serialized files now loaded: 0)
System memory in use before: 88.8 MB.
System memory in use after: 88.8 MB.

Unloading 12 unused Assets to reduce memory usage. Loaded Objects now: 2342.
Total: 6.585334 ms (FindLiveObjects: 0.922045 ms CreateObjectMapping: 0.292356 ms MarkObjects: 5.058534 ms  DeleteObjects: 0.302133 ms)

========================================================================
Received Prepare
Registering precompiled user dll's ...
Registered in 0.001694 seconds.
Begin MonoManager ReloadAssembly
Native extension for WindowsStandalone target not found
Refreshing native plugins compatible for Editor in 0.93 ms, found 1 plugins.
Preloading 0 native plugins for Editor in 0.00 ms.
Invoked RoslynAnalysisRunner static constructor.
RoslynAnalysisRunner will not be running.
RoslynAnalysisRunner has terminated.
Mono: successfully reloaded assembly
- Completed reload, in  3.115 seconds
Platform modules already initialized, skipping
Refreshing native plugins compatible for Editor in 0.86 ms, found 1 plugins.
Preloading 0 native plugins for Editor in 0.00 ms.
Unloading 1789 Unused Serialized files (Serialized files now loaded: 0)
System memory in use before: 88.9 MB.
System memory in use after: 88.9 MB.

Unloading 12 unused Assets to reduce memory usage. Loaded Objects now: 2345.
Total: 6.342845 ms (FindLiveObjects: 0.688356 ms CreateObjectMapping: 0.266444 ms MarkObjects: 5.113778 ms  DeleteObjects: 0.264000 ms)

========================================================================
Received Prepare
Registering precompiled user dll's ...
Registered in 0.001595 seconds.
Begin MonoManager ReloadAssembly
Native extension for WindowsStandalone target not found
Refreshing native plugins compatible for Editor in 0.92 ms, found 1 plugins.
Preloading 0 native plugins for Editor in 0.00 ms.
Invoked RoslynAnalysisRunner static constructor.
RoslynAnalysisRunner will not be running.
RoslynAnalysisRunner has terminated.
Mono: successfully reloaded assembly
- Completed reload, in  3.423 seconds
Platform modules already initialized, skipping
Refreshing native plugins compatible for Editor in 1.28 ms, found 1 plugins.
Preloading 0 native plugins for Editor in 0.00 ms.
Unloading 1789 Unused Serialized files (Serialized files now loaded: 0)
System memory in use before: 89.0 MB.
System memory in use after: 89.0 MB.

Unloading 12 unused Assets to reduce memory usage. Loaded Objects now: 2348.
Total: 6.960801 ms (FindLiveObjects: 0.684445 ms CreateObjectMapping: 0.428267 ms MarkObjects: 5.568445 ms  DeleteObjects: 0.269867 ms)

========================================================================
Received Prepare
Registering precompiled user dll's ...
Registered in 0.002117 seconds.
Begin MonoManager ReloadAssembly
Native extension for WindowsStandalone target not found
Refreshing native plugins compatible for Editor in 0.89 ms, found 1 plugins.
Preloading 0 native plugins for Editor in 0.00 ms.
Invoked RoslynAnalysisRunner static constructor.
RoslynAnalysisRunner will not be running.
RoslynAnalysisRunner has terminated.
Mono: successfully reloaded assembly
- Completed reload, in  2.755 seconds
Platform modules already initialized, skipping
Refreshing native plugins compatible for Editor in 0.86 ms, found 1 plugins.
Preloading 0 native plugins for Editor in 0.00 ms.
Unloading 1789 Unused Serialized files (Serialized files now loaded: 0)
System memory in use before: 89.0 MB.
System memory in use after: 89.0 MB.

Unloading 12 unused Assets to reduce memory usage. Loaded Objects now: 2351.
Total: 6.158045 ms (FindLiveObjects: 0.776845 ms CreateObjectMapping: 0.272311 ms MarkObjects: 4.832178 ms  DeleteObjects: 0.265467 ms)

========================================================================
Received Prepare
Registering precompiled user dll's ...
Registered in 0.001525 seconds.
Begin MonoManager ReloadAssembly
Native extension for WindowsStandalone target not found
Refreshing native plugins compatible for Editor in 1.12 ms, found 1 plugins.
Preloading 0 native plugins for Editor in 0.00 ms.
Invoked RoslynAnalysisRunner static constructor.
RoslynAnalysisRunner will not be running.
RoslynAnalysisRunner has terminated.
Mono: successfully reloaded assembly
- Completed reload, in  4.038 seconds
Platform modules already initialized, skipping
Refreshing native plugins compatible for Editor in 1.42 ms, found 1 plugins.
Preloading 0 native plugins for Editor in 0.00 ms.
Unloading 1789 Unused Serialized files (Serialized files now loaded: 0)
System memory in use before: 89.1 MB.
System memory in use after: 89.1 MB.

Unloading 12 unused Assets to reduce memory usage. Loaded Objects now: 2354.
Total: 28.418626 ms (FindLiveObjects: 0.717689 ms CreateObjectMapping: 0.276711 ms MarkObjects: 27.078581 ms  DeleteObjects: 0.336356 ms)

AssetImportWorkerClient::OnTransportError - code=2 error=End of file
