Using pre-set license
Built from '2020.2/release' branch; Version is '2020.2.1f1 (270dd8c3da1c) revision 2559448'; Using compiler version '192528614'; Build Type 'Release'
OS: 'Windows 7  (6.1.0) 64bit' Language: 'ru' Physical Memory: 6143 MB
BatchMode: 1, IsHumanControllingUs: 0, StartBugReporterOnCrash: 0, Is64bit: 1, IsPro: 0

 COMMAND LINE ARGUMENTS:
D:\unity\2020.2.1f1\Editor\Unity.exe
-adb2
-batchMode
-noUpm
-name
AssetImportWorker0
-projectPath
D:/Unity/a/games/Game1/New3DProject
-logFile
Logs/AssetImportWorker0.log
-srvPort
49337
Successfully changed project path to: D:/Unity/a/games/Game1/New3DProject
D:/Unity/a/games/Game1/New3DProject
Using Asset Import Pipeline V2.
Refreshing native plugins compatible for Editor in 74.09 ms, found 0 plugins.
Preloading 0 native plugins for Editor in 0.00 ms.
Initialize engine version: 2020.2.1f1 (270dd8c3da1c)
[Subsystems] Discovering subsystems at path D:/unity/2020.2.1f1/Editor/Data/Resources/UnitySubsystems
[Subsystems] Discovering subsystems at path D:/Unity/a/games/Game1/New3DProject/Assets
GfxDevice: creating device client; threaded=0
d3d11: CreateDXGIFactory2(...) not found, fallbacking to CreateDXGIFactory1(...).
d3d11: QueryInterface(IDXGIFactory5) failed (80004002).
Direct3D:
    Version:  Direct3D 11.0 [level 11.0]
    Renderer: NVIDIA GeForce GTX 550 Ti (ID=0x1244)
    Vendor:   
    VRAM:     969 MB
    Driver:   23.21.13.9135
Initialize mono
Mono path[0] = 'D:/unity/2020.2.1f1/Editor/Data/Managed'
Mono path[1] = 'D:/unity/2020.2.1f1/Editor/Data/MonoBleedingEdge/lib/mono/unityjit'
Mono config path = 'D:/unity/2020.2.1f1/Editor/Data/MonoBleedingEdge/etc'
Using monoOptions --debugger-agent=transport=dt_socket,embedding=1,server=y,suspend=n,address=127.0.0.1:56536
Begin MonoManager ReloadAssembly
Registering precompiled unity dll's ...
Register platform support module: D:/unity/2020.2.1f1/Editor/Data/PlaybackEngines/WindowsStandaloneSupport/UnityEditor.WindowsStandalone.Extensions.dll
Registered in 0.001404 seconds.
Native extension for WindowsStandalone target not found
Refreshing native plugins compatible for Editor in 74.00 ms, found 0 plugins.
Preloading 0 native plugins for Editor in 0.00 ms.
Invoked RoslynAnalysisRunner static constructor.
RoslynAnalysisRunner will not be running.
RoslynAnalysisRunner has terminated.
Mono: successfully reloaded assembly
- Completed reload, in  5.900 seconds
Platform modules already initialized, skipping
Registering precompiled user dll's ...
Registered in 0.001292 seconds.
Begin MonoManager ReloadAssembly
Native extension for WindowsStandalone target not found
Refreshing native plugins compatible for Editor in 0.54 ms, found 0 plugins.
Preloading 0 native plugins for Editor in 0.00 ms.
Invoked RoslynAnalysisRunner static constructor.
RoslynAnalysisRunner will not be running.
RoslynAnalysisRunner has terminated.
Mono: successfully reloaded assembly
- Completed reload, in  2.858 seconds
Platform modules already initialized, skipping
========================================================================
Worker process is ready to serve import requests
Launched and connected shader compiler UnityShaderCompiler.exe after 0.08 seconds
Refreshing native plugins compatible for Editor in 0.60 ms, found 0 plugins.
Preloading 0 native plugins for Editor in 0.00 ms.
Unloading 1107 Unused Serialized files (Serialized files now loaded: 0)
System memory in use before: 69.5 MB.
System memory in use after: 69.6 MB.

Unloading 10 unused Assets to reduce memory usage. Loaded Objects now: 1567.
Total: 5.694579 ms (FindLiveObjects: 0.443422 ms CreateObjectMapping: 0.149600 ms MarkObjects: 4.876178 ms  DeleteObjects: 0.215111 ms)

========================================================================
Received Import Request.
  path: Assets/Image/ManaLvl.png
  artifactKey: Guid(0b58ddcf2afb5124ea50084071235c46) Importer(815301076,1909f56bfc062723c751e8b465ee728b)
Start importing Assets/Image/ManaLvl.png using Guid(0b58ddcf2afb5124ea50084071235c46) Importer(815301076,1909f56bfc062723c751e8b465ee728b)  -> (artifact id: '77cf9a146fe5525b0a6b9b04bfcbaf63') in 0.631778 seconds
  Import took 0.636820 seconds .

========================================================================
Received Import Request.
  Time since last request: 0.000558 seconds.
  path: Assets/Image/ячейка.psd
  artifactKey: Guid(c739c07f2fbe59446a208150c258cd85) Importer(815301076,1909f56bfc062723c751e8b465ee728b)
Start importing Assets/Image/ячейка.psd using Guid(c739c07f2fbe59446a208150c258cd85) Importer(815301076,1909f56bfc062723c751e8b465ee728b)  -> (artifact id: '0534bee9fee351d4f80a97d72e5d62ac') in 0.027972 seconds
  Import took 0.032808 seconds .

========================================================================
Received Import Request.
  Time since last request: 0.001094 seconds.
  path: Assets/Image/фон.jpg
  artifactKey: Guid(942025970ef89704d8b4c4e1870e5aab) Importer(815301076,1909f56bfc062723c751e8b465ee728b)
Start importing Assets/Image/фон.jpg using Guid(942025970ef89704d8b4c4e1870e5aab) Importer(815301076,1909f56bfc062723c751e8b465ee728b)  -> (artifact id: '269c93fee97a9a79db51a17f403ebdbc') in 0.140416 seconds
  Import took 0.146899 seconds .

========================================================================
Received Import Request.
  Time since last request: 0.000764 seconds.
  path: Assets/Models/sword.fbx
  artifactKey: Guid(1e57e3f78f346f44996901b5db333d8e) Importer(815301076,1909f56bfc062723c751e8b465ee728b)
Start importing Assets/Models/sword.fbx using Guid(1e57e3f78f346f44996901b5db333d8e) Importer(815301076,1909f56bfc062723c751e8b465ee728b)  -> (artifact id: 'fd38f756295117e88ab025910d2d597b') in 0.404514 seconds
  Import took 0.411442 seconds .

========================================================================
Received Import Request.
  Time since last request: 0.000647 seconds.
  path: Assets/Models/Human.fbx
  artifactKey: Guid(40fa662eadf1c224da705de905137a2e) Importer(815301076,1909f56bfc062723c751e8b465ee728b)
Start importing Assets/Models/Human.fbx using Guid(40fa662eadf1c224da705de905137a2e) Importer(815301076,1909f56bfc062723c751e8b465ee728b)  -> (artifact id: '45be39ad8594e13fff76e788817c90d5') in 0.158882 seconds
  Import took 0.164610 seconds .

========================================================================
Received Import Request.
  Time since last request: 0.000463 seconds.
  path: Assets/Image/StaminaLvl.png
  artifactKey: Guid(988ac34c20b304149b7af2eb335562f7) Importer(815301076,1909f56bfc062723c751e8b465ee728b)
Start importing Assets/Image/StaminaLvl.png using Guid(988ac34c20b304149b7af2eb335562f7) Importer(815301076,1909f56bfc062723c751e8b465ee728b)  -> (artifact id: 'a95e3c564b586bc7c4dc541393aa8ec9') in 0.265053 seconds
  Import took 0.271751 seconds .

========================================================================
Received Import Request.
  Time since last request: 0.001032 seconds.
  path: Assets/Image/HealthLvl.png
  artifactKey: Guid(be04e56f512c33f4ab4741c39f2bbeee) Importer(815301076,1909f56bfc062723c751e8b465ee728b)
Start importing Assets/Image/HealthLvl.png using Guid(be04e56f512c33f4ab4741c39f2bbeee) Importer(815301076,1909f56bfc062723c751e8b465ee728b)  -> (artifact id: '9305857fa9ad46b8dd8e34f6c0520ba0') in 0.264022 seconds
  Import took 0.273350 seconds .

========================================================================
Received Import Request.
  Time since last request: 1.739741 seconds.
  path: Assets/Image/Materials
  artifactKey: Guid(8363955279f7440458e92b4540918790) Importer(815301076,1909f56bfc062723c751e8b465ee728b)
Start importing Assets/Image/Materials using Guid(8363955279f7440458e92b4540918790) Importer(815301076,1909f56bfc062723c751e8b465ee728b)  -> (artifact id: '8b9cf8f4970aea26c7721c60f8936437') in 0.007396 seconds
  Import took 0.020442 seconds .

========================================================================
Received Import Request.
  Time since last request: 187.152685 seconds.
  path: Assets/Animations/Human/arms.mask
  artifactKey: Guid(4fd18a13dee46a749a8698040df75684) Importer(815301076,1909f56bfc062723c751e8b465ee728b)
Start importing Assets/Animations/Human/arms.mask using Guid(4fd18a13dee46a749a8698040df75684) Importer(815301076,1909f56bfc062723c751e8b465ee728b)  -> (artifact id: '698346e6eb938bb6d45baa3c0b512a82') in 0.005369 seconds
  Import took 0.010160 seconds .

========================================================================
Received Import Request.
  Time since last request: 85.538971 seconds.
  path: Assets/Resources/Prefabs
  artifactKey: Guid(21ed9af3ab2b27e4387d4a9694d1c853) Importer(815301076,1909f56bfc062723c751e8b465ee728b)
Start importing Assets/Resources/Prefabs using Guid(21ed9af3ab2b27e4387d4a9694d1c853) Importer(815301076,1909f56bfc062723c751e8b465ee728b)  -> (artifact id: '3d820d7532e960d236dddf028f46c44f') in 0.004104 seconds
  Import took 0.010688 seconds .

========================================================================
Received Import Request.
  Time since last request: 0.097354 seconds.
  path: Assets/Resources/Prefabs/Empty.prefab
  artifactKey: Guid(004877668994b4a4ab86536eb7a9e22e) Importer(815301076,1909f56bfc062723c751e8b465ee728b)
Start importing Assets/Resources/Prefabs/Empty.prefab using Guid(004877668994b4a4ab86536eb7a9e22e) Importer(815301076,1909f56bfc062723c751e8b465ee728b)  -> (artifact id: '45d4e1c39a14e6034f5a780a32061129') in 0.071052 seconds
  Import took 0.075850 seconds .

========================================================================
Received Import Request.
  Time since last request: 7.658741 seconds.
  path: Assets/Resources
  artifactKey: Guid(269a2fdebae27f4458b9212070f1f526) Importer(815301076,1909f56bfc062723c751e8b465ee728b)
Start importing Assets/Resources using Guid(269a2fdebae27f4458b9212070f1f526) Importer(815301076,1909f56bfc062723c751e8b465ee728b)  -> (artifact id: '94b5d30c609163c45e5fbd7b60663a0e') in 0.005230 seconds
  Import took 0.011293 seconds .

========================================================================
Received Import Request.
  Time since last request: 6.292837 seconds.
  path: Assets/Resources/Icons
  artifactKey: Guid(6ffda51359aa7a644a307fc11a483974) Importer(815301076,1909f56bfc062723c751e8b465ee728b)
Start importing Assets/Resources/Icons using Guid(6ffda51359aa7a644a307fc11a483974) Importer(815301076,1909f56bfc062723c751e8b465ee728b)  -> (artifact id: 'f50c109ce20b8067e5562f49f84f89c1') in 0.002678 seconds
  Import took 0.008291 seconds .

========================================================================
Received Import Request.
  Time since last request: 0.001736 seconds.
  path: Assets/Resources/Icons
  artifactKey: Guid(6ffda51359aa7a644a307fc11a483974) Importer(815301076,1909f56bfc062723c751e8b465ee728b)
Start importing Assets/Resources/Icons using Guid(6ffda51359aa7a644a307fc11a483974) Importer(815301076,1909f56bfc062723c751e8b465ee728b)  -> (artifact id: 'f50c109ce20b8067e5562f49f84f89c1') in 0.003792 seconds
  Import took 0.011353 seconds .

========================================================================
Received Import Request.
  Time since last request: 8.307911 seconds.
  path: Assets/Resources/Icons/Weapon
  artifactKey: Guid(9daddecc4edf31f42a5184752e908236) Importer(815301076,1909f56bfc062723c751e8b465ee728b)
Start importing Assets/Resources/Icons/Weapon using Guid(9daddecc4edf31f42a5184752e908236) Importer(815301076,1909f56bfc062723c751e8b465ee728b)  -> (artifact id: '12064d7e00b8cc6e933c6df15d2e6d38') in 0.010714 seconds
  Import took 0.016440 seconds .

========================================================================
Received Import Request.
  Time since last request: 3.682836 seconds.
  path: Assets/Resources/Prefabs/Mobs/Human.prefab
  artifactKey: Guid(7ff9214e293d16b44bfd0e834e07c3cc) Importer(815301076,1909f56bfc062723c751e8b465ee728b)
Start importing Assets/Resources/Prefabs/Mobs/Human.prefab using Guid(7ff9214e293d16b44bfd0e834e07c3cc) Importer(815301076,1909f56bfc062723c751e8b465ee728b)  -> (artifact id: '8748e3b5a9c0f508130d6722b807ea23') in 0.519532 seconds
  Import took 0.531955 seconds .

========================================================================
Received Import Request.
  Time since last request: 0.000484 seconds.
  path: Assets/Resources/Prefabs/Mobs/HumanMob.prefab
  artifactKey: Guid(220378445f5b0a342bf57c450243827d) Importer(815301076,1909f56bfc062723c751e8b465ee728b)
Start importing Assets/Resources/Prefabs/Mobs/HumanMob.prefab using Guid(220378445f5b0a342bf57c450243827d) Importer(815301076,1909f56bfc062723c751e8b465ee728b)  -> (artifact id: '58be6eae46d03f32f7f87561d6b5326c') in 0.373892 seconds
  Import took 0.397298 seconds .

========================================================================
Received Import Request.
  Time since last request: 0.570990 seconds.
  path: Assets/Resources/Prefabs/Weapons/sword.prefab
  artifactKey: Guid(1b39ee8fd4268084298745583328c197) Importer(815301076,1909f56bfc062723c751e8b465ee728b)
Start importing Assets/Resources/Prefabs/Weapons/sword.prefab using Guid(1b39ee8fd4268084298745583328c197) Importer(815301076,1909f56bfc062723c751e8b465ee728b)  -> (artifact id: '7bf4ab5eb486b10e55288b6e4ddb87a4') in 0.030786 seconds
  Import took 0.035490 seconds .

========================================================================
Received Import Request.
  Time since last request: 420.296090 seconds.
  path: Assets/Resources/Icons/Weapon/download.jpg
  artifactKey: Guid(edd8177b4adbf7542940c0d78c3efb3f) Importer(815301076,1909f56bfc062723c751e8b465ee728b)
Start importing Assets/Resources/Icons/Weapon/download.jpg using Guid(edd8177b4adbf7542940c0d78c3efb3f) Importer(815301076,1909f56bfc062723c751e8b465ee728b)  -> (artifact id: '12e7567e83d5da2a789cc7c5079e9d84') in 0.032295 seconds
  Import took 0.039191 seconds .

========================================================================
Received Import Request.
  Time since last request: 0.004911 seconds.
  path: Assets/Resources/Icons/Weapon/download.jpg
  artifactKey: Guid(edd8177b4adbf7542940c0d78c3efb3f) Importer(815301076,1909f56bfc062723c751e8b465ee728b)
Start importing Assets/Resources/Icons/Weapon/download.jpg using Guid(edd8177b4adbf7542940c0d78c3efb3f) Importer(815301076,1909f56bfc062723c751e8b465ee728b)  -> (artifact id: '12e7567e83d5da2a789cc7c5079e9d84') in 0.026286 seconds
  Import took 0.034668 seconds .

========================================================================
Received Import Request.
  Time since last request: 19.005290 seconds.
  path: Assets/Resources/Icons/Weapon/HoboSword.jpg
  artifactKey: Guid(edd8177b4adbf7542940c0d78c3efb3f) Importer(815301076,1909f56bfc062723c751e8b465ee728b)
Start importing Assets/Resources/Icons/Weapon/HoboSword.jpg using Guid(edd8177b4adbf7542940c0d78c3efb3f) Importer(815301076,1909f56bfc062723c751e8b465ee728b)  -> (artifact id: '3beb167b934e7ce0375e5b91439aabbf') in 0.019365 seconds
  Import took 0.025370 seconds .

========================================================================
Received Import Request.
  Time since last request: 0.018532 seconds.
  path: Assets/Resources/Icons/Weapon/HoboSword.jpg
  artifactKey: Guid(edd8177b4adbf7542940c0d78c3efb3f) Importer(815301076,1909f56bfc062723c751e8b465ee728b)
Start importing Assets/Resources/Icons/Weapon/HoboSword.jpg using Guid(edd8177b4adbf7542940c0d78c3efb3f) Importer(815301076,1909f56bfc062723c751e8b465ee728b)  -> (artifact id: '3beb167b934e7ce0375e5b91439aabbf') in 0.025480 seconds
  Import took 0.037403 seconds .

========================================================================
Received Import Request.
  Time since last request: 37.196453 seconds.
  path: Assets/Scripts/AllGameItems.cs
  artifactKey: Guid(ed1e5de5d2540634d8ce0b9bc61f1ac0) Importer(815301076,1909f56bfc062723c751e8b465ee728b)
Start importing Assets/Scripts/AllGameItems.cs using Guid(ed1e5de5d2540634d8ce0b9bc61f1ac0) Importer(815301076,1909f56bfc062723c751e8b465ee728b)  -> (artifact id: 'b118dcc0f1f8e7352fc09f708f6c4483') in 0.020800 seconds
  Import took 0.027187 seconds .

========================================================================
Received Prepare
Registering precompiled user dll's ...
Registered in 0.003441 seconds.
Begin MonoManager ReloadAssembly
Native extension for WindowsStandalone target not found
Refreshing native plugins compatible for Editor in 0.59 ms, found 0 plugins.
Preloading 0 native plugins for Editor in 0.00 ms.
Invoked RoslynAnalysisRunner static constructor.
RoslynAnalysisRunner will not be running.
RoslynAnalysisRunner has terminated.
Mono: successfully reloaded assembly
- Completed reload, in  2.526 seconds
Platform modules already initialized, skipping
Refreshing native plugins compatible for Editor in 0.51 ms, found 0 plugins.
Preloading 0 native plugins for Editor in 0.00 ms.
Unloading 1102 Unused Serialized files (Serialized files now loaded: 0)
System memory in use before: 84.4 MB.
System memory in use after: 84.5 MB.

Unloading 5 unused Assets to reduce memory usage. Loaded Objects now: 1617.
Total: 8.709557 ms (FindLiveObjects: 1.207556 ms CreateObjectMapping: 0.177956 ms MarkObjects: 7.129468 ms  DeleteObjects: 0.182356 ms)

========================================================================
Received Import Request.
  Time since last request: 932.840575 seconds.
  path: Assets/Image
  artifactKey: Guid(9090c1edd98e7e3449a3fe5bc750529e) Importer(815301076,1909f56bfc062723c751e8b465ee728b)
Start importing Assets/Image using Guid(9090c1edd98e7e3449a3fe5bc750529e) Importer(815301076,1909f56bfc062723c751e8b465ee728b)  -> (artifact id: 'cc909ec847e939401b6aba39b0a51c40') in 0.013881 seconds
  Import took 0.023247 seconds .

========================================================================
Received Import Request.
  Time since last request: 0.026254 seconds.
  path: Assets/Image
  artifactKey: Guid(9090c1edd98e7e3449a3fe5bc750529e) Importer(815301076,1909f56bfc062723c751e8b465ee728b)
Start importing Assets/Image using Guid(9090c1edd98e7e3449a3fe5bc750529e) Importer(815301076,1909f56bfc062723c751e8b465ee728b)  -> (artifact id: 'cc909ec847e939401b6aba39b0a51c40') in 0.305042 seconds
  Import took 0.314622 seconds .

========================================================================
Received Import Request.
  Time since last request: 53.578534 seconds.
  path: Assets/Image/HoboSword.jpg
  artifactKey: Guid(edd8177b4adbf7542940c0d78c3efb3f) Importer(815301076,1909f56bfc062723c751e8b465ee728b)
Start importing Assets/Image/HoboSword.jpg using Guid(edd8177b4adbf7542940c0d78c3efb3f) Importer(815301076,1909f56bfc062723c751e8b465ee728b)  -> (artifact id: 'd80a54cea8fa53ab4aabe6be307c6c4f') in 0.330114 seconds
  Import took 0.339295 seconds .

========================================================================
Received Prepare
Registering precompiled user dll's ...
Registered in 0.001489 seconds.
Begin MonoManager ReloadAssembly
Native extension for WindowsStandalone target not found
Refreshing native plugins compatible for Editor in 0.54 ms, found 0 plugins.
Preloading 0 native plugins for Editor in 0.00 ms.
Invoked RoslynAnalysisRunner static constructor.
RoslynAnalysisRunner will not be running.
RoslynAnalysisRunner has terminated.
Mono: successfully reloaded assembly
- Completed reload, in  3.521 seconds
Platform modules already initialized, skipping
Refreshing native plugins compatible for Editor in 1.12 ms, found 0 plugins.
Preloading 0 native plugins for Editor in 0.00 ms.
Unloading 1102 Unused Serialized files (Serialized files now loaded: 0)
System memory in use before: 85.2 MB.
System memory in use after: 85.3 MB.

Unloading 5 unused Assets to reduce memory usage. Loaded Objects now: 1620.
Total: 6.160490 ms (FindLiveObjects: 0.490356 ms CreateObjectMapping: 0.594489 ms MarkObjects: 4.917245 ms  DeleteObjects: 0.149111 ms)

========================================================================
Received Prepare
Registering precompiled user dll's ...
Registered in 0.002283 seconds.
Begin MonoManager ReloadAssembly
Native extension for WindowsStandalone target not found
Refreshing native plugins compatible for Editor in 1.95 ms, found 0 plugins.
Preloading 0 native plugins for Editor in 0.00 ms.
Invoked RoslynAnalysisRunner static constructor.
RoslynAnalysisRunner will not be running.
RoslynAnalysisRunner has terminated.
Mono: successfully reloaded assembly
- Completed reload, in  4.937 seconds
Platform modules already initialized, skipping
Refreshing native plugins compatible for Editor in 0.53 ms, found 0 plugins.
Preloading 0 native plugins for Editor in 0.00 ms.
Unloading 1102 Unused Serialized files (Serialized files now loaded: 0)
System memory in use before: 85.5 MB.
System memory in use after: 85.6 MB.

Unloading 5 unused Assets to reduce memory usage. Loaded Objects now: 1622.
Total: 6.946134 ms (FindLiveObjects: 0.477156 ms CreateObjectMapping: 1.236400 ms MarkObjects: 5.065378 ms  DeleteObjects: 0.156933 ms)

========================================================================
Received Prepare
Registering precompiled user dll's ...
Registered in 0.001236 seconds.
Begin MonoManager ReloadAssembly
Native extension for WindowsStandalone target not found
Refreshing native plugins compatible for Editor in 0.64 ms, found 0 plugins.
Preloading 0 native plugins for Editor in 0.00 ms.
Invoked RoslynAnalysisRunner static constructor.
RoslynAnalysisRunner will not be running.
RoslynAnalysisRunner has terminated.
Mono: successfully reloaded assembly
- Completed reload, in  3.296 seconds
Platform modules already initialized, skipping
Refreshing native plugins compatible for Editor in 0.53 ms, found 0 plugins.
Preloading 0 native plugins for Editor in 0.00 ms.
Unloading 1102 Unused Serialized files (Serialized files now loaded: 0)
System memory in use before: 85.4 MB.
System memory in use after: 85.5 MB.

Unloading 5 unused Assets to reduce memory usage. Loaded Objects now: 1624.
Total: 6.261201 ms (FindLiveObjects: 1.031556 ms CreateObjectMapping: 0.220978 ms MarkObjects: 4.841467 ms  DeleteObjects: 0.156444 ms)

========================================================================
Received Import Request.
  Time since last request: 541.424954 seconds.
  path: Assets/Scripts/ObjectInventory.cs
  artifactKey: Guid(9af5e37b666750b4f81415c227674ffb) Importer(815301076,1909f56bfc062723c751e8b465ee728b)
Start importing Assets/Scripts/ObjectInventory.cs using Guid(9af5e37b666750b4f81415c227674ffb) Importer(815301076,1909f56bfc062723c751e8b465ee728b)  -> (artifact id: '459043a5cd0d256d8d7f98814969d4c8') in 0.067836 seconds
  Import took 0.073341 seconds .

========================================================================
Received Prepare
Registering precompiled user dll's ...
Registered in 0.001439 seconds.
Begin MonoManager ReloadAssembly
Native extension for WindowsStandalone target not found
Refreshing native plugins compatible for Editor in 0.53 ms, found 0 plugins.
Preloading 0 native plugins for Editor in 0.00 ms.
Invoked RoslynAnalysisRunner static constructor.
RoslynAnalysisRunner will not be running.
RoslynAnalysisRunner has terminated.
Mono: successfully reloaded assembly
- Completed reload, in  4.438 seconds
Platform modules already initialized, skipping
Refreshing native plugins compatible for Editor in 0.51 ms, found 0 plugins.
Preloading 0 native plugins for Editor in 0.00 ms.
Unloading 1102 Unused Serialized files (Serialized files now loaded: 0)
System memory in use before: 85.5 MB.
System memory in use after: 85.6 MB.

Unloading 5 unused Assets to reduce memory usage. Loaded Objects now: 1626.
Total: 13.071913 ms (FindLiveObjects: 0.613067 ms CreateObjectMapping: 1.121022 ms MarkObjects: 8.887023 ms  DeleteObjects: 2.439556 ms)

========================================================================
Received Import Request.
  Time since last request: 78.529059 seconds.
  path: Assets/Scripts/ObjectInventory.cs
  artifactKey: Guid(9af5e37b666750b4f81415c227674ffb) Importer(815301076,1909f56bfc062723c751e8b465ee728b)
Start importing Assets/Scripts/ObjectInventory.cs using Guid(9af5e37b666750b4f81415c227674ffb) Importer(815301076,1909f56bfc062723c751e8b465ee728b)  -> (artifact id: '3b4af2cb35a73ef78c8583c644d21fab') in 0.028779 seconds
  Import took 0.038104 seconds .

========================================================================
Received Prepare
Registering precompiled user dll's ...
Registered in 0.181371 seconds.
Begin MonoManager ReloadAssembly
Native extension for WindowsStandalone target not found
Refreshing native plugins compatible for Editor in 1.41 ms, found 0 plugins.
Preloading 0 native plugins for Editor in 0.00 ms.
Invoked RoslynAnalysisRunner static constructor.
RoslynAnalysisRunner will not be running.
RoslynAnalysisRunner has terminated.
Mono: successfully reloaded assembly
- Completed reload, in  3.838 seconds
Platform modules already initialized, skipping
Refreshing native plugins compatible for Editor in 0.56 ms, found 0 plugins.
Preloading 0 native plugins for Editor in 0.00 ms.
Unloading 1102 Unused Serialized files (Serialized files now loaded: 0)
System memory in use before: 85.5 MB.
System memory in use after: 85.6 MB.

Unloading 5 unused Assets to reduce memory usage. Loaded Objects now: 1628.
Total: 6.255334 ms (FindLiveObjects: 0.594000 ms CreateObjectMapping: 0.155956 ms MarkObjects: 5.321067 ms  DeleteObjects: 0.174044 ms)

========================================================================
Received Import Request.
  Time since last request: 382.310269 seconds.
  path: Assets/Resources/Prefabs/UI
  artifactKey: Guid(737f0db2359440c438b81f2683fecf18) Importer(815301076,1909f56bfc062723c751e8b465ee728b)
Start importing Assets/Resources/Prefabs/UI using Guid(737f0db2359440c438b81f2683fecf18) Importer(815301076,1909f56bfc062723c751e8b465ee728b)  -> (artifact id: '5709a40d4df20f538f9e35370b1fcb33') in 0.039623 seconds
  Import took 0.046968 seconds .

========================================================================
Received Import Request.
  Time since last request: 11.144180 seconds.
  path: Assets/Resources/Prefabs/UI/Slot1.prefab
  artifactKey: Guid(facdcac102445114bbf5b8326692b9f2) Importer(815301076,1909f56bfc062723c751e8b465ee728b)
Start importing Assets/Resources/Prefabs/UI/Slot1.prefab using Guid(facdcac102445114bbf5b8326692b9f2) Importer(815301076,1909f56bfc062723c751e8b465ee728b)  -> (artifact id: 'dc8ca9a821312608c60fb4c3482f3bdd') in 0.415213 seconds
  Import took 0.419995 seconds .

========================================================================
Received Import Request.
  Time since last request: 109.560999 seconds.
  path: Assets/Resources/Prefabs/UI/Container.prefab
  artifactKey: Guid(6adf7335b814db94cbbfde48a33e46c4) Importer(815301076,1909f56bfc062723c751e8b465ee728b)
Start importing Assets/Resources/Prefabs/UI/Container.prefab using Guid(6adf7335b814db94cbbfde48a33e46c4) Importer(815301076,1909f56bfc062723c751e8b465ee728b)  -> (artifact id: '001a5172accb350d1106abaacd51a26d') in 0.036650 seconds
  Import took 0.053908 seconds .

========================================================================
Received Prepare
Registering precompiled user dll's ...
Registered in 0.002551 seconds.
Begin MonoManager ReloadAssembly
Native extension for WindowsStandalone target not found
Refreshing native plugins compatible for Editor in 1.41 ms, found 0 plugins.
Preloading 0 native plugins for Editor in 0.00 ms.
Invoked RoslynAnalysisRunner static constructor.
RoslynAnalysisRunner will not be running.
RoslynAnalysisRunner has terminated.
Mono: successfully reloaded assembly
- Completed reload, in  3.275 seconds
Platform modules already initialized, skipping
Refreshing native plugins compatible for Editor in 0.73 ms, found 0 plugins.
Preloading 0 native plugins for Editor in 0.00 ms.
Unloading 1102 Unused Serialized files (Serialized files now loaded: 0)
System memory in use before: 85.2 MB.
System memory in use after: 85.3 MB.

Unloading 5 unused Assets to reduce memory usage. Loaded Objects now: 1630.
Total: 5.677467 ms (FindLiveObjects: 0.505511 ms CreateObjectMapping: 0.140311 ms MarkObjects: 4.870801 ms  DeleteObjects: 0.150578 ms)

========================================================================
Received Prepare
Registering precompiled user dll's ...
Registered in 0.001242 seconds.
Begin MonoManager ReloadAssembly
Native extension for WindowsStandalone target not found
Refreshing native plugins compatible for Editor in 0.53 ms, found 0 plugins.
Preloading 0 native plugins for Editor in 0.00 ms.
Invoked RoslynAnalysisRunner static constructor.
RoslynAnalysisRunner will not be running.
RoslynAnalysisRunner has terminated.
Mono: successfully reloaded assembly
- Completed reload, in  4.016 seconds
Platform modules already initialized, skipping
Refreshing native plugins compatible for Editor in 0.54 ms, found 0 plugins.
Preloading 0 native plugins for Editor in 0.00 ms.
Unloading 1102 Unused Serialized files (Serialized files now loaded: 0)
System memory in use before: 85.5 MB.
System memory in use after: 85.6 MB.

Unloading 5 unused Assets to reduce memory usage. Loaded Objects now: 1632.
Total: 5.639823 ms (FindLiveObjects: 0.567111 ms CreateObjectMapping: 0.167200 ms MarkObjects: 4.611201 ms  DeleteObjects: 0.284533 ms)

========================================================================
Received Prepare
Registering precompiled user dll's ...
Registered in 0.002876 seconds.
Begin MonoManager ReloadAssembly
Native extension for WindowsStandalone target not found
Refreshing native plugins compatible for Editor in 1.30 ms, found 0 plugins.
Preloading 0 native plugins for Editor in 0.00 ms.
Invoked RoslynAnalysisRunner static constructor.
RoslynAnalysisRunner will not be running.
RoslynAnalysisRunner has terminated.
Mono: successfully reloaded assembly
- Completed reload, in  3.711 seconds
Platform modules already initialized, skipping
Refreshing native plugins compatible for Editor in 0.92 ms, found 0 plugins.
Preloading 0 native plugins for Editor in 0.00 ms.
Unloading 1102 Unused Serialized files (Serialized files now loaded: 0)
System memory in use before: 85.4 MB.
System memory in use after: 85.5 MB.

Unloading 5 unused Assets to reduce memory usage. Loaded Objects now: 1634.
Total: 5.556223 ms (FindLiveObjects: 0.500133 ms CreateObjectMapping: 0.155956 ms MarkObjects: 4.687956 ms  DeleteObjects: 0.202889 ms)

========================================================================
Received Prepare
Registering precompiled user dll's ...
Registered in 0.001228 seconds.
Begin MonoManager ReloadAssembly
Native extension for WindowsStandalone target not found
Refreshing native plugins compatible for Editor in 0.54 ms, found 0 plugins.
Preloading 0 native plugins for Editor in 0.00 ms.
Invoked RoslynAnalysisRunner static constructor.
RoslynAnalysisRunner will not be running.
RoslynAnalysisRunner has terminated.
Mono: successfully reloaded assembly
- Completed reload, in  2.960 seconds
Platform modules already initialized, skipping
Refreshing native plugins compatible for Editor in 0.64 ms, found 0 plugins.
Preloading 0 native plugins for Editor in 0.00 ms.
Unloading 1102 Unused Serialized files (Serialized files now loaded: 0)
System memory in use before: 85.5 MB.
System memory in use after: 85.6 MB.

Unloading 5 unused Assets to reduce memory usage. Loaded Objects now: 1636.
Total: 5.338667 ms (FindLiveObjects: 0.510400 ms CreateObjectMapping: 0.143244 ms MarkObjects: 4.505601 ms  DeleteObjects: 0.169644 ms)

========================================================================
Received Prepare
Registering precompiled user dll's ...
Registered in 0.001184 seconds.
Begin MonoManager ReloadAssembly
Native extension for WindowsStandalone target not found
Refreshing native plugins compatible for Editor in 0.54 ms, found 0 plugins.
Preloading 0 native plugins for Editor in 0.00 ms.
Invoked RoslynAnalysisRunner static constructor.
RoslynAnalysisRunner will not be running.
RoslynAnalysisRunner has terminated.
Mono: successfully reloaded assembly
- Completed reload, in  3.488 seconds
Platform modules already initialized, skipping
Refreshing native plugins compatible for Editor in 0.52 ms, found 0 plugins.
Preloading 0 native plugins for Editor in 0.00 ms.
Unloading 1102 Unused Serialized files (Serialized files now loaded: 0)
System memory in use before: 85.5 MB.
System memory in use after: 85.6 MB.

Unloading 5 unused Assets to reduce memory usage. Loaded Objects now: 1638.
Total: 4.594089 ms (FindLiveObjects: 0.463956 ms CreateObjectMapping: 0.128578 ms MarkObjects: 3.837289 ms  DeleteObjects: 0.153511 ms)

========================================================================
Received Prepare
Registering precompiled user dll's ...
Registered in 0.053698 seconds.
Begin MonoManager ReloadAssembly
Native extension for WindowsStandalone target not found
Refreshing native plugins compatible for Editor in 0.54 ms, found 0 plugins.
Preloading 0 native plugins for Editor in 0.00 ms.
Invoked RoslynAnalysisRunner static constructor.
RoslynAnalysisRunner will not be running.
RoslynAnalysisRunner has terminated.
Mono: successfully reloaded assembly
- Completed reload, in  3.344 seconds
Platform modules already initialized, skipping
Refreshing native plugins compatible for Editor in 0.61 ms, found 0 plugins.
Preloading 0 native plugins for Editor in 0.00 ms.
Unloading 1102 Unused Serialized files (Serialized files now loaded: 0)
System memory in use before: 85.2 MB.
System memory in use after: 85.2 MB.

Unloading 5 unused Assets to reduce memory usage. Loaded Objects now: 1640.
Total: 84.266855 ms (FindLiveObjects: 0.517733 ms CreateObjectMapping: 0.152533 ms MarkObjects: 83.429388 ms  DeleteObjects: 0.156444 ms)

========================================================================
Received Prepare
Registering precompiled user dll's ...
Registered in 0.001115 seconds.
Begin MonoManager ReloadAssembly
Native extension for WindowsStandalone target not found
Refreshing native plugins compatible for Editor in 0.56 ms, found 0 plugins.
Preloading 0 native plugins for Editor in 0.00 ms.
Invoked RoslynAnalysisRunner static constructor.
RoslynAnalysisRunner will not be running.
RoslynAnalysisRunner has terminated.
Mono: successfully reloaded assembly
- Completed reload, in  4.579 seconds
Platform modules already initialized, skipping
Refreshing native plugins compatible for Editor in 0.55 ms, found 0 plugins.
Preloading 0 native plugins for Editor in 0.00 ms.
Unloading 1102 Unused Serialized files (Serialized files now loaded: 0)
System memory in use before: 85.5 MB.
System memory in use after: 85.6 MB.

Unloading 5 unused Assets to reduce memory usage. Loaded Objects now: 1642.
Total: 14.597735 ms (FindLiveObjects: 0.499645 ms CreateObjectMapping: 0.374978 ms MarkObjects: 13.557868 ms  DeleteObjects: 0.154978 ms)

========================================================================
Received Prepare
Registering precompiled user dll's ...
Registered in 0.001161 seconds.
Begin MonoManager ReloadAssembly
Native extension for WindowsStandalone target not found
Refreshing native plugins compatible for Editor in 0.55 ms, found 0 plugins.
Preloading 0 native plugins for Editor in 0.00 ms.
Invoked RoslynAnalysisRunner static constructor.
RoslynAnalysisRunner will not be running.
RoslynAnalysisRunner has terminated.
Mono: successfully reloaded assembly
- Completed reload, in  4.270 seconds
Platform modules already initialized, skipping
Refreshing native plugins compatible for Editor in 0.55 ms, found 0 plugins.
Preloading 0 native plugins for Editor in 0.00 ms.
Unloading 1102 Unused Serialized files (Serialized files now loaded: 0)
System memory in use before: 85.3 MB.
System memory in use after: 85.4 MB.

Unloading 5 unused Assets to reduce memory usage. Loaded Objects now: 1644.
Total: 119.674637 ms (FindLiveObjects: 0.478622 ms CreateObjectMapping: 0.143244 ms MarkObjects: 118.857215 ms  DeleteObjects: 0.185778 ms)

========================================================================
Received Prepare
Registering precompiled user dll's ...
Registered in 0.001256 seconds.
Begin MonoManager ReloadAssembly
Native extension for WindowsStandalone target not found
Refreshing native plugins compatible for Editor in 0.52 ms, found 0 plugins.
Preloading 0 native plugins for Editor in 0.00 ms.
Invoked RoslynAnalysisRunner static constructor.
RoslynAnalysisRunner will not be running.
RoslynAnalysisRunner has terminated.
Mono: successfully reloaded assembly
- Completed reload, in  3.175 seconds
Platform modules already initialized, skipping
Refreshing native plugins compatible for Editor in 0.52 ms, found 0 plugins.
Preloading 0 native plugins for Editor in 0.00 ms.
Unloading 1102 Unused Serialized files (Serialized files now loaded: 0)
System memory in use before: 85.5 MB.
System memory in use after: 85.6 MB.

Unloading 5 unused Assets to reduce memory usage. Loaded Objects now: 1646.
Total: 5.256045 ms (FindLiveObjects: 0.510400 ms CreateObjectMapping: 0.148133 ms MarkObjects: 4.412223 ms  DeleteObjects: 0.175022 ms)

========================================================================
Received Prepare
Registering precompiled user dll's ...
Registered in 0.001419 seconds.
Begin MonoManager ReloadAssembly
Native extension for WindowsStandalone target not found
Refreshing native plugins compatible for Editor in 0.82 ms, found 0 plugins.
Preloading 0 native plugins for Editor in 0.00 ms.
Invoked RoslynAnalysisRunner static constructor.
RoslynAnalysisRunner will not be running.
RoslynAnalysisRunner has terminated.
Mono: successfully reloaded assembly
- Completed reload, in  3.853 seconds
Platform modules already initialized, skipping
Refreshing native plugins compatible for Editor in 0.90 ms, found 0 plugins.
Preloading 0 native plugins for Editor in 0.00 ms.
Unloading 1102 Unused Serialized files (Serialized files now loaded: 0)
System memory in use before: 85.5 MB.
System memory in use after: 85.6 MB.

Unloading 5 unused Assets to reduce memory usage. Loaded Objects now: 1648.
Total: 5.292712 ms (FindLiveObjects: 0.475689 ms CreateObjectMapping: 0.134933 ms MarkObjects: 4.489467 ms  DeleteObjects: 0.182356 ms)

========================================================================
Received Prepare
Registering precompiled user dll's ...
Registered in 0.001273 seconds.
Begin MonoManager ReloadAssembly
Native extension for WindowsStandalone target not found
Refreshing native plugins compatible for Editor in 0.75 ms, found 0 plugins.
Preloading 0 native plugins for Editor in 0.00 ms.
Invoked RoslynAnalysisRunner static constructor.
RoslynAnalysisRunner will not be running.
RoslynAnalysisRunner has terminated.
Mono: successfully reloaded assembly
- Completed reload, in  3.414 seconds
Platform modules already initialized, skipping
Refreshing native plugins compatible for Editor in 0.52 ms, found 0 plugins.
Preloading 0 native plugins for Editor in 0.00 ms.
Unloading 1102 Unused Serialized files (Serialized files now loaded: 0)
System memory in use before: 85.5 MB.
System memory in use after: 85.6 MB.

Unloading 5 unused Assets to reduce memory usage. Loaded Objects now: 1650.
Total: 75.152987 ms (FindLiveObjects: 0.474222 ms CreateObjectMapping: 0.139822 ms MarkObjects: 74.360987 ms  DeleteObjects: 0.168667 ms)

========================================================================
Received Prepare
Registering precompiled user dll's ...
Registered in 0.001326 seconds.
Begin MonoManager ReloadAssembly
Native extension for WindowsStandalone target not found
Refreshing native plugins compatible for Editor in 0.58 ms, found 0 plugins.
Preloading 0 native plugins for Editor in 0.00 ms.
Invoked RoslynAnalysisRunner static constructor.
RoslynAnalysisRunner will not be running.
RoslynAnalysisRunner has terminated.
Mono: successfully reloaded assembly
- Completed reload, in  3.310 seconds
Platform modules already initialized, skipping
Refreshing native plugins compatible for Editor in 0.54 ms, found 0 plugins.
Preloading 0 native plugins for Editor in 0.00 ms.
Unloading 1102 Unused Serialized files (Serialized files now loaded: 0)
System memory in use before: 85.6 MB.
System memory in use after: 85.7 MB.

Unloading 5 unused Assets to reduce memory usage. Loaded Objects now: 1652.
Total: 5.195912 ms (FindLiveObjects: 0.482045 ms CreateObjectMapping: 0.137867 ms MarkObjects: 4.402934 ms  DeleteObjects: 0.162800 ms)

========================================================================
Received Prepare
Registering precompiled user dll's ...
Registered in 0.002911 seconds.
Begin MonoManager ReloadAssembly
Native extension for WindowsStandalone target not found
Refreshing native plugins compatible for Editor in 0.60 ms, found 0 plugins.
Preloading 0 native plugins for Editor in 0.00 ms.
Invoked RoslynAnalysisRunner static constructor.
RoslynAnalysisRunner will not be running.
RoslynAnalysisRunner has terminated.
Mono: successfully reloaded assembly
- Completed reload, in  6.093 seconds
Platform modules already initialized, skipping
Refreshing native plugins compatible for Editor in 0.53 ms, found 0 plugins.
Preloading 0 native plugins for Editor in 0.00 ms.
Unloading 1102 Unused Serialized files (Serialized files now loaded: 0)
System memory in use before: 85.3 MB.
System memory in use after: 85.4 MB.

Unloading 5 unused Assets to reduce memory usage. Loaded Objects now: 1654.
Total: 6.937823 ms (FindLiveObjects: 1.616756 ms CreateObjectMapping: 0.361289 ms MarkObjects: 4.792578 ms  DeleteObjects: 0.156933 ms)

========================================================================
Received Prepare
Registering precompiled user dll's ...
Registered in 0.001173 seconds.
Begin MonoManager ReloadAssembly
Native extension for WindowsStandalone target not found
Refreshing native plugins compatible for Editor in 0.80 ms, found 0 plugins.
Preloading 0 native plugins for Editor in 0.00 ms.
Invoked RoslynAnalysisRunner static constructor.
RoslynAnalysisRunner will not be running.
RoslynAnalysisRunner has terminated.
Mono: successfully reloaded assembly
- Completed reload, in  3.905 seconds
Platform modules already initialized, skipping
Refreshing native plugins compatible for Editor in 0.53 ms, found 0 plugins.
Preloading 0 native plugins for Editor in 0.00 ms.
Unloading 1102 Unused Serialized files (Serialized files now loaded: 0)
System memory in use before: 85.6 MB.
System memory in use after: 85.7 MB.

Unloading 5 unused Assets to reduce memory usage. Loaded Objects now: 1656.
Total: 66.929875 ms (FindLiveObjects: 0.481556 ms CreateObjectMapping: 0.623822 ms MarkObjects: 65.626986 ms  DeleteObjects: 0.186267 ms)

========================================================================
Received Prepare
Registering precompiled user dll's ...
Registered in 0.001303 seconds.
Begin MonoManager ReloadAssembly
Native extension for WindowsStandalone target not found
Refreshing native plugins compatible for Editor in 0.55 ms, found 0 plugins.
Preloading 0 native plugins for Editor in 0.00 ms.
Invoked RoslynAnalysisRunner static constructor.
RoslynAnalysisRunner will not be running.
RoslynAnalysisRunner has terminated.
Mono: successfully reloaded assembly
- Completed reload, in  5.472 seconds
Platform modules already initialized, skipping
Refreshing native plugins compatible for Editor in 0.52 ms, found 0 plugins.
Preloading 0 native plugins for Editor in 0.00 ms.
Unloading 1102 Unused Serialized files (Serialized files now loaded: 0)
System memory in use before: 85.5 MB.
System memory in use after: 85.6 MB.

Unloading 5 unused Assets to reduce memory usage. Loaded Objects now: 1658.
Total: 6.291023 ms (FindLiveObjects: 0.487422 ms CreateObjectMapping: 0.145200 ms MarkObjects: 5.475067 ms  DeleteObjects: 0.172578 ms)

========================================================================
Received Prepare
Registering precompiled user dll's ...
Registered in 0.001136 seconds.
Begin MonoManager ReloadAssembly
Native extension for WindowsStandalone target not found
Refreshing native plugins compatible for Editor in 1.90 ms, found 0 plugins.
Preloading 0 native plugins for Editor in 0.00 ms.
Invoked RoslynAnalysisRunner static constructor.
RoslynAnalysisRunner will not be running.
RoslynAnalysisRunner has terminated.
Mono: successfully reloaded assembly
- Completed reload, in  8.256 seconds
Platform modules already initialized, skipping
Refreshing native plugins compatible for Editor in 1.14 ms, found 0 plugins.
Preloading 0 native plugins for Editor in 0.00 ms.
Unloading 1102 Unused Serialized files (Serialized files now loaded: 0)
System memory in use before: 85.6 MB.
System memory in use after: 85.7 MB.

Unloading 5 unused Assets to reduce memory usage. Loaded Objects now: 1660.
Total: 14.640757 ms (FindLiveObjects: 1.258400 ms CreateObjectMapping: 0.203378 ms MarkObjects: 12.760002 ms  DeleteObjects: 0.407733 ms)

========================================================================
Received Prepare
Registering precompiled user dll's ...
Registered in 0.001206 seconds.
Begin MonoManager ReloadAssembly
Native extension for WindowsStandalone target not found
Refreshing native plugins compatible for Editor in 0.77 ms, found 0 plugins.
Preloading 0 native plugins for Editor in 0.00 ms.
Invoked RoslynAnalysisRunner static constructor.
RoslynAnalysisRunner will not be running.
RoslynAnalysisRunner has terminated.
Mono: successfully reloaded assembly
- Completed reload, in  6.706 seconds
Platform modules already initialized, skipping
Refreshing native plugins compatible for Editor in 1.12 ms, found 0 plugins.
Preloading 0 native plugins for Editor in 0.00 ms.
Unloading 1102 Unused Serialized files (Serialized files now loaded: 0)
System memory in use before: 85.6 MB.
System memory in use after: 85.7 MB.

Unloading 5 unused Assets to reduce memory usage. Loaded Objects now: 1662.
Total: 18.134847 ms (FindLiveObjects: 0.566622 ms CreateObjectMapping: 0.168667 ms MarkObjects: 17.119913 ms  DeleteObjects: 0.268400 ms)

========================================================================
Received Prepare
Registering precompiled user dll's ...
Registered in 0.001198 seconds.
Begin MonoManager ReloadAssembly
Native extension for WindowsStandalone target not found
Refreshing native plugins compatible for Editor in 0.55 ms, found 0 plugins.
Preloading 0 native plugins for Editor in 0.00 ms.
Invoked RoslynAnalysisRunner static constructor.
RoslynAnalysisRunner will not be running.
RoslynAnalysisRunner has terminated.
Mono: successfully reloaded assembly
- Completed reload, in  6.304 seconds
Platform modules already initialized, skipping
Refreshing native plugins compatible for Editor in 0.67 ms, found 0 plugins.
Preloading 0 native plugins for Editor in 0.00 ms.
Unloading 1102 Unused Serialized files (Serialized files now loaded: 0)
System memory in use before: 85.3 MB.
System memory in use after: 85.4 MB.

Unloading 5 unused Assets to reduce memory usage. Loaded Objects now: 1664.
Total: 4.957334 ms (FindLiveObjects: 0.538756 ms CreateObjectMapping: 0.148133 ms MarkObjects: 4.048978 ms  DeleteObjects: 0.210711 ms)

========================================================================
Received Prepare
Registering precompiled user dll's ...
Registered in 0.001144 seconds.
Begin MonoManager ReloadAssembly
Native extension for WindowsStandalone target not found
Refreshing native plugins compatible for Editor in 0.54 ms, found 0 plugins.
Preloading 0 native plugins for Editor in 0.00 ms.
Invoked RoslynAnalysisRunner static constructor.
RoslynAnalysisRunner will not be running.
RoslynAnalysisRunner has terminated.
Mono: successfully reloaded assembly
- Completed reload, in  5.099 seconds
Platform modules already initialized, skipping
Refreshing native plugins compatible for Editor in 0.53 ms, found 0 plugins.
Preloading 0 native plugins for Editor in 0.00 ms.
Unloading 1102 Unused Serialized files (Serialized files now loaded: 0)
System memory in use before: 85.6 MB.
System memory in use after: 85.7 MB.

Unloading 5 unused Assets to reduce memory usage. Loaded Objects now: 1666.
Total: 5.537156 ms (FindLiveObjects: 0.491822 ms CreateObjectMapping: 0.146178 ms MarkObjects: 4.725601 ms  DeleteObjects: 0.162800 ms)

========================================================================
Received Prepare
Registering precompiled user dll's ...
Registered in 0.002628 seconds.
Begin MonoManager ReloadAssembly
Native extension for WindowsStandalone target not found
Refreshing native plugins compatible for Editor in 0.71 ms, found 0 plugins.
Preloading 0 native plugins for Editor in 0.00 ms.
Invoked RoslynAnalysisRunner static constructor.
RoslynAnalysisRunner will not be running.
RoslynAnalysisRunner has terminated.
Mono: successfully reloaded assembly
- Completed reload, in  2.926 seconds
Platform modules already initialized, skipping
Refreshing native plugins compatible for Editor in 0.60 ms, found 0 plugins.
Preloading 0 native plugins for Editor in 0.00 ms.
Unloading 1102 Unused Serialized files (Serialized files now loaded: 0)
System memory in use before: 85.5 MB.
System memory in use after: 85.6 MB.

Unloading 5 unused Assets to reduce memory usage. Loaded Objects now: 1668.
Total: 5.973734 ms (FindLiveObjects: 0.528978 ms CreateObjectMapping: 0.132489 ms MarkObjects: 5.140667 ms  DeleteObjects: 0.161822 ms)

========================================================================
Received Prepare
Registering precompiled user dll's ...
Registered in 0.001082 seconds.
Begin MonoManager ReloadAssembly
Native extension for WindowsStandalone target not found
Refreshing native plugins compatible for Editor in 0.64 ms, found 0 plugins.
Preloading 0 native plugins for Editor in 0.00 ms.
Invoked RoslynAnalysisRunner static constructor.
RoslynAnalysisRunner will not be running.
RoslynAnalysisRunner has terminated.
Mono: successfully reloaded assembly
- Completed reload, in  4.427 seconds
Platform modules already initialized, skipping
Refreshing native plugins compatible for Editor in 0.54 ms, found 0 plugins.
Preloading 0 native plugins for Editor in 0.00 ms.
Unloading 1102 Unused Serialized files (Serialized files now loaded: 0)
System memory in use before: 85.6 MB.
System memory in use after: 85.7 MB.

Unloading 5 unused Assets to reduce memory usage. Loaded Objects now: 1670.
Total: 44.534361 ms (FindLiveObjects: 0.606711 ms CreateObjectMapping: 0.143244 ms MarkObjects: 43.582006 ms  DeleteObjects: 0.191644 ms)

========================================================================
Received Prepare
Registering precompiled user dll's ...
Registered in 0.001404 seconds.
Begin MonoManager ReloadAssembly
Native extension for WindowsStandalone target not found
Refreshing native plugins compatible for Editor in 0.54 ms, found 0 plugins.
Preloading 0 native plugins for Editor in 0.00 ms.
Invoked RoslynAnalysisRunner static constructor.
RoslynAnalysisRunner will not be running.
RoslynAnalysisRunner has terminated.
Mono: successfully reloaded assembly
- Completed reload, in  7.485 seconds
Platform modules already initialized, skipping
Refreshing native plugins compatible for Editor in 0.73 ms, found 0 plugins.
Preloading 0 native plugins for Editor in 0.00 ms.
Unloading 1102 Unused Serialized files (Serialized files now loaded: 0)
System memory in use before: 85.6 MB.
System memory in use after: 85.7 MB.

Unloading 5 unused Assets to reduce memory usage. Loaded Objects now: 1672.
Total: 2190.490411 ms (FindLiveObjects: 0.575422 ms CreateObjectMapping: 0.149600 ms MarkObjects: 2189.586456 ms  DeleteObjects: 0.168667 ms)

========================================================================
Received Prepare
Registering precompiled user dll's ...
Registered in 0.001177 seconds.
Begin MonoManager ReloadAssembly
Native extension for WindowsStandalone target not found
Refreshing native plugins compatible for Editor in 0.53 ms, found 0 plugins.
Preloading 0 native plugins for Editor in 0.00 ms.
Invoked RoslynAnalysisRunner static constructor.
RoslynAnalysisRunner will not be running.
RoslynAnalysisRunner has terminated.
Mono: successfully reloaded assembly
- Completed reload, in  4.723 seconds
Platform modules already initialized, skipping
Refreshing native plugins compatible for Editor in 0.83 ms, found 0 plugins.
Preloading 0 native plugins for Editor in 0.00 ms.
Unloading 1102 Unused Serialized files (Serialized files now loaded: 0)
System memory in use before: 85.2 MB.
System memory in use after: 85.3 MB.

Unloading 5 unused Assets to reduce memory usage. Loaded Objects now: 1674.
Total: 5.747379 ms (FindLiveObjects: 0.514800 ms CreateObjectMapping: 0.153022 ms MarkObjects: 4.809689 ms  DeleteObjects: 0.259600 ms)

========================================================================
Received Prepare
Registering precompiled user dll's ...
Registered in 0.001171 seconds.
Begin MonoManager ReloadAssembly
Native extension for WindowsStandalone target not found
Refreshing native plugins compatible for Editor in 0.55 ms, found 0 plugins.
Preloading 0 native plugins for Editor in 0.00 ms.
Invoked RoslynAnalysisRunner static constructor.
RoslynAnalysisRunner will not be running.
RoslynAnalysisRunner has terminated.
Mono: successfully reloaded assembly
- Completed reload, in  3.324 seconds
Platform modules already initialized, skipping
Refreshing native plugins compatible for Editor in 0.66 ms, found 0 plugins.
Preloading 0 native plugins for Editor in 0.00 ms.
Unloading 1102 Unused Serialized files (Serialized files now loaded: 0)
System memory in use before: 85.6 MB.
System memory in use after: 85.7 MB.

Unloading 5 unused Assets to reduce memory usage. Loaded Objects now: 1676.
Total: 385.489916 ms (FindLiveObjects: 0.480578 ms CreateObjectMapping: 0.136400 ms MarkObjects: 384.700849 ms  DeleteObjects: 0.162311 ms)

========================================================================
Received Prepare
Registering precompiled user dll's ...
Registered in 0.001361 seconds.
Begin MonoManager ReloadAssembly
Native extension for WindowsStandalone target not found
Refreshing native plugins compatible for Editor in 0.67 ms, found 0 plugins.
Preloading 0 native plugins for Editor in 0.00 ms.
Invoked RoslynAnalysisRunner static constructor.
RoslynAnalysisRunner will not be running.
RoslynAnalysisRunner has terminated.
Mono: successfully reloaded assembly
- Completed reload, in  5.378 seconds
Platform modules already initialized, skipping
Refreshing native plugins compatible for Editor in 0.55 ms, found 0 plugins.
Preloading 0 native plugins for Editor in 0.00 ms.
Unloading 1102 Unused Serialized files (Serialized files now loaded: 0)
System memory in use before: 85.4 MB.
System memory in use after: 85.5 MB.

Unloading 5 unused Assets to reduce memory usage. Loaded Objects now: 1678.
Total: 14.975646 ms (FindLiveObjects: 0.485467 ms CreateObjectMapping: 0.144222 ms MarkObjects: 14.174357 ms  DeleteObjects: 0.160356 ms)

========================================================================
Received Prepare
Registering precompiled user dll's ...
Registered in 0.001469 seconds.
Begin MonoManager ReloadAssembly
Native extension for WindowsStandalone target not found
Refreshing native plugins compatible for Editor in 0.77 ms, found 0 plugins.
Preloading 0 native plugins for Editor in 0.00 ms.
Invoked RoslynAnalysisRunner static constructor.
RoslynAnalysisRunner will not be running.
RoslynAnalysisRunner has terminated.
Mono: successfully reloaded assembly
- Completed reload, in  5.653 seconds
Platform modules already initialized, skipping
Refreshing native plugins compatible for Editor in 1.02 ms, found 0 plugins.
Preloading 0 native plugins for Editor in 0.00 ms.
Unloading 1102 Unused Serialized files (Serialized files now loaded: 0)
System memory in use before: 85.7 MB.
System memory in use after: 85.7 MB.

Unloading 5 unused Assets to reduce memory usage. Loaded Objects now: 1680.
Total: 11.369113 ms (FindLiveObjects: 6.031912 ms CreateObjectMapping: 0.185289 ms MarkObjects: 4.976890 ms  DeleteObjects: 0.165244 ms)

========================================================================
Received Prepare
Registering precompiled user dll's ...
Registered in 0.001295 seconds.
Begin MonoManager ReloadAssembly
Native extension for WindowsStandalone target not found
Refreshing native plugins compatible for Editor in 1.46 ms, found 0 plugins.
Preloading 0 native plugins for Editor in 0.00 ms.
Invoked RoslynAnalysisRunner static constructor.
RoslynAnalysisRunner will not be running.
RoslynAnalysisRunner has terminated.
Mono: successfully reloaded assembly
- Completed reload, in  4.474 seconds
Platform modules already initialized, skipping
Refreshing native plugins compatible for Editor in 0.56 ms, found 0 plugins.
Preloading 0 native plugins for Editor in 0.00 ms.
Unloading 1102 Unused Serialized files (Serialized files now loaded: 0)
System memory in use before: 85.6 MB.
System memory in use after: 85.7 MB.

Unloading 5 unused Assets to reduce memory usage. Loaded Objects now: 1682.
Total: 90.781789 ms (FindLiveObjects: 0.487911 ms CreateObjectMapping: 0.144711 ms MarkObjects: 89.981478 ms  DeleteObjects: 0.158889 ms)

========================================================================
Received Prepare
Registering precompiled user dll's ...
Registered in 0.001090 seconds.
Begin MonoManager ReloadAssembly
Native extension for WindowsStandalone target not found
Refreshing native plugins compatible for Editor in 0.56 ms, found 0 plugins.
Preloading 0 native plugins for Editor in 0.00 ms.
Invoked RoslynAnalysisRunner static constructor.
RoslynAnalysisRunner will not be running.
RoslynAnalysisRunner has terminated.
Mono: successfully reloaded assembly
- Completed reload, in  3.596 seconds
Platform modules already initialized, skipping
Refreshing native plugins compatible for Editor in 0.56 ms, found 0 plugins.
Preloading 0 native plugins for Editor in 0.00 ms.
Unloading 1102 Unused Serialized files (Serialized files now loaded: 0)
System memory in use before: 85.7 MB.
System memory in use after: 85.7 MB.

Unloading 5 unused Assets to reduce memory usage. Loaded Objects now: 1684.
Total: 6.679201 ms (FindLiveObjects: 0.545600 ms CreateObjectMapping: 0.167689 ms MarkObjects: 5.796267 ms  DeleteObjects: 0.159378 ms)

========================================================================
Received Prepare
Registering precompiled user dll's ...
Registered in 0.001457 seconds.
Begin MonoManager ReloadAssembly
Native extension for WindowsStandalone target not found
Refreshing native plugins compatible for Editor in 0.53 ms, found 0 plugins.
Preloading 0 native plugins for Editor in 0.00 ms.
Invoked RoslynAnalysisRunner static constructor.
RoslynAnalysisRunner will not be running.
RoslynAnalysisRunner has terminated.
Mono: successfully reloaded assembly
- Completed reload, in  2.803 seconds
Platform modules already initialized, skipping
Refreshing native plugins compatible for Editor in 0.68 ms, found 0 plugins.
Preloading 0 native plugins for Editor in 0.00 ms.
Unloading 1102 Unused Serialized files (Serialized files now loaded: 0)
System memory in use before: 85.7 MB.
System memory in use after: 85.7 MB.

Unloading 5 unused Assets to reduce memory usage. Loaded Objects now: 1686.
Total: 8.025112 ms (FindLiveObjects: 2.422934 ms CreateObjectMapping: 0.200933 ms MarkObjects: 5.222312 ms  DeleteObjects: 0.169156 ms)

