Using pre-set license
Built from '2020.2/release' branch; Version is '2020.2.1f1 (270dd8c3da1c) revision 2559448'; Using compiler version '192528614'; Build Type 'Release'
OS: 'Windows 7  (6.1.0) 64bit' Language: 'ru' Physical Memory: 6143 MB
BatchMode: 1, IsHumanControllingUs: 0, StartBugReporterOnCrash: 0, Is64bit: 1, IsPro: 0

 COMMAND LINE ARGUMENTS:
D:\unity\2020.2.1f1\Editor\Unity.exe
-adb2
-batchMode
-noUpm
-name
AssetImportWorker0
-projectPath
D:/Unity/a/games/Game1/New3DProject
-logFile
Logs/AssetImportWorker0.log
-srvPort
1046
Successfully changed project path to: D:/Unity/a/games/Game1/New3DProject
D:/Unity/a/games/Game1/New3DProject
Using Asset Import Pipeline V2.
Refreshing native plugins compatible for Editor in 66.76 ms, found 0 plugins.
Preloading 0 native plugins for Editor in 0.00 ms.
Initialize engine version: 2020.2.1f1 (270dd8c3da1c)
[Subsystems] Discovering subsystems at path D:/unity/2020.2.1f1/Editor/Data/Resources/UnitySubsystems
[Subsystems] Discovering subsystems at path D:/Unity/a/games/Game1/New3DProject/Assets
GfxDevice: creating device client; threaded=0
d3d11: CreateDXGIFactory2(...) not found, fallbacking to CreateDXGIFactory1(...).
d3d11: QueryInterface(IDXGIFactory5) failed (80004002).
Direct3D:
    Version:  Direct3D 11.0 [level 11.0]
    Renderer: NVIDIA GeForce GTX 550 Ti (ID=0x1244)
    Vendor:   
    VRAM:     969 MB
    Driver:   23.21.13.9135
Initialize mono
Mono path[0] = 'D:/unity/2020.2.1f1/Editor/Data/Managed'
Mono path[1] = 'D:/unity/2020.2.1f1/Editor/Data/MonoBleedingEdge/lib/mono/unityjit'
Mono config path = 'D:/unity/2020.2.1f1/Editor/Data/MonoBleedingEdge/etc'
Using monoOptions --debugger-agent=transport=dt_socket,embedding=1,server=y,suspend=n,address=127.0.0.1:56300
Begin MonoManager ReloadAssembly
Registering precompiled unity dll's ...
Register platform support module: D:/unity/2020.2.1f1/Editor/Data/PlaybackEngines/WindowsStandaloneSupport/UnityEditor.WindowsStandalone.Extensions.dll
Registered in 0.001983 seconds.
Native extension for WindowsStandalone target not found
Refreshing native plugins compatible for Editor in 68.53 ms, found 0 plugins.
Preloading 0 native plugins for Editor in 0.00 ms.
Invoked RoslynAnalysisRunner static constructor.
RoslynAnalysisRunner will not be running.
RoslynAnalysisRunner has terminated.
Mono: successfully reloaded assembly
- Completed reload, in  4.717 seconds
Platform modules already initialized, skipping
Registering precompiled user dll's ...
Registered in 0.001181 seconds.
Begin MonoManager ReloadAssembly
Native extension for WindowsStandalone target not found
Refreshing native plugins compatible for Editor in 0.53 ms, found 0 plugins.
Preloading 0 native plugins for Editor in 0.00 ms.
Invoked RoslynAnalysisRunner static constructor.
RoslynAnalysisRunner will not be running.
RoslynAnalysisRunner has terminated.
Mono: successfully reloaded assembly
- Completed reload, in  3.026 seconds
Platform modules already initialized, skipping
========================================================================
Worker process is ready to serve import requests
Launched and connected shader compiler UnityShaderCompiler.exe after 0.04 seconds
Refreshing native plugins compatible for Editor in 0.50 ms, found 0 plugins.
Preloading 0 native plugins for Editor in 0.00 ms.
Unloading 1104 Unused Serialized files (Serialized files now loaded: 0)
System memory in use before: 69.3 MB.
System memory in use after: 69.4 MB.

Unloading 10 unused Assets to reduce memory usage. Loaded Objects now: 1564.
Total: 5.617823 ms (FindLiveObjects: 0.467867 ms CreateObjectMapping: 0.158400 ms MarkObjects: 4.733912 ms  DeleteObjects: 0.247867 ms)

========================================================================
Received Import Request.
  path: Assets/Animations/Human/Armature.controller
  artifactKey: Guid(3fe8bb66de4a5cc46805b5c96de09d93) Importer(815301076,1909f56bfc062723c751e8b465ee728b)
Start importing Assets/Animations/Human/Armature.controller using Guid(3fe8bb66de4a5cc46805b5c96de09d93) Importer(815301076,1909f56bfc062723c751e8b465ee728b)  -> (artifact id: 'f7b8ef341c2bcb923b94c41e9fbaa5d9') in 0.303010 seconds
  Import took 0.344933 seconds .

========================================================================
Received Import Request.
  Time since last request: 30.132717 seconds.
  path: Assets/Animations/Human/arms.mask
  artifactKey: Guid(4fd18a13dee46a749a8698040df75684) Importer(815301076,1909f56bfc062723c751e8b465ee728b)
Start importing Assets/Animations/Human/arms.mask using Guid(4fd18a13dee46a749a8698040df75684) Importer(815301076,1909f56bfc062723c751e8b465ee728b)  -> (artifact id: '1d789a00021ead12c89a391373ec7ae8') in 0.012636 seconds
  Import took 0.017307 seconds .

========================================================================
Received Import Request.
  Time since last request: 0.003349 seconds.
  path: Assets/Animations/Human/arms.mask
  artifactKey: Guid(4fd18a13dee46a749a8698040df75684) Importer(815301076,1909f56bfc062723c751e8b465ee728b)
Start importing Assets/Animations/Human/arms.mask using Guid(4fd18a13dee46a749a8698040df75684) Importer(815301076,1909f56bfc062723c751e8b465ee728b)  -> (artifact id: '1d789a00021ead12c89a391373ec7ae8') in 0.004692 seconds
  Import took 0.008889 seconds .

========================================================================
Received Prepare
Registering precompiled user dll's ...
Registered in 0.001039 seconds.
Begin MonoManager ReloadAssembly
Native extension for WindowsStandalone target not found
Refreshing native plugins compatible for Editor in 0.54 ms, found 0 plugins.
Preloading 0 native plugins for Editor in 0.00 ms.
Invoked RoslynAnalysisRunner static constructor.
RoslynAnalysisRunner will not be running.
RoslynAnalysisRunner has terminated.
Mono: successfully reloaded assembly
- Completed reload, in  2.191 seconds
Platform modules already initialized, skipping
Refreshing native plugins compatible for Editor in 0.51 ms, found 0 plugins.
Preloading 0 native plugins for Editor in 0.00 ms.
Unloading 1099 Unused Serialized files (Serialized files now loaded: 0)
System memory in use before: 69.7 MB.
System memory in use after: 69.8 MB.

Unloading 5 unused Assets to reduce memory usage. Loaded Objects now: 1566.
Total: 5.363601 ms (FindLiveObjects: 0.510400 ms CreateObjectMapping: 0.151556 ms MarkObjects: 4.546178 ms  DeleteObjects: 0.146178 ms)

